

================================================================
== Vivado HLS Report for 'digitrec_update_knn'
================================================================
* Date:           Fri Jun 18 23:30:34 2021

* Version:        2016.2 (Build 1577090 on Thu Jun 02 16:59:10 MDT 2016)
* Project:        5-nn.prj
* Solution:       solution1
* Product family: zynq
* Target device:  xc7z020clg484-1


================================================================
== Performance Estimates
================================================================
+ Timing (ns): 
    * Summary: 
    +--------+-------+----------+------------+
    |  Clock | Target| Estimated| Uncertainty|
    +--------+-------+----------+------------+
    |ap_clk  |  10.00|     17.21|        1.25|
    +--------+-------+----------+------------+

+ Latency (clock cycles): 
    * Summary: 
    +-----+-----+-----+-----+----------+
    |  Latency  |  Interval | Pipeline |
    | min | max | min | max |   Type   |
    +-----+-----+-----+-----+----------+
    |    1|    1|    1|    1| function |
    +-----+-----+-----+-----+----------+

    + Detail: 
        * Instance: 
        N/A

        * Loop: 
        N/A

============================================================
+ Verbose Summary: Synthesis Manager
============================================================
InlineROM: 1
ExposeGlobal: 0
============================================================
+ Verbose Summary: CDFG Model
============================================================
IsTopModel: 0
ResetActiveHigh: 1
IsCombinational: 0
IsDatapathOnly: 0
HasWiredReturn: 1
HasMFsm: 2
HasVarLatency: 0
IsPipeline: 1
IsRtlPipelined: 1
IsInstanceOverlapped: 0
IsDontTouch: 0
HasImplIP: 0
IsGatedGlobalClock: 0

+ Individual pipeline summary: 
  * Pipeline-0: initiation interval (II) = 1, depth = 2


============================================================
+ Verbose Summary: Schedule
============================================================
* Number of FSM states: 2
* Pipeline: 1
  Pipeline-0: II = 1, D = 2, States = { 1 2 }
* Dataflow Pipeline: 0

* FSM state transitions: 
1 --> 
	2  / true
2 --> 
* FSM state operations: 

 <State 1>: 17.21ns
ST_1: train_inst_V_read [1/1] 1.48ns
branch6:0  %train_inst_V_read = call i48 @_ssdm_op_Read.ap_auto.i48(i48 %train_inst_V)

ST_1: test_inst_V_read [1/1] 1.48ns
branch6:1  %test_inst_V_read = call i49 @_ssdm_op_Read.ap_auto.i49(i49 %test_inst_V)

ST_1: train_inst_V_cast [1/1] 0.00ns
branch6:2  %train_inst_V_cast = zext i48 %train_inst_V_read to i49

ST_1: r_V [1/1] 1.37ns
branch6:4  %r_V = xor i49 %train_inst_V_cast, %test_inst_V_read

ST_1: distance_V [1/1] 5.87ns
branch6:5  %distance_V = call fastcc i6 @digitrec_bitcount(i49 %r_V)

ST_1: min_distances_0_V_read [1/1] 1.48ns
branch6:6  %min_distances_0_V_read = call i6 @_ssdm_op_Read.ap_auto.i6P(i6* %min_distances_0_V)

ST_1: min_distances_1_V_read [1/1] 1.48ns
branch6:7  %min_distances_1_V_read = call i6 @_ssdm_op_Read.ap_auto.i6P(i6* %min_distances_1_V)

ST_1: tmp_3_1 [1/1] 1.94ns
branch6:8  %tmp_3_1 = icmp ugt i6 %min_distances_1_V_read, %min_distances_0_V_read

ST_1: p_030_1_1 [1/1] 1.37ns
branch6:9  %p_030_1_1 = select i1 %tmp_3_1, i6 %min_distances_1_V_read, i6 %min_distances_0_V_read

ST_1: p_026_1_1_cast [1/1] 0.00ns (grouped into LUT with out node p_026_1_4)
branch6:10  %p_026_1_1_cast = zext i1 %tmp_3_1 to i2

ST_1: min_distances_2_V_read [1/1] 1.48ns
branch6:11  %min_distances_2_V_read = call i6 @_ssdm_op_Read.ap_auto.i6P(i6* %min_distances_2_V)

ST_1: tmp_3_2 [1/1] 1.94ns
branch6:12  %tmp_3_2 = icmp ugt i6 %min_distances_2_V_read, %p_030_1_1

ST_1: p_030_1_2 [1/1] 1.37ns
branch6:13  %p_030_1_2 = select i1 %tmp_3_2, i6 %min_distances_2_V_read, i6 %p_030_1_1

ST_1: p_026_1_2 [1/1] 0.00ns (grouped into LUT with out node p_026_1_4)
branch6:14  %p_026_1_2 = select i1 %tmp_3_2, i2 -2, i2 %p_026_1_1_cast

ST_1: p_026_1_2_cast [1/1] 0.00ns (grouped into LUT with out node p_026_1_4)
branch6:15  %p_026_1_2_cast = zext i2 %p_026_1_2 to i3

ST_1: min_distances_3_V_read [1/1] 1.48ns
branch6:16  %min_distances_3_V_read = call i6 @_ssdm_op_Read.ap_auto.i6P(i6* %min_distances_3_V)

ST_1: tmp_3_3 [1/1] 1.94ns
branch6:17  %tmp_3_3 = icmp ugt i6 %min_distances_3_V_read, %p_030_1_2

ST_1: p_030_1_3 [1/1] 0.00ns (grouped into LUT with out node tmp_3_4)
branch6:18  %p_030_1_3 = select i1 %tmp_3_3, i6 %min_distances_3_V_read, i6 %p_030_1_2

ST_1: min_distances_4_V_read [1/1] 1.48ns
branch6:19  %min_distances_4_V_read = call i6 @_ssdm_op_Read.ap_auto.i6P(i6* %min_distances_4_V)

ST_1: tmp_3_4 [1/1] 1.94ns (out node of the LUT)
branch6:20  %tmp_3_4 = icmp ugt i6 %min_distances_4_V_read, %p_030_1_3

ST_1: p_026_1_3 [1/1] 0.00ns (grouped into LUT with out node p_026_1_4)
branch6:21  %p_026_1_3 = select i1 %tmp_3_4, i3 -4, i3 3

ST_1: tmp_3 [1/1] 0.00ns (grouped into LUT with out node p_026_1_4)
branch6:22  %tmp_3 = or i1 %tmp_3_4, %tmp_3_3

ST_1: p_026_1_4 [1/1] 1.37ns (out node of the LUT)
branch6:23  %p_026_1_4 = select i1 %tmp_3, i3 %p_026_1_3, i3 %p_026_1_2_cast

ST_1: tmp [1/1] 1.94ns
branch6:24  %tmp = call i6 @_ssdm_op_Mux.ap_auto.5i6.i3(i6 %min_distances_0_V_read, i6 %min_distances_1_V_read, i6 %min_distances_2_V_read, i6 %min_distances_3_V_read, i6 %min_distances_4_V_read, i3 %p_026_1_4)

ST_1: tmp_1 [1/1] 1.94ns
branch6:25  %tmp_1 = icmp ult i6 %distance_V, %tmp

ST_1: stg_28 [1/1] 0.00ns
branch6:26  br i1 %tmp_1, label %branch0, label %._crit_edge54

ST_1: stg_29 [1/1] 0.00ns
branch315:0  call void @_ssdm_op_Write.ap_auto.i6P(i6* %min_distances_3_V, i6 %distance_V)

ST_1: stg_30 [1/1] 0.00ns
branch214:0  call void @_ssdm_op_Write.ap_auto.i6P(i6* %min_distances_2_V, i6 %distance_V)

ST_1: stg_31 [1/1] 0.00ns
branch113:0  call void @_ssdm_op_Write.ap_auto.i6P(i6* %min_distances_1_V, i6 %distance_V)

ST_1: stg_32 [1/1] 0.00ns
branch012:0  call void @_ssdm_op_Write.ap_auto.i6P(i6* %min_distances_0_V, i6 %distance_V)

ST_1: stg_33 [1/1] 0.00ns
branch416:0  call void @_ssdm_op_Write.ap_auto.i6P(i6* %min_distances_4_V, i6 %distance_V)


 <State 2>: 1.88ns
ST_2: stg_34 [1/1] 0.00ns
branch6:3  call void (...)* @_ssdm_op_SpecPipeline(i32 -1, i32 1, i32 1, i32 0, [1 x i8]* @p_str2) nounwind

ST_2: stg_35 [1/1] 1.88ns
branch0:0  switch i3 %p_026_1_4, label %branch416 [
    i3 0, label %branch012
    i3 1, label %branch113
    i3 2, label %branch214
    i3 3, label %branch315
  ]

ST_2: stg_36 [1/1] 0.00ns
branch315:1  br label %branch011

ST_2: stg_37 [1/1] 0.00ns
branch214:1  br label %branch011

ST_2: stg_38 [1/1] 0.00ns
branch113:1  br label %branch011

ST_2: stg_39 [1/1] 0.00ns
branch012:1  br label %branch011

ST_2: stg_40 [1/1] 0.00ns
branch416:1  br label %branch011

ST_2: stg_41 [1/1] 0.00ns
branch011:0  br label %._crit_edge54

ST_2: stg_42 [1/1] 0.00ns
._crit_edge54:0  ret void



============================================================
+ Verbose Summary: Binding
============================================================
STG Binding: 
---------------- STG Properties BEGIN ----------------
- Is combinational: 0
- Is one-state seq: 0
- Is datapath-only: 0
- Is clock enabled: 0
- Is pipelined: 1
- Is top level: 0
Port [ Return ] is wired: 1; IO mode=ap_ctrl_hs:ce=0
Port [ test_inst_V]:  wired=1; compound=0; hidden=0; nouse=0; global=0; static=0; extern=0; dir=0; type=0; pingpong=0; private_global=0; IO mode=ap_none:ce=0
Port [ train_inst_V]:  wired=1; compound=0; hidden=0; nouse=0; global=0; static=0; extern=0; dir=0; type=0; pingpong=0; private_global=0; IO mode=ap_none:ce=0
Port [ min_distances_0_V]:  wired=1; compound=0; hidden=0; nouse=0; global=0; static=0; extern=0; dir=2; type=0; pingpong=0; private_global=0; IO mode=ap_ovld:ce=0
Port [ min_distances_1_V]:  wired=1; compound=0; hidden=0; nouse=0; global=0; static=0; extern=0; dir=2; type=0; pingpong=0; private_global=0; IO mode=ap_ovld:ce=0
Port [ min_distances_2_V]:  wired=1; compound=0; hidden=0; nouse=0; global=0; static=0; extern=0; dir=2; type=0; pingpong=0; private_global=0; IO mode=ap_ovld:ce=0
Port [ min_distances_3_V]:  wired=1; compound=0; hidden=0; nouse=0; global=0; static=0; extern=0; dir=2; type=0; pingpong=0; private_global=0; IO mode=ap_ovld:ce=0
Port [ min_distances_4_V]:  wired=1; compound=0; hidden=0; nouse=0; global=0; static=0; extern=0; dir=2; type=0; pingpong=0; private_global=0; IO mode=ap_ovld:ce=0
---------------- STG Properties END ------------------

---------------- Datapath Model BEGIN ----------------

<LifeTime>
<method=bitvector/>
train_inst_V_read      (read        ) [ 000]
test_inst_V_read       (read        ) [ 000]
train_inst_V_cast      (zext        ) [ 000]
r_V                    (xor         ) [ 000]
distance_V             (call        ) [ 000]
min_distances_0_V_read (read        ) [ 000]
min_distances_1_V_read (read        ) [ 000]
tmp_3_1                (icmp        ) [ 000]
p_030_1_1              (select      ) [ 000]
p_026_1_1_cast         (zext        ) [ 000]
min_distances_2_V_read (read        ) [ 000]
tmp_3_2                (icmp        ) [ 000]
p_030_1_2              (select      ) [ 000]
p_026_1_2              (select      ) [ 000]
p_026_1_2_cast         (zext        ) [ 000]
min_distances_3_V_read (read        ) [ 000]
tmp_3_3                (icmp        ) [ 000]
p_030_1_3              (select      ) [ 000]
min_distances_4_V_read (read        ) [ 000]
tmp_3_4                (icmp        ) [ 000]
p_026_1_3              (select      ) [ 000]
tmp_3                  (or          ) [ 000]
p_026_1_4              (select      ) [ 011]
tmp                    (mux         ) [ 000]
tmp_1                  (icmp        ) [ 011]
stg_28                 (br          ) [ 000]
stg_29                 (write       ) [ 000]
stg_30                 (write       ) [ 000]
stg_31                 (write       ) [ 000]
stg_32                 (write       ) [ 000]
stg_33                 (write       ) [ 000]
stg_34                 (specpipeline) [ 000]
stg_35                 (switch      ) [ 000]
stg_36                 (br          ) [ 000]
stg_37                 (br          ) [ 000]
stg_38                 (br          ) [ 000]
stg_39                 (br          ) [ 000]
stg_40                 (br          ) [ 000]
stg_41                 (br          ) [ 000]
stg_42                 (ret         ) [ 000]
</LifeTime>

<model>

<comp_list>
<comp id="0" class="1000" name="test_inst_V">
<pin_list>
<pin id="1" dir="1" index="0" bw="1" slack="0"/>
</pin_list>
<bind>
<StgValue><ssdm name="test_inst_V"/></StgValue>
</bind>
</comp>

<comp id="2" class="1000" name="train_inst_V">
<pin_list>
<pin id="3" dir="1" index="0" bw="1" slack="0"/>
</pin_list>
<bind>
<StgValue><ssdm name="train_inst_V"/></StgValue>
</bind>
</comp>

<comp id="4" class="1000" name="min_distances_0_V">
<pin_list>
<pin id="5" dir="1" index="0" bw="1" slack="0"/>
</pin_list>
<bind>
<StgValue><ssdm name="min_distances_0_V"/></StgValue>
</bind>
</comp>

<comp id="6" class="1000" name="min_distances_1_V">
<pin_list>
<pin id="7" dir="1" index="0" bw="1" slack="0"/>
</pin_list>
<bind>
<StgValue><ssdm name="min_distances_1_V"/></StgValue>
</bind>
</comp>

<comp id="8" class="1000" name="min_distances_2_V">
<pin_list>
<pin id="9" dir="1" index="0" bw="1" slack="0"/>
</pin_list>
<bind>
<StgValue><ssdm name="min_distances_2_V"/></StgValue>
</bind>
</comp>

<comp id="10" class="1000" name="min_distances_3_V">
<pin_list>
<pin id="11" dir="1" index="0" bw="1" slack="0"/>
</pin_list>
<bind>
<StgValue><ssdm name="min_distances_3_V"/></StgValue>
</bind>
</comp>

<comp id="12" class="1000" name="min_distances_4_V">
<pin_list>
<pin id="13" dir="1" index="0" bw="1" slack="0"/>
</pin_list>
<bind>
<StgValue><ssdm name="min_distances_4_V"/></StgValue>
</bind>
</comp>

<comp id="14" class="1001" name="const_14">
<pin_list>
<pin id="15" dir="1" index="0" bw="1" slack="0"/>
</pin_list>
<bind>
<StgValue><ssdm name="_ssdm_op_Read.ap_auto.i48"/></StgValue>
</bind>
</comp>

<comp id="16" class="1001" name="const_16">
<pin_list>
<pin id="17" dir="1" index="0" bw="1" slack="0"/>
</pin_list>
<bind>
<StgValue><ssdm name="_ssdm_op_Read.ap_auto.i49"/></StgValue>
</bind>
</comp>

<comp id="18" class="1001" name="const_18">
<pin_list>
<pin id="19" dir="1" index="0" bw="1" slack="0"/>
</pin_list>
<bind>
<StgValue><ssdm name="digitrec_bitcount"/></StgValue>
</bind>
</comp>

<comp id="20" class="1001" name="const_20">
<pin_list>
<pin id="21" dir="1" index="0" bw="1" slack="0"/>
</pin_list>
<bind>
<StgValue><ssdm name="_ssdm_op_Read.ap_auto.i6P"/></StgValue>
</bind>
</comp>

<comp id="22" class="1001" name="const_22">
<pin_list>
<pin id="23" dir="1" index="0" bw="1" slack="0"/>
</pin_list>
<bind>
<StgValue><ssdm name=""/></StgValue>
</bind>
</comp>

<comp id="24" class="1001" name="const_24">
<pin_list>
<pin id="25" dir="1" index="0" bw="1" slack="0"/>
</pin_list>
<bind>
<StgValue><ssdm name=""/></StgValue>
</bind>
</comp>

<comp id="26" class="1001" name="const_26">
<pin_list>
<pin id="27" dir="1" index="0" bw="1" slack="0"/>
</pin_list>
<bind>
<StgValue><ssdm name=""/></StgValue>
</bind>
</comp>

<comp id="28" class="1001" name="const_28">
<pin_list>
<pin id="29" dir="1" index="0" bw="1" slack="0"/>
</pin_list>
<bind>
<StgValue><ssdm name="_ssdm_op_Mux.ap_auto.5i6.i3"/></StgValue>
</bind>
</comp>

<comp id="30" class="1001" name="const_30">
<pin_list>
<pin id="31" dir="1" index="0" bw="1" slack="0"/>
</pin_list>
<bind>
<StgValue><ssdm name="_ssdm_op_Write.ap_auto.i6P"/></StgValue>
</bind>
</comp>

<comp id="32" class="1001" name="const_32">
<pin_list>
<pin id="33" dir="1" index="0" bw="1" slack="2147483647"/>
</pin_list>
<bind>
<StgValue><ssdm name="_ssdm_op_SpecPipeline"/></StgValue>
</bind>
</comp>

<comp id="34" class="1001" name="const_34">
<pin_list>
<pin id="35" dir="1" index="0" bw="1" slack="2147483647"/>
</pin_list>
<bind>
<StgValue><ssdm name=""/></StgValue>
</bind>
</comp>

<comp id="36" class="1001" name="const_36">
<pin_list>
<pin id="37" dir="1" index="0" bw="1" slack="2147483647"/>
</pin_list>
<bind>
<StgValue><ssdm name=""/></StgValue>
</bind>
</comp>

<comp id="38" class="1001" name="const_38">
<pin_list>
<pin id="39" dir="1" index="0" bw="1" slack="2147483647"/>
</pin_list>
<bind>
<StgValue><ssdm name=""/></StgValue>
</bind>
</comp>

<comp id="40" class="1001" name="const_40">
<pin_list>
<pin id="41" dir="1" index="0" bw="1" slack="2147483647"/>
</pin_list>
<bind>
<StgValue><ssdm name="p_str2"/></StgValue>
</bind>
</comp>

<comp id="42" class="1001" name="const_42">
<pin_list>
<pin id="43" dir="1" index="0" bw="1" slack="2147483647"/>
</pin_list>
<bind>
<StgValue><ssdm name=""/></StgValue>
</bind>
</comp>

<comp id="44" class="1001" name="const_44">
<pin_list>
<pin id="45" dir="1" index="0" bw="1" slack="2147483647"/>
</pin_list>
<bind>
<StgValue><ssdm name=""/></StgValue>
</bind>
</comp>

<comp id="46" class="1001" name="const_46">
<pin_list>
<pin id="47" dir="1" index="0" bw="1" slack="2147483647"/>
</pin_list>
<bind>
<StgValue><ssdm name=""/></StgValue>
</bind>
</comp>

<comp id="48" class="1004" name="train_inst_V_read_read_fu_48">
<pin_list>
<pin id="49" dir="0" index="0" bw="48" slack="0"/>
<pin id="50" dir="0" index="1" bw="48" slack="0"/>
<pin id="51" dir="1" index="2" bw="48" slack="0"/>
</pin_list>
<bind>
<opcode="read(1150) " fcode="read"/>
<opset="train_inst_V_read/1 "/>
</bind>
</comp>

<comp id="54" class="1004" name="test_inst_V_read_read_fu_54">
<pin_list>
<pin id="55" dir="0" index="0" bw="49" slack="0"/>
<pin id="56" dir="0" index="1" bw="49" slack="0"/>
<pin id="57" dir="1" index="2" bw="49" slack="0"/>
</pin_list>
<bind>
<opcode="read(1150) " fcode="read"/>
<opset="test_inst_V_read/1 "/>
</bind>
</comp>

<comp id="60" class="1004" name="min_distances_0_V_read_read_fu_60">
<pin_list>
<pin id="61" dir="0" index="0" bw="6" slack="0"/>
<pin id="62" dir="0" index="1" bw="6" slack="0"/>
<pin id="63" dir="1" index="2" bw="6" slack="0"/>
</pin_list>
<bind>
<opcode="read(1150) " fcode="read"/>
<opset="min_distances_0_V_read/1 "/>
</bind>
</comp>

<comp id="66" class="1004" name="min_distances_1_V_read_read_fu_66">
<pin_list>
<pin id="67" dir="0" index="0" bw="6" slack="0"/>
<pin id="68" dir="0" index="1" bw="6" slack="0"/>
<pin id="69" dir="1" index="2" bw="6" slack="0"/>
</pin_list>
<bind>
<opcode="read(1150) " fcode="read"/>
<opset="min_distances_1_V_read/1 "/>
</bind>
</comp>

<comp id="72" class="1004" name="min_distances_2_V_read_read_fu_72">
<pin_list>
<pin id="73" dir="0" index="0" bw="6" slack="0"/>
<pin id="74" dir="0" index="1" bw="6" slack="0"/>
<pin id="75" dir="1" index="2" bw="6" slack="0"/>
</pin_list>
<bind>
<opcode="read(1150) " fcode="read"/>
<opset="min_distances_2_V_read/1 "/>
</bind>
</comp>

<comp id="78" class="1004" name="min_distances_3_V_read_read_fu_78">
<pin_list>
<pin id="79" dir="0" index="0" bw="6" slack="0"/>
<pin id="80" dir="0" index="1" bw="6" slack="0"/>
<pin id="81" dir="1" index="2" bw="6" slack="0"/>
</pin_list>
<bind>
<opcode="read(1150) " fcode="read"/>
<opset="min_distances_3_V_read/1 "/>
</bind>
</comp>

<comp id="84" class="1004" name="min_distances_4_V_read_read_fu_84">
<pin_list>
<pin id="85" dir="0" index="0" bw="6" slack="0"/>
<pin id="86" dir="0" index="1" bw="6" slack="0"/>
<pin id="87" dir="1" index="2" bw="6" slack="0"/>
</pin_list>
<bind>
<opcode="read(1150) " fcode="read"/>
<opset="min_distances_4_V_read/1 "/>
</bind>
</comp>

<comp id="90" class="1004" name="stg_29_write_fu_90">
<pin_list>
<pin id="91" dir="0" index="0" bw="0" slack="0"/>
<pin id="92" dir="0" index="1" bw="6" slack="0"/>
<pin id="93" dir="0" index="2" bw="6" slack="0"/>
<pin id="94" dir="1" index="3" bw="0" slack="2147483647"/>
</pin_list>
<bind>
<opcode="write(1151) " fcode="write"/>
<opset="stg_29/1 "/>
</bind>
</comp>

<comp id="97" class="1004" name="stg_30_write_fu_97">
<pin_list>
<pin id="98" dir="0" index="0" bw="0" slack="0"/>
<pin id="99" dir="0" index="1" bw="6" slack="0"/>
<pin id="100" dir="0" index="2" bw="6" slack="0"/>
<pin id="101" dir="1" index="3" bw="0" slack="2147483647"/>
</pin_list>
<bind>
<opcode="write(1151) " fcode="write"/>
<opset="stg_30/1 "/>
</bind>
</comp>

<comp id="104" class="1004" name="stg_31_write_fu_104">
<pin_list>
<pin id="105" dir="0" index="0" bw="0" slack="0"/>
<pin id="106" dir="0" index="1" bw="6" slack="0"/>
<pin id="107" dir="0" index="2" bw="6" slack="0"/>
<pin id="108" dir="1" index="3" bw="0" slack="2147483647"/>
</pin_list>
<bind>
<opcode="write(1151) " fcode="write"/>
<opset="stg_31/1 "/>
</bind>
</comp>

<comp id="111" class="1004" name="stg_32_write_fu_111">
<pin_list>
<pin id="112" dir="0" index="0" bw="0" slack="0"/>
<pin id="113" dir="0" index="1" bw="6" slack="0"/>
<pin id="114" dir="0" index="2" bw="6" slack="0"/>
<pin id="115" dir="1" index="3" bw="0" slack="2147483647"/>
</pin_list>
<bind>
<opcode="write(1151) " fcode="write"/>
<opset="stg_32/1 "/>
</bind>
</comp>

<comp id="118" class="1004" name="stg_33_write_fu_118">
<pin_list>
<pin id="119" dir="0" index="0" bw="0" slack="0"/>
<pin id="120" dir="0" index="1" bw="6" slack="0"/>
<pin id="121" dir="0" index="2" bw="6" slack="0"/>
<pin id="122" dir="1" index="3" bw="0" slack="2147483647"/>
</pin_list>
<bind>
<opcode="write(1151) " fcode="write"/>
<opset="stg_33/1 "/>
</bind>
</comp>

<comp id="125" class="1004" name="distance_V_digitrec_bitcount_fu_125">
<pin_list>
<pin id="126" dir="0" index="0" bw="6" slack="0"/>
<pin id="127" dir="0" index="1" bw="49" slack="0"/>
<pin id="128" dir="1" index="2" bw="6" slack="0"/>
</pin_list>
<bind>
<opcode="call(48) " fcode="call"/>
<opset="distance_V/1 "/>
</bind>
</comp>

<comp id="135" class="1004" name="train_inst_V_cast_fu_135">
<pin_list>
<pin id="136" dir="0" index="0" bw="48" slack="0"/>
<pin id="137" dir="1" index="1" bw="49" slack="0"/>
</pin_list>
<bind>
<opcode="zext(34) " fcode="zext"/>
<opset="train_inst_V_cast/1 "/>
</bind>
</comp>

<comp id="139" class="1004" name="r_V_fu_139">
<pin_list>
<pin id="140" dir="0" index="0" bw="48" slack="0"/>
<pin id="141" dir="0" index="1" bw="49" slack="0"/>
<pin id="142" dir="1" index="2" bw="49" slack="0"/>
</pin_list>
<bind>
<opcode="xor(25) " fcode="xor"/>
<opset="r_V/1 "/>
</bind>
</comp>

<comp id="146" class="1004" name="tmp_3_1_fu_146">
<pin_list>
<pin id="147" dir="0" index="0" bw="6" slack="0"/>
<pin id="148" dir="0" index="1" bw="6" slack="0"/>
<pin id="149" dir="1" index="2" bw="1" slack="0"/>
</pin_list>
<bind>
<opcode="icmp(45) " fcode="icmp"/>
<opset="tmp_3_1/1 "/>
</bind>
</comp>

<comp id="152" class="1004" name="p_030_1_1_fu_152">
<pin_list>
<pin id="153" dir="0" index="0" bw="1" slack="0"/>
<pin id="154" dir="0" index="1" bw="6" slack="0"/>
<pin id="155" dir="0" index="2" bw="6" slack="0"/>
<pin id="156" dir="1" index="3" bw="6" slack="0"/>
</pin_list>
<bind>
<opcode="select(49) " fcode="select"/>
<opset="p_030_1_1/1 "/>
</bind>
</comp>

<comp id="160" class="1004" name="p_026_1_1_cast_fu_160">
<pin_list>
<pin id="161" dir="0" index="0" bw="1" slack="0"/>
<pin id="162" dir="1" index="1" bw="2" slack="0"/>
</pin_list>
<bind>
<opcode="zext(34) " fcode="zext"/>
<opset="p_026_1_1_cast/1 "/>
</bind>
</comp>

<comp id="164" class="1004" name="tmp_3_2_fu_164">
<pin_list>
<pin id="165" dir="0" index="0" bw="6" slack="0"/>
<pin id="166" dir="0" index="1" bw="6" slack="0"/>
<pin id="167" dir="1" index="2" bw="1" slack="0"/>
</pin_list>
<bind>
<opcode="icmp(45) " fcode="icmp"/>
<opset="tmp_3_2/1 "/>
</bind>
</comp>

<comp id="170" class="1004" name="p_030_1_2_fu_170">
<pin_list>
<pin id="171" dir="0" index="0" bw="1" slack="0"/>
<pin id="172" dir="0" index="1" bw="6" slack="0"/>
<pin id="173" dir="0" index="2" bw="6" slack="0"/>
<pin id="174" dir="1" index="3" bw="6" slack="0"/>
</pin_list>
<bind>
<opcode="select(49) " fcode="select"/>
<opset="p_030_1_2/1 "/>
</bind>
</comp>

<comp id="178" class="1004" name="p_026_1_2_fu_178">
<pin_list>
<pin id="179" dir="0" index="0" bw="1" slack="0"/>
<pin id="180" dir="0" index="1" bw="2" slack="0"/>
<pin id="181" dir="0" index="2" bw="1" slack="0"/>
<pin id="182" dir="1" index="3" bw="2" slack="0"/>
</pin_list>
<bind>
<opcode="select(49) " fcode="select"/>
<opset="p_026_1_2/1 "/>
</bind>
</comp>

<comp id="186" class="1004" name="p_026_1_2_cast_fu_186">
<pin_list>
<pin id="187" dir="0" index="0" bw="2" slack="0"/>
<pin id="188" dir="1" index="1" bw="3" slack="0"/>
</pin_list>
<bind>
<opcode="zext(34) " fcode="zext"/>
<opset="p_026_1_2_cast/1 "/>
</bind>
</comp>

<comp id="190" class="1004" name="tmp_3_3_fu_190">
<pin_list>
<pin id="191" dir="0" index="0" bw="6" slack="0"/>
<pin id="192" dir="0" index="1" bw="6" slack="0"/>
<pin id="193" dir="1" index="2" bw="1" slack="0"/>
</pin_list>
<bind>
<opcode="icmp(45) " fcode="icmp"/>
<opset="tmp_3_3/1 "/>
</bind>
</comp>

<comp id="196" class="1004" name="p_030_1_3_fu_196">
<pin_list>
<pin id="197" dir="0" index="0" bw="1" slack="0"/>
<pin id="198" dir="0" index="1" bw="6" slack="0"/>
<pin id="199" dir="0" index="2" bw="6" slack="0"/>
<pin id="200" dir="1" index="3" bw="6" slack="0"/>
</pin_list>
<bind>
<opcode="select(49) " fcode="select"/>
<opset="p_030_1_3/1 "/>
</bind>
</comp>

<comp id="204" class="1004" name="tmp_3_4_fu_204">
<pin_list>
<pin id="205" dir="0" index="0" bw="6" slack="0"/>
<pin id="206" dir="0" index="1" bw="6" slack="0"/>
<pin id="207" dir="1" index="2" bw="1" slack="0"/>
</pin_list>
<bind>
<opcode="icmp(45) " fcode="icmp"/>
<opset="tmp_3_4/1 "/>
</bind>
</comp>

<comp id="210" class="1004" name="p_026_1_3_fu_210">
<pin_list>
<pin id="211" dir="0" index="0" bw="1" slack="0"/>
<pin id="212" dir="0" index="1" bw="3" slack="0"/>
<pin id="213" dir="0" index="2" bw="3" slack="0"/>
<pin id="214" dir="1" index="3" bw="3" slack="0"/>
</pin_list>
<bind>
<opcode="select(49) " fcode="select"/>
<opset="p_026_1_3/1 "/>
</bind>
</comp>

<comp id="218" class="1004" name="tmp_3_fu_218">
<pin_list>
<pin id="219" dir="0" index="0" bw="1" slack="0"/>
<pin id="220" dir="0" index="1" bw="1" slack="0"/>
<pin id="221" dir="1" index="2" bw="1" slack="0"/>
</pin_list>
<bind>
<opcode="or(24) " fcode="or"/>
<opset="tmp_3/1 "/>
</bind>
</comp>

<comp id="224" class="1004" name="p_026_1_4_fu_224">
<pin_list>
<pin id="225" dir="0" index="0" bw="1" slack="0"/>
<pin id="226" dir="0" index="1" bw="3" slack="0"/>
<pin id="227" dir="0" index="2" bw="2" slack="0"/>
<pin id="228" dir="1" index="3" bw="3" slack="0"/>
</pin_list>
<bind>
<opcode="select(49) " fcode="select"/>
<opset="p_026_1_4/1 "/>
</bind>
</comp>

<comp id="232" class="1004" name="tmp_fu_232">
<pin_list>
<pin id="233" dir="0" index="0" bw="6" slack="0"/>
<pin id="234" dir="0" index="1" bw="6" slack="0"/>
<pin id="235" dir="0" index="2" bw="6" slack="0"/>
<pin id="236" dir="0" index="3" bw="6" slack="0"/>
<pin id="237" dir="0" index="4" bw="6" slack="0"/>
<pin id="238" dir="0" index="5" bw="6" slack="0"/>
<pin id="239" dir="0" index="6" bw="3" slack="0"/>
<pin id="240" dir="1" index="7" bw="6" slack="0"/>
</pin_list>
<bind>
<opcode="mux(1186) " fcode="mux"/>
<opset="tmp/1 "/>
</bind>
</comp>

<comp id="248" class="1004" name="tmp_1_fu_248">
<pin_list>
<pin id="249" dir="0" index="0" bw="6" slack="0"/>
<pin id="250" dir="0" index="1" bw="6" slack="0"/>
<pin id="251" dir="1" index="2" bw="1" slack="1"/>
</pin_list>
<bind>
<opcode="icmp(45) " fcode="icmp"/>
<opset="tmp_1/1 "/>
</bind>
</comp>

<comp id="254" class="1005" name="p_026_1_4_reg_254">
<pin_list>
<pin id="255" dir="0" index="0" bw="3" slack="1"/>
<pin id="256" dir="1" index="1" bw="3" slack="2147483647"/>
</pin_list>
<bind>
<opset="p_026_1_4 "/>
</bind>
</comp>

<comp id="258" class="1005" name="tmp_1_reg_258">
<pin_list>
<pin id="259" dir="0" index="0" bw="1" slack="1"/>
<pin id="260" dir="1" index="1" bw="1" slack="2147483647"/>
</pin_list>
<bind>
<opset="tmp_1 "/>
</bind>
</comp>

</comp_list>

<net_list>
<net id="52"><net_src comp="14" pin="0"/><net_sink comp="48" pin=0"/></net>

<net id="53"><net_src comp="2" pin="0"/><net_sink comp="48" pin=1"/></net>

<net id="58"><net_src comp="16" pin="0"/><net_sink comp="54" pin=0"/></net>

<net id="59"><net_src comp="0" pin="0"/><net_sink comp="54" pin=1"/></net>

<net id="64"><net_src comp="20" pin="0"/><net_sink comp="60" pin=0"/></net>

<net id="65"><net_src comp="4" pin="0"/><net_sink comp="60" pin=1"/></net>

<net id="70"><net_src comp="20" pin="0"/><net_sink comp="66" pin=0"/></net>

<net id="71"><net_src comp="6" pin="0"/><net_sink comp="66" pin=1"/></net>

<net id="76"><net_src comp="20" pin="0"/><net_sink comp="72" pin=0"/></net>

<net id="77"><net_src comp="8" pin="0"/><net_sink comp="72" pin=1"/></net>

<net id="82"><net_src comp="20" pin="0"/><net_sink comp="78" pin=0"/></net>

<net id="83"><net_src comp="10" pin="0"/><net_sink comp="78" pin=1"/></net>

<net id="88"><net_src comp="20" pin="0"/><net_sink comp="84" pin=0"/></net>

<net id="89"><net_src comp="12" pin="0"/><net_sink comp="84" pin=1"/></net>

<net id="95"><net_src comp="30" pin="0"/><net_sink comp="90" pin=0"/></net>

<net id="96"><net_src comp="10" pin="0"/><net_sink comp="90" pin=1"/></net>

<net id="102"><net_src comp="30" pin="0"/><net_sink comp="97" pin=0"/></net>

<net id="103"><net_src comp="8" pin="0"/><net_sink comp="97" pin=1"/></net>

<net id="109"><net_src comp="30" pin="0"/><net_sink comp="104" pin=0"/></net>

<net id="110"><net_src comp="6" pin="0"/><net_sink comp="104" pin=1"/></net>

<net id="116"><net_src comp="30" pin="0"/><net_sink comp="111" pin=0"/></net>

<net id="117"><net_src comp="4" pin="0"/><net_sink comp="111" pin=1"/></net>

<net id="123"><net_src comp="30" pin="0"/><net_sink comp="118" pin=0"/></net>

<net id="124"><net_src comp="12" pin="0"/><net_sink comp="118" pin=1"/></net>

<net id="129"><net_src comp="18" pin="0"/><net_sink comp="125" pin=0"/></net>

<net id="130"><net_src comp="125" pin="2"/><net_sink comp="90" pin=2"/></net>

<net id="131"><net_src comp="125" pin="2"/><net_sink comp="97" pin=2"/></net>

<net id="132"><net_src comp="125" pin="2"/><net_sink comp="104" pin=2"/></net>

<net id="133"><net_src comp="125" pin="2"/><net_sink comp="111" pin=2"/></net>

<net id="134"><net_src comp="125" pin="2"/><net_sink comp="118" pin=2"/></net>

<net id="138"><net_src comp="48" pin="2"/><net_sink comp="135" pin=0"/></net>

<net id="143"><net_src comp="135" pin="1"/><net_sink comp="139" pin=0"/></net>

<net id="144"><net_src comp="54" pin="2"/><net_sink comp="139" pin=1"/></net>

<net id="145"><net_src comp="139" pin="2"/><net_sink comp="125" pin=1"/></net>

<net id="150"><net_src comp="66" pin="2"/><net_sink comp="146" pin=0"/></net>

<net id="151"><net_src comp="60" pin="2"/><net_sink comp="146" pin=1"/></net>

<net id="157"><net_src comp="146" pin="2"/><net_sink comp="152" pin=0"/></net>

<net id="158"><net_src comp="66" pin="2"/><net_sink comp="152" pin=1"/></net>

<net id="159"><net_src comp="60" pin="2"/><net_sink comp="152" pin=2"/></net>

<net id="163"><net_src comp="146" pin="2"/><net_sink comp="160" pin=0"/></net>

<net id="168"><net_src comp="72" pin="2"/><net_sink comp="164" pin=0"/></net>

<net id="169"><net_src comp="152" pin="3"/><net_sink comp="164" pin=1"/></net>

<net id="175"><net_src comp="164" pin="2"/><net_sink comp="170" pin=0"/></net>

<net id="176"><net_src comp="72" pin="2"/><net_sink comp="170" pin=1"/></net>

<net id="177"><net_src comp="152" pin="3"/><net_sink comp="170" pin=2"/></net>

<net id="183"><net_src comp="164" pin="2"/><net_sink comp="178" pin=0"/></net>

<net id="184"><net_src comp="22" pin="0"/><net_sink comp="178" pin=1"/></net>

<net id="185"><net_src comp="160" pin="1"/><net_sink comp="178" pin=2"/></net>

<net id="189"><net_src comp="178" pin="3"/><net_sink comp="186" pin=0"/></net>

<net id="194"><net_src comp="78" pin="2"/><net_sink comp="190" pin=0"/></net>

<net id="195"><net_src comp="170" pin="3"/><net_sink comp="190" pin=1"/></net>

<net id="201"><net_src comp="190" pin="2"/><net_sink comp="196" pin=0"/></net>

<net id="202"><net_src comp="78" pin="2"/><net_sink comp="196" pin=1"/></net>

<net id="203"><net_src comp="170" pin="3"/><net_sink comp="196" pin=2"/></net>

<net id="208"><net_src comp="84" pin="2"/><net_sink comp="204" pin=0"/></net>

<net id="209"><net_src comp="196" pin="3"/><net_sink comp="204" pin=1"/></net>

<net id="215"><net_src comp="204" pin="2"/><net_sink comp="210" pin=0"/></net>

<net id="216"><net_src comp="24" pin="0"/><net_sink comp="210" pin=1"/></net>

<net id="217"><net_src comp="26" pin="0"/><net_sink comp="210" pin=2"/></net>

<net id="222"><net_src comp="204" pin="2"/><net_sink comp="218" pin=0"/></net>

<net id="223"><net_src comp="190" pin="2"/><net_sink comp="218" pin=1"/></net>

<net id="229"><net_src comp="218" pin="2"/><net_sink comp="224" pin=0"/></net>

<net id="230"><net_src comp="210" pin="3"/><net_sink comp="224" pin=1"/></net>

<net id="231"><net_src comp="186" pin="1"/><net_sink comp="224" pin=2"/></net>

<net id="241"><net_src comp="28" pin="0"/><net_sink comp="232" pin=0"/></net>

<net id="242"><net_src comp="60" pin="2"/><net_sink comp="232" pin=1"/></net>

<net id="243"><net_src comp="66" pin="2"/><net_sink comp="232" pin=2"/></net>

<net id="244"><net_src comp="72" pin="2"/><net_sink comp="232" pin=3"/></net>

<net id="245"><net_src comp="78" pin="2"/><net_sink comp="232" pin=4"/></net>

<net id="246"><net_src comp="84" pin="2"/><net_sink comp="232" pin=5"/></net>

<net id="247"><net_src comp="224" pin="3"/><net_sink comp="232" pin=6"/></net>

<net id="252"><net_src comp="125" pin="2"/><net_sink comp="248" pin=0"/></net>

<net id="253"><net_src comp="232" pin="7"/><net_sink comp="248" pin=1"/></net>

<net id="257"><net_src comp="224" pin="3"/><net_sink comp="254" pin=0"/></net>

<net id="261"><net_src comp="248" pin="2"/><net_sink comp="258" pin=0"/></net>

</net_list>

</model> 
---------------- Datapath Model END ------------------

* FSMD analyzer results:
  - Output states:
	Port: min_distances_0_V | {1 }
	Port: min_distances_1_V | {1 }
	Port: min_distances_2_V | {1 }
	Port: min_distances_3_V | {1 }
	Port: min_distances_4_V | {1 }
 - Input state : 
	Port: digitrec_update_knn : test_inst_V | {1 }
	Port: digitrec_update_knn : train_inst_V | {1 }
	Port: digitrec_update_knn : min_distances_0_V | {1 }
	Port: digitrec_update_knn : min_distances_1_V | {1 }
	Port: digitrec_update_knn : min_distances_2_V | {1 }
	Port: digitrec_update_knn : min_distances_3_V | {1 }
	Port: digitrec_update_knn : min_distances_4_V | {1 }
  - Chain level:
	State 1
		r_V : 1
		distance_V : 1
		p_030_1_1 : 1
		p_026_1_1_cast : 1
		tmp_3_2 : 2
		p_030_1_2 : 3
		p_026_1_2 : 3
		p_026_1_2_cast : 4
		tmp_3_3 : 4
		p_030_1_3 : 5
		tmp_3_4 : 6
		p_026_1_3 : 7
		tmp_3 : 7
		p_026_1_4 : 7
		tmp : 8
		tmp_1 : 9
		stg_28 : 10
		stg_29 : 2
		stg_30 : 2
		stg_31 : 2
		stg_32 : 2
		stg_33 : 2
	State 2


============================================================
+ Verbose Summary: Datapath Resource usage 
============================================================

* Functional unit list:
|----------|-------------------------------------|---------|---------|
| Operation|           Functional Unit           |    FF   |   LUT   |
|----------|-------------------------------------|---------|---------|
|   call   | distance_V_digitrec_bitcount_fu_125 |    0    |    89   |
|----------|-------------------------------------|---------|---------|
|    xor   |              r_V_fu_139             |    0    |    67   |
|----------|-------------------------------------|---------|---------|
|          |           p_030_1_1_fu_152          |    0    |    6    |
|          |           p_030_1_2_fu_170          |    0    |    6    |
|  select  |           p_026_1_2_fu_178          |    0    |    2    |
|          |           p_030_1_3_fu_196          |    0    |    6    |
|          |           p_026_1_3_fu_210          |    0    |    3    |
|          |           p_026_1_4_fu_224          |    0    |    3    |
|----------|-------------------------------------|---------|---------|
|          |            tmp_3_1_fu_146           |    0    |    3    |
|          |            tmp_3_2_fu_164           |    0    |    3    |
|   icmp   |            tmp_3_3_fu_190           |    0    |    3    |
|          |            tmp_3_4_fu_204           |    0    |    3    |
|          |             tmp_1_fu_248            |    0    |    3    |
|----------|-------------------------------------|---------|---------|
|    mux   |              tmp_fu_232             |    0    |    12   |
|----------|-------------------------------------|---------|---------|
|    or    |             tmp_3_fu_218            |    0    |    1    |
|----------|-------------------------------------|---------|---------|
|          |     train_inst_V_read_read_fu_48    |    0    |    0    |
|          |     test_inst_V_read_read_fu_54     |    0    |    0    |
|          |  min_distances_0_V_read_read_fu_60  |    0    |    0    |
|   read   |  min_distances_1_V_read_read_fu_66  |    0    |    0    |
|          |  min_distances_2_V_read_read_fu_72  |    0    |    0    |
|          |  min_distances_3_V_read_read_fu_78  |    0    |    0    |
|          |  min_distances_4_V_read_read_fu_84  |    0    |    0    |
|----------|-------------------------------------|---------|---------|
|          |          stg_29_write_fu_90         |    0    |    0    |
|          |          stg_30_write_fu_97         |    0    |    0    |
|   write  |         stg_31_write_fu_104         |    0    |    0    |
|          |         stg_32_write_fu_111         |    0    |    0    |
|          |         stg_33_write_fu_118         |    0    |    0    |
|----------|-------------------------------------|---------|---------|
|          |       train_inst_V_cast_fu_135      |    0    |    0    |
|   zext   |        p_026_1_1_cast_fu_160        |    0    |    0    |
|          |        p_026_1_2_cast_fu_186        |    0    |    0    |
|----------|-------------------------------------|---------|---------|
|   Total  |                                     |    0    |   210   |
|----------|-------------------------------------|---------|---------|

Memories:
N/A

* Register list:
+-----------------+--------+
|                 |   FF   |
+-----------------+--------+
|p_026_1_4_reg_254|    3   |
|  tmp_1_reg_258  |    1   |
+-----------------+--------+
|      Total      |    4   |
+-----------------+--------+

* Multiplexer (MUX) list: 
|--------|------|------|------|--------|
|  Comp  |  Pin | Size |  BW  | S x BW |
|--------|------|------|------|--------|
|  Total |      |      |      |    0   |
|--------|------|------|------|--------|



* Summary:
+-----------+--------+--------+
|           |   FF   |   LUT  |
+-----------+--------+--------+
|  Function |    0   |   210  |
|   Memory  |    -   |    -   |
|Multiplexer|    -   |    -   |
|  Register |    4   |    -   |
+-----------+--------+--------+
|   Total   |    4   |   210  |
+-----------+--------+--------+
