

================================================================
== Vivado HLS Report for 'digitrec'
================================================================
* Date:           Fri Jun 18 23:30:36 2021

* Version:        2016.2 (Build 1577090 on Thu Jun 02 16:59:10 MDT 2016)
* Project:        5-nn.prj
* Solution:       solution1
* Product family: zynq
* Target device:  xc7z020clg484-1


================================================================
== Performance Estimates
================================================================
+ Timing (ns): 
    * Summary: 
    +--------+-------+----------+------------+
    |  Clock | Target| Estimated| Uncertainty|
    +--------+-------+----------+------------+
    |ap_clk  |  10.00|     17.21|        1.25|
    +--------+-------+----------+------------+

+ Latency (clock cycles): 
    * Summary: 
    +------+------+------+------+---------+
    |   Latency   |   Interval  | Pipeline|
    |  min |  max |  min |  max |   Type  |
    +------+------+------+------+---------+
    |  1809|  1809|  1810|  1810|   none  |
    +------+------+------+------+---------+

    + Detail: 
        * Instance: 
        N/A

        * Loop: 
        +-----------+------+------+----------+-----------+-----------+------+----------+
        |           |   Latency   | Iteration|  Initiation Interval  | Trip |          |
        | Loop Name |  min |  max |  Latency |  achieved |   target  | Count| Pipelined|
        +-----------+------+------+----------+-----------+-----------+------+----------+
        |- MODIFY1  |  1802|  1802|         4|          1|          1|  1800|    yes   |
        +-----------+------+------+----------+-----------+-----------+------+----------+

============================================================
+ Verbose Summary: Synthesis Manager
============================================================
InlineROM: 1
ExposeGlobal: 0
============================================================
+ Verbose Summary: CDFG Model
============================================================
IsTopModel: 1
ResetActiveHigh: 1
IsCombinational: 0
IsDatapathOnly: 0
HasWiredReturn: 1
HasMFsm: 0
HasVarLatency: 1
IsPipeline: 0
IsRtlPipelined: 0
IsInstanceOverlapped: 0
IsDontTouch: 0
HasImplIP: 0
IsGatedGlobalClock: 0

+ Individual pipeline summary: 
  * Pipeline-0: initiation interval (II) = 1, depth = 4


============================================================
+ Verbose Summary: Schedule
============================================================
* Number of FSM states: 7
* Pipeline: 1
  Pipeline-0: II = 1, D = 4, States = { 2 3 4 5 }
* Dataflow Pipeline: 0

* FSM state transitions: 
1 --> 
	2  / true
2 --> 
	6  / (exitcond3)
	3  / (!exitcond3)
3 --> 
	4  / true
4 --> 
	5  / true
5 --> 
	2  / true
6 --> 
	7  / true
7 --> 
* FSM state operations: 

 <State 1>: 1.57ns
ST_1: stg_8 [1/1] 0.00ns
.preheader17.preheader:0  call void (...)* @_ssdm_op_SpecBitsMap(i4 0), !map !74

ST_1: stg_9 [1/1] 0.00ns
.preheader17.preheader:1  call void (...)* @_ssdm_op_SpecBitsMap(i49 %input_V), !map !80

ST_1: stg_10 [1/1] 0.00ns
.preheader17.preheader:2  call void (...)* @_ssdm_op_SpecTopModule([9 x i8]* @digitrec_str) nounwind

ST_1: input_V_read [1/1] 0.00ns
.preheader17.preheader:3  %input_V_read = call i49 @_ssdm_op_Read.ap_auto.i49(i49 %input_V)

ST_1: knn_set_0_0_V [1/1] 0.00ns
.preheader17.preheader:4  %knn_set_0_0_V = alloca i6, align 1

ST_1: knn_set_0_1_V [1/1] 0.00ns
.preheader17.preheader:5  %knn_set_0_1_V = alloca i6, align 1

ST_1: knn_set_0_2_V [1/1] 0.00ns
.preheader17.preheader:6  %knn_set_0_2_V = alloca i6, align 1

ST_1: knn_set_0_3_V [1/1] 0.00ns
.preheader17.preheader:7  %knn_set_0_3_V = alloca i6, align 1

ST_1: knn_set_0_4_V [1/1] 0.00ns
.preheader17.preheader:8  %knn_set_0_4_V = alloca i6, align 1

ST_1: knn_set_1_0_V [1/1] 0.00ns
.preheader17.preheader:9  %knn_set_1_0_V = alloca i6, align 1

ST_1: knn_set_1_1_V [1/1] 0.00ns
.preheader17.preheader:10  %knn_set_1_1_V = alloca i6, align 1

ST_1: knn_set_1_2_V [1/1] 0.00ns
.preheader17.preheader:11  %knn_set_1_2_V = alloca i6, align 1

ST_1: knn_set_1_3_V [1/1] 0.00ns
.preheader17.preheader:12  %knn_set_1_3_V = alloca i6, align 1

ST_1: knn_set_1_4_V [1/1] 0.00ns
.preheader17.preheader:13  %knn_set_1_4_V = alloca i6, align 1

ST_1: knn_set_2_0_V [1/1] 0.00ns
.preheader17.preheader:14  %knn_set_2_0_V = alloca i6, align 1

ST_1: knn_set_2_1_V [1/1] 0.00ns
.preheader17.preheader:15  %knn_set_2_1_V = alloca i6, align 1

ST_1: knn_set_2_2_V [1/1] 0.00ns
.preheader17.preheader:16  %knn_set_2_2_V = alloca i6, align 1

ST_1: knn_set_2_3_V [1/1] 0.00ns
.preheader17.preheader:17  %knn_set_2_3_V = alloca i6, align 1

ST_1: knn_set_2_4_V [1/1] 0.00ns
.preheader17.preheader:18  %knn_set_2_4_V = alloca i6, align 1

ST_1: knn_set_3_0_V [1/1] 0.00ns
.preheader17.preheader:19  %knn_set_3_0_V = alloca i6, align 1

ST_1: knn_set_3_1_V [1/1] 0.00ns
.preheader17.preheader:20  %knn_set_3_1_V = alloca i6, align 1

ST_1: knn_set_3_2_V [1/1] 0.00ns
.preheader17.preheader:21  %knn_set_3_2_V = alloca i6, align 1

ST_1: knn_set_3_3_V [1/1] 0.00ns
.preheader17.preheader:22  %knn_set_3_3_V = alloca i6, align 1

ST_1: knn_set_3_4_V [1/1] 0.00ns
.preheader17.preheader:23  %knn_set_3_4_V = alloca i6, align 1

ST_1: knn_set_4_0_V [1/1] 0.00ns
.preheader17.preheader:24  %knn_set_4_0_V = alloca i6, align 1

ST_1: knn_set_4_1_V [1/1] 0.00ns
.preheader17.preheader:25  %knn_set_4_1_V = alloca i6, align 1

ST_1: knn_set_4_2_V [1/1] 0.00ns
.preheader17.preheader:26  %knn_set_4_2_V = alloca i6, align 1

ST_1: knn_set_4_3_V [1/1] 0.00ns
.preheader17.preheader:27  %knn_set_4_3_V = alloca i6, align 1

ST_1: knn_set_4_4_V [1/1] 0.00ns
.preheader17.preheader:28  %knn_set_4_4_V = alloca i6, align 1

ST_1: knn_set_5_0_V [1/1] 0.00ns
.preheader17.preheader:29  %knn_set_5_0_V = alloca i6, align 1

ST_1: knn_set_5_1_V [1/1] 0.00ns
.preheader17.preheader:30  %knn_set_5_1_V = alloca i6, align 1

ST_1: knn_set_5_2_V [1/1] 0.00ns
.preheader17.preheader:31  %knn_set_5_2_V = alloca i6, align 1

ST_1: knn_set_5_3_V [1/1] 0.00ns
.preheader17.preheader:32  %knn_set_5_3_V = alloca i6, align 1

ST_1: knn_set_5_4_V [1/1] 0.00ns
.preheader17.preheader:33  %knn_set_5_4_V = alloca i6, align 1

ST_1: knn_set_6_0_V [1/1] 0.00ns
.preheader17.preheader:34  %knn_set_6_0_V = alloca i6, align 1

ST_1: knn_set_6_1_V [1/1] 0.00ns
.preheader17.preheader:35  %knn_set_6_1_V = alloca i6, align 1

ST_1: knn_set_6_2_V [1/1] 0.00ns
.preheader17.preheader:36  %knn_set_6_2_V = alloca i6, align 1

ST_1: knn_set_6_3_V [1/1] 0.00ns
.preheader17.preheader:37  %knn_set_6_3_V = alloca i6, align 1

ST_1: knn_set_6_4_V [1/1] 0.00ns
.preheader17.preheader:38  %knn_set_6_4_V = alloca i6, align 1

ST_1: knn_set_7_0_V [1/1] 0.00ns
.preheader17.preheader:39  %knn_set_7_0_V = alloca i6, align 1

ST_1: knn_set_7_1_V [1/1] 0.00ns
.preheader17.preheader:40  %knn_set_7_1_V = alloca i6, align 1

ST_1: knn_set_7_2_V [1/1] 0.00ns
.preheader17.preheader:41  %knn_set_7_2_V = alloca i6, align 1

ST_1: knn_set_7_3_V [1/1] 0.00ns
.preheader17.preheader:42  %knn_set_7_3_V = alloca i6, align 1

ST_1: knn_set_7_4_V [1/1] 0.00ns
.preheader17.preheader:43  %knn_set_7_4_V = alloca i6, align 1

ST_1: knn_set_8_0_V [1/1] 0.00ns
.preheader17.preheader:44  %knn_set_8_0_V = alloca i6, align 1

ST_1: knn_set_8_1_V [1/1] 0.00ns
.preheader17.preheader:45  %knn_set_8_1_V = alloca i6, align 1

ST_1: knn_set_8_2_V [1/1] 0.00ns
.preheader17.preheader:46  %knn_set_8_2_V = alloca i6, align 1

ST_1: knn_set_8_3_V [1/1] 0.00ns
.preheader17.preheader:47  %knn_set_8_3_V = alloca i6, align 1

ST_1: knn_set_8_4_V [1/1] 0.00ns
.preheader17.preheader:48  %knn_set_8_4_V = alloca i6, align 1

ST_1: knn_set_9_0_V [1/1] 0.00ns
.preheader17.preheader:49  %knn_set_9_0_V = alloca i6, align 1

ST_1: knn_set_9_1_V [1/1] 0.00ns
.preheader17.preheader:50  %knn_set_9_1_V = alloca i6, align 1

ST_1: knn_set_9_2_V [1/1] 0.00ns
.preheader17.preheader:51  %knn_set_9_2_V = alloca i6, align 1

ST_1: knn_set_9_3_V [1/1] 0.00ns
.preheader17.preheader:52  %knn_set_9_3_V = alloca i6, align 1

ST_1: knn_set_9_4_V [1/1] 0.00ns
.preheader17.preheader:53  %knn_set_9_4_V = alloca i6, align 1

ST_1: stg_62 [1/1] 0.00ns
.preheader17.preheader:54  store i6 -14, i6* %knn_set_0_0_V, align 1

ST_1: stg_63 [1/1] 0.00ns
.preheader17.preheader:55  store i6 -14, i6* %knn_set_0_1_V, align 1

ST_1: stg_64 [1/1] 0.00ns
.preheader17.preheader:56  store i6 -14, i6* %knn_set_0_2_V, align 1

ST_1: stg_65 [1/1] 0.00ns
.preheader17.preheader:57  store i6 -14, i6* %knn_set_0_3_V, align 1

ST_1: stg_66 [1/1] 0.00ns
.preheader17.preheader:58  store i6 -14, i6* %knn_set_0_4_V, align 1

ST_1: stg_67 [1/1] 0.00ns
.preheader17.preheader:59  store i6 -14, i6* %knn_set_1_0_V, align 1

ST_1: stg_68 [1/1] 0.00ns
.preheader17.preheader:60  store i6 -14, i6* %knn_set_1_1_V, align 1

ST_1: stg_69 [1/1] 0.00ns
.preheader17.preheader:61  store i6 -14, i6* %knn_set_1_2_V, align 1

ST_1: stg_70 [1/1] 0.00ns
.preheader17.preheader:62  store i6 -14, i6* %knn_set_1_3_V, align 1

ST_1: stg_71 [1/1] 0.00ns
.preheader17.preheader:63  store i6 -14, i6* %knn_set_1_4_V, align 1

ST_1: stg_72 [1/1] 0.00ns
.preheader17.preheader:64  store i6 -14, i6* %knn_set_2_0_V, align 1

ST_1: stg_73 [1/1] 0.00ns
.preheader17.preheader:65  store i6 -14, i6* %knn_set_2_1_V, align 1

ST_1: stg_74 [1/1] 0.00ns
.preheader17.preheader:66  store i6 -14, i6* %knn_set_2_2_V, align 1

ST_1: stg_75 [1/1] 0.00ns
.preheader17.preheader:67  store i6 -14, i6* %knn_set_2_3_V, align 1

ST_1: stg_76 [1/1] 0.00ns
.preheader17.preheader:68  store i6 -14, i6* %knn_set_2_4_V, align 1

ST_1: stg_77 [1/1] 0.00ns
.preheader17.preheader:69  store i6 -14, i6* %knn_set_3_0_V, align 1

ST_1: stg_78 [1/1] 0.00ns
.preheader17.preheader:70  store i6 -14, i6* %knn_set_3_1_V, align 1

ST_1: stg_79 [1/1] 0.00ns
.preheader17.preheader:71  store i6 -14, i6* %knn_set_3_2_V, align 1

ST_1: stg_80 [1/1] 0.00ns
.preheader17.preheader:72  store i6 -14, i6* %knn_set_3_3_V, align 1

ST_1: stg_81 [1/1] 0.00ns
.preheader17.preheader:73  store i6 -14, i6* %knn_set_3_4_V, align 1

ST_1: stg_82 [1/1] 0.00ns
.preheader17.preheader:74  store i6 -14, i6* %knn_set_4_0_V, align 1

ST_1: stg_83 [1/1] 0.00ns
.preheader17.preheader:75  store i6 -14, i6* %knn_set_4_1_V, align 1

ST_1: stg_84 [1/1] 0.00ns
.preheader17.preheader:76  store i6 -14, i6* %knn_set_4_2_V, align 1

ST_1: stg_85 [1/1] 0.00ns
.preheader17.preheader:77  store i6 -14, i6* %knn_set_4_3_V, align 1

ST_1: stg_86 [1/1] 0.00ns
.preheader17.preheader:78  store i6 -14, i6* %knn_set_4_4_V, align 1

ST_1: stg_87 [1/1] 0.00ns
.preheader17.preheader:79  store i6 -14, i6* %knn_set_5_0_V, align 1

ST_1: stg_88 [1/1] 0.00ns
.preheader17.preheader:80  store i6 -14, i6* %knn_set_5_1_V, align 1

ST_1: stg_89 [1/1] 0.00ns
.preheader17.preheader:81  store i6 -14, i6* %knn_set_5_2_V, align 1

ST_1: stg_90 [1/1] 0.00ns
.preheader17.preheader:82  store i6 -14, i6* %knn_set_5_3_V, align 1

ST_1: stg_91 [1/1] 0.00ns
.preheader17.preheader:83  store i6 -14, i6* %knn_set_5_4_V, align 1

ST_1: stg_92 [1/1] 0.00ns
.preheader17.preheader:84  store i6 -14, i6* %knn_set_6_0_V, align 1

ST_1: stg_93 [1/1] 0.00ns
.preheader17.preheader:85  store i6 -14, i6* %knn_set_6_1_V, align 1

ST_1: stg_94 [1/1] 0.00ns
.preheader17.preheader:86  store i6 -14, i6* %knn_set_6_2_V, align 1

ST_1: stg_95 [1/1] 0.00ns
.preheader17.preheader:87  store i6 -14, i6* %knn_set_6_3_V, align 1

ST_1: stg_96 [1/1] 0.00ns
.preheader17.preheader:88  store i6 -14, i6* %knn_set_6_4_V, align 1

ST_1: stg_97 [1/1] 0.00ns
.preheader17.preheader:89  store i6 -14, i6* %knn_set_7_0_V, align 1

ST_1: stg_98 [1/1] 0.00ns
.preheader17.preheader:90  store i6 -14, i6* %knn_set_7_1_V, align 1

ST_1: stg_99 [1/1] 0.00ns
.preheader17.preheader:91  store i6 -14, i6* %knn_set_7_2_V, align 1

ST_1: stg_100 [1/1] 0.00ns
.preheader17.preheader:92  store i6 -14, i6* %knn_set_7_3_V, align 1

ST_1: stg_101 [1/1] 0.00ns
.preheader17.preheader:93  store i6 -14, i6* %knn_set_7_4_V, align 1

ST_1: stg_102 [1/1] 0.00ns
.preheader17.preheader:94  store i6 -14, i6* %knn_set_8_0_V, align 1

ST_1: stg_103 [1/1] 0.00ns
.preheader17.preheader:95  store i6 -14, i6* %knn_set_8_1_V, align 1

ST_1: stg_104 [1/1] 0.00ns
.preheader17.preheader:96  store i6 -14, i6* %knn_set_8_2_V, align 1

ST_1: stg_105 [1/1] 0.00ns
.preheader17.preheader:97  store i6 -14, i6* %knn_set_8_3_V, align 1

ST_1: stg_106 [1/1] 0.00ns
.preheader17.preheader:98  store i6 -14, i6* %knn_set_8_4_V, align 1

ST_1: stg_107 [1/1] 0.00ns
.preheader17.preheader:99  store i6 -14, i6* %knn_set_9_0_V, align 1

ST_1: stg_108 [1/1] 0.00ns
.preheader17.preheader:100  store i6 -14, i6* %knn_set_9_1_V, align 1

ST_1: stg_109 [1/1] 0.00ns
.preheader17.preheader:101  store i6 -14, i6* %knn_set_9_2_V, align 1

ST_1: stg_110 [1/1] 0.00ns
.preheader17.preheader:102  store i6 -14, i6* %knn_set_9_3_V, align 1

ST_1: stg_111 [1/1] 0.00ns
.preheader17.preheader:103  store i6 -14, i6* %knn_set_9_4_V, align 1

ST_1: stg_112 [1/1] 1.57ns
.preheader17.preheader:104  br label %.preheader


 <State 2>: 4.35ns
ST_2: i4 [1/1] 0.00ns
.preheader:0  %i4 = phi i11 [ %i, %0 ], [ 0, %.preheader17.preheader ]

ST_2: exitcond3 [1/1] 2.11ns
.preheader:1  %exitcond3 = icmp eq i11 %i4, -248

ST_2: i [1/1] 1.84ns
.preheader:2  %i = add i11 %i4, 1

ST_2: stg_116 [1/1] 0.00ns
.preheader:3  br i1 %exitcond3, label %1, label %0

ST_2: i4_cast4 [1/1] 0.00ns
:0  %i4_cast4 = zext i11 %i4 to i15

ST_2: i4_cast3 [1/1] 0.00ns
:1  %i4_cast3 = zext i11 %i4 to i14

ST_2: i4_cast3_cast7 [1/1] 0.00ns
:2  %i4_cast3_cast7 = zext i11 %i4 to i12

ST_2: i4_cast3_cast [1/1] 0.00ns
:3  %i4_cast3_cast = zext i11 %i4 to i13

ST_2: tmp_3 [1/1] 0.00ns
:8  %tmp_3 = zext i11 %i4 to i64

ST_2: training_data_V_addr [1/1] 0.00ns
:9  %training_data_V_addr = getelementptr [18000 x i48]* @training_data_V, i64 0, i64 %tmp_3

ST_2: training_data_V_load [2/2] 2.39ns
:10  %training_data_V_load = load i48* %training_data_V_addr, align 8

ST_2: tmp_2_1 [1/1] 1.84ns
:12  %tmp_2_1 = add i12 %i4_cast3_cast7, 1800

ST_2: tmp_3_1 [1/1] 0.00ns
:13  %tmp_3_1 = zext i12 %tmp_2_1 to i64

ST_2: training_data_V_addr_1 [1/1] 0.00ns
:14  %training_data_V_addr_1 = getelementptr [18000 x i48]* @training_data_V, i64 0, i64 %tmp_3_1

ST_2: training_data_V_load_1 [2/2] 2.39ns
:15  %training_data_V_load_1 = load i48* %training_data_V_addr_1, align 8

ST_2: tmp_2_2 [1/1] 1.96ns
:17  %tmp_2_2 = add i13 %i4_cast3_cast, 3600

ST_2: tmp_3_2 [1/1] 0.00ns
:18  %tmp_3_2 = zext i13 %tmp_2_2 to i64

ST_2: training_data_V_addr_2 [1/1] 0.00ns
:19  %training_data_V_addr_2 = getelementptr [18000 x i48]* @training_data_V, i64 0, i64 %tmp_3_2

ST_2: training_data_V_load_2 [2/2] 2.39ns
:20  %training_data_V_load_2 = load i48* %training_data_V_addr_2, align 8

ST_2: tmp_2_3 [1/1] 1.96ns
:22  %tmp_2_3 = add i13 %i4_cast3_cast, -2792

ST_2: tmp_3_3 [1/1] 0.00ns
:23  %tmp_3_3 = zext i13 %tmp_2_3 to i64

ST_2: training_data_V_addr_3 [1/1] 0.00ns
:24  %training_data_V_addr_3 = getelementptr [18000 x i48]* @training_data_V, i64 0, i64 %tmp_3_3

ST_2: training_data_V_load_3 [2/2] 2.39ns
:25  %training_data_V_load_3 = load i48* %training_data_V_addr_3, align 8

ST_2: tmp_2_4 [1/1] 1.96ns
:27  %tmp_2_4 = add i14 %i4_cast3, 7200

ST_2: tmp_3_4 [1/1] 0.00ns
:28  %tmp_3_4 = zext i14 %tmp_2_4 to i64

ST_2: training_data_V_addr_4 [1/1] 0.00ns
:29  %training_data_V_addr_4 = getelementptr [18000 x i48]* @training_data_V, i64 0, i64 %tmp_3_4

ST_2: training_data_V_load_4 [2/2] 2.39ns
:30  %training_data_V_load_4 = load i48* %training_data_V_addr_4, align 8

ST_2: tmp_2_5 [1/1] 1.96ns
:32  %tmp_2_5 = add i14 %i4_cast3, -7384

ST_2: tmp_3_5 [1/1] 0.00ns
:33  %tmp_3_5 = zext i14 %tmp_2_5 to i64

ST_2: training_data_V_addr_5 [1/1] 0.00ns
:34  %training_data_V_addr_5 = getelementptr [18000 x i48]* @training_data_V, i64 0, i64 %tmp_3_5

ST_2: training_data_V_load_5 [2/2] 2.39ns
:35  %training_data_V_load_5 = load i48* %training_data_V_addr_5, align 8

ST_2: tmp_2_6 [1/1] 1.96ns
:37  %tmp_2_6 = add i14 %i4_cast3, -5584

ST_2: tmp_3_6 [1/1] 0.00ns
:38  %tmp_3_6 = zext i14 %tmp_2_6 to i64

ST_2: training_data_V_addr_6 [1/1] 0.00ns
:39  %training_data_V_addr_6 = getelementptr [18000 x i48]* @training_data_V, i64 0, i64 %tmp_3_6

ST_2: training_data_V_load_6 [2/2] 2.39ns
:40  %training_data_V_load_6 = load i48* %training_data_V_addr_6, align 8

ST_2: tmp_2_7 [1/1] 1.96ns
:42  %tmp_2_7 = add i13 %i4_cast3_cast, -3784

ST_2: tmp_2_7_cast6 [1/1] 0.00ns
:43  %tmp_2_7_cast6 = sext i13 %tmp_2_7 to i14

ST_2: tmp_3_7 [1/1] 0.00ns
:44  %tmp_3_7 = zext i14 %tmp_2_7_cast6 to i64

ST_2: training_data_V_addr_7 [1/1] 0.00ns
:45  %training_data_V_addr_7 = getelementptr [18000 x i48]* @training_data_V, i64 0, i64 %tmp_3_7

ST_2: training_data_V_load_7 [2/2] 2.39ns
:46  %training_data_V_load_7 = load i48* %training_data_V_addr_7, align 8

ST_2: tmp_2_8 [1/1] 1.84ns
:48  %tmp_2_8 = add i12 %i4_cast3_cast7, -1984

ST_2: tmp_2_8_cast5 [1/1] 0.00ns
:49  %tmp_2_8_cast5 = sext i12 %tmp_2_8 to i14

ST_2: tmp_3_8 [1/1] 0.00ns
:50  %tmp_3_8 = zext i14 %tmp_2_8_cast5 to i64

ST_2: training_data_V_addr_8 [1/1] 0.00ns
:51  %training_data_V_addr_8 = getelementptr [18000 x i48]* @training_data_V, i64 0, i64 %tmp_3_8

ST_2: training_data_V_load_8 [2/2] 2.39ns
:52  %training_data_V_load_8 = load i48* %training_data_V_addr_8, align 8

ST_2: tmp_2_9 [1/1] 1.96ns
:54  %tmp_2_9 = add i15 %i4_cast4, 16200

ST_2: tmp_3_9 [1/1] 0.00ns
:55  %tmp_3_9 = zext i15 %tmp_2_9 to i64

ST_2: training_data_V_addr_9 [1/1] 0.00ns
:56  %training_data_V_addr_9 = getelementptr [18000 x i48]* @training_data_V, i64 0, i64 %tmp_3_9

ST_2: training_data_V_load_9 [2/2] 2.39ns
:57  %training_data_V_load_9 = load i48* %training_data_V_addr_9, align 8


 <State 3>: 2.39ns
ST_3: training_data_V_load [1/2] 2.39ns
:10  %training_data_V_load = load i48* %training_data_V_addr, align 8

ST_3: training_data_V_load_1 [1/2] 2.39ns
:15  %training_data_V_load_1 = load i48* %training_data_V_addr_1, align 8

ST_3: training_data_V_load_2 [1/2] 2.39ns
:20  %training_data_V_load_2 = load i48* %training_data_V_addr_2, align 8

ST_3: training_data_V_load_3 [1/2] 2.39ns
:25  %training_data_V_load_3 = load i48* %training_data_V_addr_3, align 8

ST_3: training_data_V_load_4 [1/2] 2.39ns
:30  %training_data_V_load_4 = load i48* %training_data_V_addr_4, align 8

ST_3: training_data_V_load_5 [1/2] 2.39ns
:35  %training_data_V_load_5 = load i48* %training_data_V_addr_5, align 8

ST_3: training_data_V_load_6 [1/2] 2.39ns
:40  %training_data_V_load_6 = load i48* %training_data_V_addr_6, align 8

ST_3: training_data_V_load_7 [1/2] 2.39ns
:46  %training_data_V_load_7 = load i48* %training_data_V_addr_7, align 8

ST_3: training_data_V_load_8 [1/2] 2.39ns
:52  %training_data_V_load_8 = load i48* %training_data_V_addr_8, align 8

ST_3: training_data_V_load_9 [1/2] 2.39ns
:57  %training_data_V_load_9 = load i48* %training_data_V_addr_9, align 8


 <State 4>: 17.21ns
ST_4: stg_172 [2/2] 17.21ns
:11  call fastcc void @digitrec_update_knn(i49 %input_V_read, i48 %training_data_V_load, i6* %knn_set_0_0_V, i6* %knn_set_0_1_V, i6* %knn_set_0_2_V, i6* %knn_set_0_3_V, i6* %knn_set_0_4_V)

ST_4: stg_173 [2/2] 17.21ns
:16  call fastcc void @digitrec_update_knn(i49 %input_V_read, i48 %training_data_V_load_1, i6* %knn_set_1_0_V, i6* %knn_set_1_1_V, i6* %knn_set_1_2_V, i6* %knn_set_1_3_V, i6* %knn_set_1_4_V)

ST_4: stg_174 [2/2] 17.21ns
:21  call fastcc void @digitrec_update_knn(i49 %input_V_read, i48 %training_data_V_load_2, i6* %knn_set_2_0_V, i6* %knn_set_2_1_V, i6* %knn_set_2_2_V, i6* %knn_set_2_3_V, i6* %knn_set_2_4_V)

ST_4: stg_175 [2/2] 17.21ns
:26  call fastcc void @digitrec_update_knn(i49 %input_V_read, i48 %training_data_V_load_3, i6* %knn_set_3_0_V, i6* %knn_set_3_1_V, i6* %knn_set_3_2_V, i6* %knn_set_3_3_V, i6* %knn_set_3_4_V)

ST_4: stg_176 [2/2] 17.21ns
:31  call fastcc void @digitrec_update_knn(i49 %input_V_read, i48 %training_data_V_load_4, i6* %knn_set_4_0_V, i6* %knn_set_4_1_V, i6* %knn_set_4_2_V, i6* %knn_set_4_3_V, i6* %knn_set_4_4_V)

ST_4: stg_177 [2/2] 17.21ns
:36  call fastcc void @digitrec_update_knn(i49 %input_V_read, i48 %training_data_V_load_5, i6* %knn_set_5_0_V, i6* %knn_set_5_1_V, i6* %knn_set_5_2_V, i6* %knn_set_5_3_V, i6* %knn_set_5_4_V)

ST_4: stg_178 [2/2] 17.21ns
:41  call fastcc void @digitrec_update_knn(i49 %input_V_read, i48 %training_data_V_load_6, i6* %knn_set_6_0_V, i6* %knn_set_6_1_V, i6* %knn_set_6_2_V, i6* %knn_set_6_3_V, i6* %knn_set_6_4_V)

ST_4: stg_179 [2/2] 17.21ns
:47  call fastcc void @digitrec_update_knn(i49 %input_V_read, i48 %training_data_V_load_7, i6* %knn_set_7_0_V, i6* %knn_set_7_1_V, i6* %knn_set_7_2_V, i6* %knn_set_7_3_V, i6* %knn_set_7_4_V)

ST_4: stg_180 [2/2] 17.21ns
:53  call fastcc void @digitrec_update_knn(i49 %input_V_read, i48 %training_data_V_load_8, i6* %knn_set_8_0_V, i6* %knn_set_8_1_V, i6* %knn_set_8_2_V, i6* %knn_set_8_3_V, i6* %knn_set_8_4_V)

ST_4: stg_181 [2/2] 17.21ns
:58  call fastcc void @digitrec_update_knn(i49 %input_V_read, i48 %training_data_V_load_9, i6* %knn_set_9_0_V, i6* %knn_set_9_1_V, i6* %knn_set_9_2_V, i6* %knn_set_9_3_V, i6* %knn_set_9_4_V)


 <State 5>: 8.72ns
ST_5: empty [1/1] 0.00ns
:4  %empty = call i32 (...)* @_ssdm_op_SpecLoopTripCount(i64 1800, i64 1800, i64 1800)

ST_5: stg_183 [1/1] 0.00ns
:5  call void (...)* @_ssdm_op_SpecLoopName([8 x i8]* @p_str4) nounwind

ST_5: tmp_s [1/1] 0.00ns
:6  %tmp_s = call i32 (...)* @_ssdm_op_SpecRegionBegin([8 x i8]* @p_str4)

ST_5: stg_185 [1/1] 0.00ns
:7  call void (...)* @_ssdm_op_SpecPipeline(i32 -1, i32 1, i32 1, i32 0, [1 x i8]* @p_str2) nounwind

ST_5: stg_186 [1/2] 8.72ns
:11  call fastcc void @digitrec_update_knn(i49 %input_V_read, i48 %training_data_V_load, i6* %knn_set_0_0_V, i6* %knn_set_0_1_V, i6* %knn_set_0_2_V, i6* %knn_set_0_3_V, i6* %knn_set_0_4_V)

ST_5: stg_187 [1/2] 8.72ns
:16  call fastcc void @digitrec_update_knn(i49 %input_V_read, i48 %training_data_V_load_1, i6* %knn_set_1_0_V, i6* %knn_set_1_1_V, i6* %knn_set_1_2_V, i6* %knn_set_1_3_V, i6* %knn_set_1_4_V)

ST_5: stg_188 [1/2] 8.72ns
:21  call fastcc void @digitrec_update_knn(i49 %input_V_read, i48 %training_data_V_load_2, i6* %knn_set_2_0_V, i6* %knn_set_2_1_V, i6* %knn_set_2_2_V, i6* %knn_set_2_3_V, i6* %knn_set_2_4_V)

ST_5: stg_189 [1/2] 8.72ns
:26  call fastcc void @digitrec_update_knn(i49 %input_V_read, i48 %training_data_V_load_3, i6* %knn_set_3_0_V, i6* %knn_set_3_1_V, i6* %knn_set_3_2_V, i6* %knn_set_3_3_V, i6* %knn_set_3_4_V)

ST_5: stg_190 [1/2] 8.72ns
:31  call fastcc void @digitrec_update_knn(i49 %input_V_read, i48 %training_data_V_load_4, i6* %knn_set_4_0_V, i6* %knn_set_4_1_V, i6* %knn_set_4_2_V, i6* %knn_set_4_3_V, i6* %knn_set_4_4_V)

ST_5: stg_191 [1/2] 8.72ns
:36  call fastcc void @digitrec_update_knn(i49 %input_V_read, i48 %training_data_V_load_5, i6* %knn_set_5_0_V, i6* %knn_set_5_1_V, i6* %knn_set_5_2_V, i6* %knn_set_5_3_V, i6* %knn_set_5_4_V)

ST_5: stg_192 [1/2] 8.72ns
:41  call fastcc void @digitrec_update_knn(i49 %input_V_read, i48 %training_data_V_load_6, i6* %knn_set_6_0_V, i6* %knn_set_6_1_V, i6* %knn_set_6_2_V, i6* %knn_set_6_3_V, i6* %knn_set_6_4_V)

ST_5: stg_193 [1/2] 8.72ns
:47  call fastcc void @digitrec_update_knn(i49 %input_V_read, i48 %training_data_V_load_7, i6* %knn_set_7_0_V, i6* %knn_set_7_1_V, i6* %knn_set_7_2_V, i6* %knn_set_7_3_V, i6* %knn_set_7_4_V)

ST_5: stg_194 [1/2] 8.72ns
:53  call fastcc void @digitrec_update_knn(i49 %input_V_read, i48 %training_data_V_load_8, i6* %knn_set_8_0_V, i6* %knn_set_8_1_V, i6* %knn_set_8_2_V, i6* %knn_set_8_3_V, i6* %knn_set_8_4_V)

ST_5: stg_195 [1/2] 8.72ns
:58  call fastcc void @digitrec_update_knn(i49 %input_V_read, i48 %training_data_V_load_9, i6* %knn_set_9_0_V, i6* %knn_set_9_1_V, i6* %knn_set_9_2_V, i6* %knn_set_9_3_V, i6* %knn_set_9_4_V)

ST_5: empty_3 [1/1] 0.00ns
:59  %empty_3 = call i32 (...)* @_ssdm_op_SpecRegionEnd([8 x i8]* @p_str4, i32 %tmp_s)

ST_5: stg_197 [1/1] 0.00ns
:60  br label %.preheader


 <State 6>: 8.56ns
ST_6: knn_set_0_0_V_load [1/1] 0.00ns
:0  %knn_set_0_0_V_load = load i6* %knn_set_0_0_V, align 1

ST_6: knn_set_0_1_V_load [1/1] 0.00ns
:1  %knn_set_0_1_V_load = load i6* %knn_set_0_1_V, align 1

ST_6: knn_set_0_2_V_load [1/1] 0.00ns
:2  %knn_set_0_2_V_load = load i6* %knn_set_0_2_V, align 1

ST_6: knn_set_0_3_V_load [1/1] 0.00ns
:3  %knn_set_0_3_V_load = load i6* %knn_set_0_3_V, align 1

ST_6: knn_set_0_4_V_load [1/1] 0.00ns
:4  %knn_set_0_4_V_load = load i6* %knn_set_0_4_V, align 1

ST_6: knn_set_1_0_V_load [1/1] 0.00ns
:5  %knn_set_1_0_V_load = load i6* %knn_set_1_0_V, align 1

ST_6: knn_set_1_1_V_load [1/1] 0.00ns
:6  %knn_set_1_1_V_load = load i6* %knn_set_1_1_V, align 1

ST_6: knn_set_1_2_V_load [1/1] 0.00ns
:7  %knn_set_1_2_V_load = load i6* %knn_set_1_2_V, align 1

ST_6: knn_set_1_3_V_load [1/1] 0.00ns
:8  %knn_set_1_3_V_load = load i6* %knn_set_1_3_V, align 1

ST_6: knn_set_1_4_V_load [1/1] 0.00ns
:9  %knn_set_1_4_V_load = load i6* %knn_set_1_4_V, align 1

ST_6: knn_set_2_0_V_load [1/1] 0.00ns
:10  %knn_set_2_0_V_load = load i6* %knn_set_2_0_V, align 1

ST_6: knn_set_2_1_V_load [1/1] 0.00ns
:11  %knn_set_2_1_V_load = load i6* %knn_set_2_1_V, align 1

ST_6: knn_set_2_2_V_load [1/1] 0.00ns
:12  %knn_set_2_2_V_load = load i6* %knn_set_2_2_V, align 1

ST_6: knn_set_2_3_V_load [1/1] 0.00ns
:13  %knn_set_2_3_V_load = load i6* %knn_set_2_3_V, align 1

ST_6: knn_set_2_4_V_load [1/1] 0.00ns
:14  %knn_set_2_4_V_load = load i6* %knn_set_2_4_V, align 1

ST_6: knn_set_3_0_V_load [1/1] 0.00ns
:15  %knn_set_3_0_V_load = load i6* %knn_set_3_0_V, align 1

ST_6: knn_set_3_1_V_load [1/1] 0.00ns
:16  %knn_set_3_1_V_load = load i6* %knn_set_3_1_V, align 1

ST_6: knn_set_3_2_V_load [1/1] 0.00ns
:17  %knn_set_3_2_V_load = load i6* %knn_set_3_2_V, align 1

ST_6: knn_set_3_3_V_load [1/1] 0.00ns
:18  %knn_set_3_3_V_load = load i6* %knn_set_3_3_V, align 1

ST_6: knn_set_3_4_V_load [1/1] 0.00ns
:19  %knn_set_3_4_V_load = load i6* %knn_set_3_4_V, align 1

ST_6: knn_set_4_0_V_load [1/1] 0.00ns
:20  %knn_set_4_0_V_load = load i6* %knn_set_4_0_V, align 1

ST_6: knn_set_4_1_V_load [1/1] 0.00ns
:21  %knn_set_4_1_V_load = load i6* %knn_set_4_1_V, align 1

ST_6: knn_set_4_2_V_load [1/1] 0.00ns
:22  %knn_set_4_2_V_load = load i6* %knn_set_4_2_V, align 1

ST_6: knn_set_4_3_V_load [1/1] 0.00ns
:23  %knn_set_4_3_V_load = load i6* %knn_set_4_3_V, align 1

ST_6: knn_set_4_4_V_load [1/1] 0.00ns
:24  %knn_set_4_4_V_load = load i6* %knn_set_4_4_V, align 1

ST_6: knn_set_5_0_V_load [1/1] 0.00ns
:25  %knn_set_5_0_V_load = load i6* %knn_set_5_0_V, align 1

ST_6: knn_set_5_1_V_load [1/1] 0.00ns
:26  %knn_set_5_1_V_load = load i6* %knn_set_5_1_V, align 1

ST_6: knn_set_5_2_V_load [1/1] 0.00ns
:27  %knn_set_5_2_V_load = load i6* %knn_set_5_2_V, align 1

ST_6: knn_set_5_3_V_load [1/1] 0.00ns
:28  %knn_set_5_3_V_load = load i6* %knn_set_5_3_V, align 1

ST_6: knn_set_5_4_V_load [1/1] 0.00ns
:29  %knn_set_5_4_V_load = load i6* %knn_set_5_4_V, align 1

ST_6: knn_set_6_0_V_load [1/1] 0.00ns
:30  %knn_set_6_0_V_load = load i6* %knn_set_6_0_V, align 1

ST_6: knn_set_6_1_V_load [1/1] 0.00ns
:31  %knn_set_6_1_V_load = load i6* %knn_set_6_1_V, align 1

ST_6: knn_set_6_2_V_load [1/1] 0.00ns
:32  %knn_set_6_2_V_load = load i6* %knn_set_6_2_V, align 1

ST_6: knn_set_6_3_V_load [1/1] 0.00ns
:33  %knn_set_6_3_V_load = load i6* %knn_set_6_3_V, align 1

ST_6: knn_set_6_4_V_load [1/1] 0.00ns
:34  %knn_set_6_4_V_load = load i6* %knn_set_6_4_V, align 1

ST_6: knn_set_7_0_V_load [1/1] 0.00ns
:35  %knn_set_7_0_V_load = load i6* %knn_set_7_0_V, align 1

ST_6: knn_set_7_1_V_load [1/1] 0.00ns
:36  %knn_set_7_1_V_load = load i6* %knn_set_7_1_V, align 1

ST_6: knn_set_7_2_V_load [1/1] 0.00ns
:37  %knn_set_7_2_V_load = load i6* %knn_set_7_2_V, align 1

ST_6: knn_set_7_3_V_load [1/1] 0.00ns
:38  %knn_set_7_3_V_load = load i6* %knn_set_7_3_V, align 1

ST_6: knn_set_7_4_V_load [1/1] 0.00ns
:39  %knn_set_7_4_V_load = load i6* %knn_set_7_4_V, align 1

ST_6: knn_set_8_0_V_load [1/1] 0.00ns
:40  %knn_set_8_0_V_load = load i6* %knn_set_8_0_V, align 1

ST_6: knn_set_8_1_V_load [1/1] 0.00ns
:41  %knn_set_8_1_V_load = load i6* %knn_set_8_1_V, align 1

ST_6: knn_set_8_2_V_load [1/1] 0.00ns
:42  %knn_set_8_2_V_load = load i6* %knn_set_8_2_V, align 1

ST_6: knn_set_8_3_V_load [1/1] 0.00ns
:43  %knn_set_8_3_V_load = load i6* %knn_set_8_3_V, align 1

ST_6: knn_set_8_4_V_load [1/1] 0.00ns
:44  %knn_set_8_4_V_load = load i6* %knn_set_8_4_V, align 1

ST_6: knn_set_9_0_V_load [1/1] 0.00ns
:45  %knn_set_9_0_V_load = load i6* %knn_set_9_0_V, align 1

ST_6: knn_set_9_1_V_load [1/1] 0.00ns
:46  %knn_set_9_1_V_load = load i6* %knn_set_9_1_V, align 1

ST_6: knn_set_9_2_V_load [1/1] 0.00ns
:47  %knn_set_9_2_V_load = load i6* %knn_set_9_2_V, align 1

ST_6: knn_set_9_3_V_load [1/1] 0.00ns
:48  %knn_set_9_3_V_load = load i6* %knn_set_9_3_V, align 1

ST_6: knn_set_9_4_V_load [1/1] 0.00ns
:49  %knn_set_9_4_V_load = load i6* %knn_set_9_4_V, align 1

ST_6: agg_result_V_s [2/2] 8.56ns
:50  %agg_result_V_s = call fastcc i4 @digitrec_knn_vote(i6 %knn_set_0_0_V_load, i6 %knn_set_0_1_V_load, i6 %knn_set_0_2_V_load, i6 %knn_set_0_3_V_load, i6 %knn_set_0_4_V_load, i6 %knn_set_1_0_V_load, i6 %knn_set_1_1_V_load, i6 %knn_set_1_2_V_load, i6 %knn_set_1_3_V_load, i6 %knn_set_1_4_V_load, i6 %knn_set_2_0_V_load, i6 %knn_set_2_1_V_load, i6 %knn_set_2_2_V_load, i6 %knn_set_2_3_V_load, i6 %knn_set_2_4_V_load, i6 %knn_set_3_0_V_load, i6 %knn_set_3_1_V_load, i6 %knn_set_3_2_V_load, i6 %knn_set_3_3_V_load, i6 %knn_set_3_4_V_load, i6 %knn_set_4_0_V_load, i6 %knn_set_4_1_V_load, i6 %knn_set_4_2_V_load, i6 %knn_set_4_3_V_load, i6 %knn_set_4_4_V_load, i6 %knn_set_5_0_V_load, i6 %knn_set_5_1_V_load, i6 %knn_set_5_2_V_load, i6 %knn_set_5_3_V_load, i6 %knn_set_5_4_V_load, i6 %knn_set_6_0_V_load, i6 %knn_set_6_1_V_load, i6 %knn_set_6_2_V_load, i6 %knn_set_6_3_V_load, i6 %knn_set_6_4_V_load, i6 %knn_set_7_0_V_load, i6 %knn_set_7_1_V_load, i6 %knn_set_7_2_V_load, i6 %knn_set_7_3_V_load, i6 %knn_set_7_4_V_load, i6 %knn_set_8_0_V_load, i6 %knn_set_8_1_V_load, i6 %knn_set_8_2_V_load, i6 %knn_set_8_3_V_load, i6 %knn_set_8_4_V_load, i6 %knn_set_9_0_V_load, i6 %knn_set_9_1_V_load, i6 %knn_set_9_2_V_load, i6 %knn_set_9_3_V_load, i6 %knn_set_9_4_V_load)


 <State 7>: 8.56ns
ST_7: agg_result_V_s [1/2] 8.56ns
:50  %agg_result_V_s = call fastcc i4 @digitrec_knn_vote(i6 %knn_set_0_0_V_load, i6 %knn_set_0_1_V_load, i6 %knn_set_0_2_V_load, i6 %knn_set_0_3_V_load, i6 %knn_set_0_4_V_load, i6 %knn_set_1_0_V_load, i6 %knn_set_1_1_V_load, i6 %knn_set_1_2_V_load, i6 %knn_set_1_3_V_load, i6 %knn_set_1_4_V_load, i6 %knn_set_2_0_V_load, i6 %knn_set_2_1_V_load, i6 %knn_set_2_2_V_load, i6 %knn_set_2_3_V_load, i6 %knn_set_2_4_V_load, i6 %knn_set_3_0_V_load, i6 %knn_set_3_1_V_load, i6 %knn_set_3_2_V_load, i6 %knn_set_3_3_V_load, i6 %knn_set_3_4_V_load, i6 %knn_set_4_0_V_load, i6 %knn_set_4_1_V_load, i6 %knn_set_4_2_V_load, i6 %knn_set_4_3_V_load, i6 %knn_set_4_4_V_load, i6 %knn_set_5_0_V_load, i6 %knn_set_5_1_V_load, i6 %knn_set_5_2_V_load, i6 %knn_set_5_3_V_load, i6 %knn_set_5_4_V_load, i6 %knn_set_6_0_V_load, i6 %knn_set_6_1_V_load, i6 %knn_set_6_2_V_load, i6 %knn_set_6_3_V_load, i6 %knn_set_6_4_V_load, i6 %knn_set_7_0_V_load, i6 %knn_set_7_1_V_load, i6 %knn_set_7_2_V_load, i6 %knn_set_7_3_V_load, i6 %knn_set_7_4_V_load, i6 %knn_set_8_0_V_load, i6 %knn_set_8_1_V_load, i6 %knn_set_8_2_V_load, i6 %knn_set_8_3_V_load, i6 %knn_set_8_4_V_load, i6 %knn_set_9_0_V_load, i6 %knn_set_9_1_V_load, i6 %knn_set_9_2_V_load, i6 %knn_set_9_3_V_load, i6 %knn_set_9_4_V_load)

ST_7: stg_250 [1/1] 0.00ns
:51  ret i4 %agg_result_V_s



============================================================
+ Verbose Summary: Timing violations
============================================================
Target clock period: 10ns, clock uncertainty: 1.25ns.

 <State 4>: 17.2ns
The critical path consists of the following:
	'call' operation (digitrec.cpp:42) to 'digitrec_update_knn' (17.2 ns)


============================================================
+ Verbose Summary: Binding
============================================================
N/A
* FSMD analyzer results:
  - Output states:
 - Input state : 
  - Chain level:
	State 1
	State 2
	State 3
	State 4
	State 5
	State 6
	State 7


============================================================
+ Verbose Summary: Datapath Resource usage 
============================================================
N/A
