@I [HLS-0] Workspace /home/rjc422/ece5775_digitrec/2-nn.prj/solution1 opened at Wed Jun 16 13:43:03 EDT 2021
@I [HLS-100] Command 'open_solution' returned 0; elapsed 0.07Total elapsed time: 48.641 sec.
@I [HLS-100] Command "set_part xc7z020clg484-1 "
@I [HLS-100] Command "add_library xilinx/zynq/zynq:xc7z020:clg484:-1 "
@I [HLS-100] Command "get_default_platform "
@I [HLS-100] Command 'get_default_platform' returned 0; elapsed 0Total elapsed time: 48.648 sec.
@I [HLS-100] Command "license_isbetapart xc7z020 "
@I [HLS-100] Command 'license_isbetapart' returned 1; elapsed 0Total elapsed time: 48.649 sec.
@I [HLS-100] Command "open_platform DefaultPlatform "
@I [HLS-100] Command 'open_platform' returned 0; elapsed 0Total elapsed time: 48.649 sec.
@I [HLS-100] Command "import_lib /opt/xilinx/xilinx_2016.2/Vivado_HLS/2016.2/common/technology/xilinx/zynq/zynq "
@I [HLS-100] Command "source /opt/xilinx/xilinx_2016.2/Vivado_HLS/2016.2/common/technology/xilinx/common/xilinx.lib "
@I [HLS-100] Command "source /opt/xilinx/xilinx_2016.2/Vivado_HLS/2016.2/common/technology/xilinx/interface/xilinx_interface.lib "
@I [HLS-100] Command "source /opt/xilinx/xilinx_2016.2/Vivado_HLS/2016.2/common/technology/xilinx/interface/plb46.lib "
@I [HLS-100] Command 'ap_source' returned 0; elapsed 0Total elapsed time: 48.651 sec.
@I [HLS-100] Command "source /opt/xilinx/xilinx_2016.2/Vivado_HLS/2016.2/common/technology/xilinx/interface/fsl.lib "
@I [HLS-100] Command 'ap_source' returned 0; elapsed 0Total elapsed time: 48.651 sec.
@I [HLS-100] Command "source /opt/xilinx/xilinx_2016.2/Vivado_HLS/2016.2/common/technology/xilinx/interface/axi4.lib "
@I [HLS-100] Command 'ap_source' returned 0; elapsed 0Total elapsed time: 48.652 sec.
@I [HLS-100] Command "source /opt/xilinx/xilinx_2016.2/Vivado_HLS/2016.2/common/technology/xilinx/interface/maxi.lib "
@I [HLS-100] Command 'ap_source' returned 0; elapsed 0Total elapsed time: 48.652 sec.
@I [HLS-100] Command "source /opt/xilinx/xilinx_2016.2/Vivado_HLS/2016.2/common/technology/xilinx/interface/saxilite.lib "
@I [HLS-100] Command 'ap_source' returned 0; elapsed 0Total elapsed time: 48.653 sec.
@I [HLS-100] Command 'ap_source' returned 0; elapsed 0Total elapsed time: 48.653 sec.
@I [HLS-100] Command "source /opt/xilinx/xilinx_2016.2/Vivado_HLS/2016.2/common/technology/xilinx/common/dsp48.lib "
@I [HLS-100] Command 'ap_source' returned 0; elapsed 0Total elapsed time: 48.653 sec.
@I [HLS-100] Command "source /opt/xilinx/xilinx_2016.2/Vivado_HLS/2016.2/common/technology/xilinx/ip/dds_compiler.lib "
@I [HLS-100] Command 'ap_source' returned 0; elapsed 0Total elapsed time: 48.655 sec.
@I [HLS-100] Command "source /opt/xilinx/xilinx_2016.2/Vivado_HLS/2016.2/common/technology/xilinx/ip/xfft.lib "
@I [HLS-100] Command 'ap_source' returned 0; elapsed 0Total elapsed time: 48.655 sec.
@I [HLS-100] Command "source /opt/xilinx/xilinx_2016.2/Vivado_HLS/2016.2/common/technology/xilinx/ip/xfir.lib "
@I [HLS-100] Command 'ap_source' returned 0; elapsed 0Total elapsed time: 48.655 sec.
@I [HLS-100] Command 'ap_source' returned 0; elapsed 0.01Total elapsed time: 48.658 sec.
@I [HLS-100] Command "source /opt/xilinx/xilinx_2016.2/Vivado_HLS/2016.2/common/technology/xilinx/common/xilinx_old.lib "
@I [HLS-100] Command 'ap_source' returned 0; elapsed 0Total elapsed time: 48.662 sec.
@I [HLS-100] Command "source /opt/xilinx/xilinx_2016.2/Vivado_HLS/2016.2/common/technology/xilinx/common/xilinx_vivado.lib "
@I [HLS-100] Command 'ap_source' returned 0; elapsed 0Total elapsed time: 48.663 sec.
@I [HLS-100] Command "source /opt/xilinx/xilinx_2016.2/Vivado_HLS/2016.2/common/technology/xilinx/common/xilinx.hlp "
@I [HLS-100] Command "source /opt/xilinx/xilinx_2016.2/Vivado_HLS/2016.2/common/technology/xilinx/common/target_info.tcl "
@I [HLS-100] Command 'ap_source' returned 0; elapsed 0Total elapsed time: 48.666 sec.
@I [HLS-100] Command "source /opt/xilinx/xilinx_2016.2/Vivado_HLS/2016.2/common/technology/xilinx/interface/xilinx_interface.hlp "
@I [HLS-100] Command "source /opt/xilinx/xilinx_2016.2/Vivado_HLS/2016.2/common/technology/xilinx/interface/maxi.hlp "
@I [HLS-100] Command 'ap_source' returned 0; elapsed 0Total elapsed time: 48.667 sec.
@I [HLS-100] Command "source /opt/xilinx/xilinx_2016.2/Vivado_HLS/2016.2/common/technology/xilinx/interface/saxilite.hlp "
@I [HLS-100] Command 'ap_source' returned 0; elapsed 0Total elapsed time: 48.667 sec.
@I [HLS-100] Command 'ap_source' returned 0; elapsed 0Total elapsed time: 48.668 sec.
@I [HLS-100] Command "source /opt/xilinx/xilinx_2016.2/Vivado_HLS/2016.2/common/technology/xilinx/common/dsp48.hlp "
@I [HLS-100] Command 'ap_source' returned 0; elapsed 0.01Total elapsed time: 48.669 sec.
@I [HLS-100] Command 'ap_source' returned 0; elapsed 0.01Total elapsed time: 48.670 sec.
@I [HLS-100] Command "source /opt/xilinx/xilinx_2016.2/Vivado_HLS/2016.2/common/technology/xilinx/zynq/dsp48e1.hlp "
@I [HLS-100] Command 'ap_source' returned 0; elapsed 0Total elapsed time: 48.670 sec.
@I [HLS-100] Command "get_default_platform "
@I [HLS-100] Command 'get_default_platform' returned 0; elapsed 0Total elapsed time: 48.670 sec.
@I [HLS-100] Command "config_chip_info -quiet -resource  {SLICE 13300}  {LUT 53200}     {FF 106400} {DSP48E 220}   {BRAM 280}  "
@I [HLS-100] Command 'config_chip_info' returned 0; elapsed 0Total elapsed time: 48.671 sec.
@I [HLS-100] Command "config_chip_info -quiet -speed medium "
@I [HLS-100] Command 'config_chip_info' returned 0; elapsed 0Total elapsed time: 48.671 sec.
@I [HLS-100] Command 'import_lib' returned 0; elapsed 0.02Total elapsed time: 48.672 sec.
@I [HLS-100] Command "source /opt/xilinx/xilinx_2016.2/Vivado_HLS/2016.2/common/technology/xilinx/zynq/zynq.gen "
@I [HLS-100] Command "source /opt/xilinx/xilinx_2016.2/Vivado_HLS/2016.2/common/technology/xilinx/common/virtex.gen "
@I [HLS-100] Command "source /opt/xilinx/xilinx_2016.2/Vivado_HLS/2016.2/common/technology/xilinx/common/xilinx.gen "
@I [HLS-100] Command "source /opt/xilinx/xilinx_2016.2/Vivado_HLS/2016.2/common/technology/xilinx/interface/plb46.gen "
@I [HLS-100] Command 'ap_source' returned 0; elapsed 0Total elapsed time: 48.674 sec.
@I [HLS-100] Command "source /opt/xilinx/xilinx_2016.2/Vivado_HLS/2016.2/common/technology/xilinx/interface/fsl.gen "
@I [HLS-100] Command 'ap_source' returned 0; elapsed 0Total elapsed time: 48.675 sec.
@I [HLS-100] Command "source /opt/xilinx/xilinx_2016.2/Vivado_HLS/2016.2/common/technology/xilinx/interface/axi4.gen "
@I [HLS-100] Command 'ap_source' returned 0; elapsed 0Total elapsed time: 48.676 sec.
@I [HLS-100] Command "source /opt/xilinx/xilinx_2016.2/Vivado_HLS/2016.2/common/technology/xilinx/interface/nativeAXI4.gen "
@I [HLS-100] Command "source /opt/xilinx/xilinx_2016.2/Vivado_HLS/2016.2/common/technology/xilinx/interface/saxilite.gen "
@I [HLS-100] Command 'ap_source' returned 0; elapsed 0.01Total elapsed time: 48.680 sec.
@I [HLS-100] Command "source /opt/xilinx/xilinx_2016.2/Vivado_HLS/2016.2/common/technology/xilinx/interface/maxi.gen "
@I [HLS-100] Command 'ap_source' returned 0; elapsed 0Total elapsed time: 48.686 sec.
@I [HLS-100] Command 'ap_source' returned 0; elapsed 0.01Total elapsed time: 48.686 sec.
@I [HLS-100] Command "source /opt/xilinx/xilinx_2016.2/Vivado_HLS/2016.2/common/technology/xilinx/scripts/xilinxcoregen.gen "
@I [HLS-100] Command 'ap_source' returned 0; elapsed 0.02Total elapsed time: 48.694 sec.
@I [HLS-100] Command "source /opt/xilinx/xilinx_2016.2/Vivado_HLS/2016.2/common/technology/xilinx/interface/XilEDKCoreGen.gen "
@I [HLS-100] Command 'ap_source' returned 0; elapsed 0Total elapsed time: 48.700 sec.
@I [HLS-100] Command "source /opt/xilinx/xilinx_2016.2/Vivado_HLS/2016.2/common/technology/xilinx/ip/dds_compiler.gen "
@I [HLS-100] Command 'ap_source' returned 0; elapsed 0.01Total elapsed time: 48.703 sec.
@I [HLS-100] Command "source /opt/xilinx/xilinx_2016.2/Vivado_HLS/2016.2/common/technology/xilinx/ip/util.gen "
@I [HLS-100] Command 'ap_source' returned 0; elapsed 0Total elapsed time: 48.704 sec.
@I [HLS-100] Command "source /opt/xilinx/xilinx_2016.2/Vivado_HLS/2016.2/common/technology/xilinx/ip/xfft.gen "
@I [HLS-100] Command 'ap_source' returned 0; elapsed 0.06Total elapsed time: 48.771 sec.
@I [HLS-100] Command "source /opt/xilinx/xilinx_2016.2/Vivado_HLS/2016.2/common/technology/xilinx/ip/xfir.gen "
@I [HLS-100] Command 'ap_source' returned 0; elapsed 0.01Total elapsed time: 48.772 sec.
@I [HLS-100] Command 'ap_source' returned 0; elapsed 0.11Total elapsed time: 48.772 sec.
@I [HLS-100] Command "source /opt/xilinx/xilinx_2016.2/Vivado_HLS/2016.2/common/technology/xilinx/common/dsp48.gen "
@I [HLS-100] Command 'ap_source' returned 0; elapsed 0Total elapsed time: 48.774 sec.
@I [HLS-100] Command 'ap_source' returned 0; elapsed 0.11Total elapsed time: 48.774 sec.
@I [HLS-100] Command 'ap_source' returned 0; elapsed 0.11Total elapsed time: 48.774 sec.
@I [HLS-100] Command "get_default_platform "
@I [HLS-100] Command 'get_default_platform' returned 0; elapsed 0Total elapsed time: 48.780 sec.
@I [HLS-100] Command "config_chip_info -quiet -resource  {SLICE 13300}  {LUT 53200}     {FF 106400} {DSP48E 220}   {BRAM 280}  "
@I [HLS-100] Command 'config_chip_info' returned 0; elapsed 0Total elapsed time: 48.780 sec.
@I [HLS-100] Command "config_chip_info -quiet -speed slow "
@I [HLS-100] Command 'config_chip_info' returned 0; elapsed 0Total elapsed time: 48.780 sec.
@I [HLS-100] Command 'add_library' returned 0; elapsed 0.13Total elapsed time: 48.785 sec.
@I [HLS-100] Command "add_library xilinx/zynq/zynq_fpv6 "
@I [HLS-100] Command "get_default_platform "
@I [HLS-100] Command 'get_default_platform' returned 0; elapsed 0Total elapsed time: 48.787 sec.
@I [HLS-100] Command "open_platform DefaultPlatform "
@I [HLS-100] Command 'open_platform' returned 0; elapsed 0Total elapsed time: 48.788 sec.
@I [HLS-100] Command "import_lib /opt/xilinx/xilinx_2016.2/Vivado_HLS/2016.2/common/technology/xilinx/zynq/zynq_fpv6 "
@I [HLS-100] Command "source /opt/xilinx/xilinx_2016.2/Vivado_HLS/2016.2/common/technology/xilinx/common/xilinx_fpv7.lib "
@I [HLS-100] Command "source /opt/xilinx/xilinx_2016.2/Vivado_HLS/2016.2/common/technology/xilinx/common/xilinx_hp.lib "
@I [HLS-100] Command 'ap_source' returned 0; elapsed 0Total elapsed time: 48.789 sec.
@I [HLS-100] Command 'ap_source' returned 0; elapsed 0Total elapsed time: 48.793 sec.
@I [HLS-100] Command "source /opt/xilinx/xilinx_2016.2/Vivado_HLS/2016.2/common/technology/xilinx/common/xilinx_fpv.hlp "
@I [HLS-100] Command "source /opt/xilinx/xilinx_2016.2/Vivado_HLS/2016.2/common/technology/xilinx/common/xilinx.hlp "
@I [HLS-100] Command "source /opt/xilinx/xilinx_2016.2/Vivado_HLS/2016.2/common/technology/xilinx/common/target_info.tcl "
@I [HLS-100] Command 'ap_source' returned 0; elapsed 0Total elapsed time: 48.799 sec.
@I [HLS-100] Command "source /opt/xilinx/xilinx_2016.2/Vivado_HLS/2016.2/common/technology/xilinx/interface/xilinx_interface.hlp "
@I [HLS-100] Command "source /opt/xilinx/xilinx_2016.2/Vivado_HLS/2016.2/common/technology/xilinx/interface/maxi.hlp "
@I [HLS-100] Command 'ap_source' returned 0; elapsed 0Total elapsed time: 48.799 sec.
@I [HLS-100] Command "source /opt/xilinx/xilinx_2016.2/Vivado_HLS/2016.2/common/technology/xilinx/interface/saxilite.hlp "
@I [HLS-100] Command 'ap_source' returned 0; elapsed 0Total elapsed time: 48.800 sec.
@I [HLS-100] Command 'ap_source' returned 0; elapsed 0Total elapsed time: 48.800 sec.
@I [HLS-100] Command "source /opt/xilinx/xilinx_2016.2/Vivado_HLS/2016.2/common/technology/xilinx/common/dsp48.hlp "
@I [HLS-100] Command 'ap_source' returned 0; elapsed 0Total elapsed time: 48.800 sec.
@I [HLS-100] Command 'ap_source' returned 0; elapsed 0Total elapsed time: 48.801 sec.
@I [HLS-100] Command 'ap_source' returned 0; elapsed 0Total elapsed time: 48.801 sec.
@I [HLS-100] Command "source /opt/xilinx/xilinx_2016.2/Vivado_HLS/2016.2/common/technology/xilinx/zynq/zynq_hp.hlp "
@I [HLS-100] Command 'ap_source' returned 0; elapsed 0Total elapsed time: 48.802 sec.
@I [HLS-100] Command 'import_lib' returned 0; elapsed 0.02Total elapsed time: 48.806 sec.
@I [HLS-100] Command "source /opt/xilinx/xilinx_2016.2/Vivado_HLS/2016.2/common/technology/xilinx/zynq/zynq_fpv6.gen "
@I [HLS-100] Command "source /opt/xilinx/xilinx_2016.2/Vivado_HLS/2016.2/common/technology/xilinx/common/xilinx_fpv6.gen "
@I [HLS-100] Command 'ap_source' returned 0; elapsed 0Total elapsed time: 48.808 sec.
@I [HLS-100] Command 'ap_source' returned 0; elapsed 0Total elapsed time: 48.808 sec.
@I [HLS-100] Command 'add_library' returned 0; elapsed 0.02Total elapsed time: 48.814 sec.
@I [HLS-100] Command 'set_part' returned 0; elapsed 0.16Total elapsed time: 48.814 sec.
@I [HLS-100] Command "create_clock -period 10 "
@I [HLS-100] Command "config_clock -quiet -name default -period 10 -default=false "
@I [SYN-201] Setting up clock 'default' with a period of 10ns.
@I [HLS-100] Command 'config_clock' returned 0; elapsed 0Total elapsed time: 48.820 sec.
@I [HLS-100] Command 'create_clock' returned 0; elapsed 0Total elapsed time: 48.820 sec.
@I [HLS-100] Command "set_directive_inline -off update_knn "
@I [HLS-0] Setting directive 'INLINE' off=positionBoolean1 
@I [HLS-100] Command 'set_directive_inline' returned 0; elapsed 0Total elapsed time: 48.823 sec.
@I [HLS-100] Command "set_directive_inline -off knn_vote "
@I [HLS-0] Setting directive 'INLINE' off=positionBoolean1 
@I [HLS-0] Setting directive 'INLINE' off=positionBoolean1 
@I [HLS-100] Command 'set_directive_inline' returned 0; elapsed 0Total elapsed time: 48.828 sec.
@I [HLS-100] Command "csim_design "
@I [HLS-100] Command "is_encrypted /home/rjc422/ece5775_digitrec/digitrec_test.cpp "
@I [HLS-100] Command 'is_encrypted' returned 0; elapsed 0.01Total elapsed time: 48.945 sec.
@I [HLS-100] Command "is_xip /home/rjc422/ece5775_digitrec/digitrec_test.cpp "
@I [HLS-100] Command 'is_xip' returned 0; elapsed 0Total elapsed time: 48.949 sec.
@I [HLS-100] Command "is_encrypted /home/rjc422/ece5775_digitrec/digitrec.cpp "
@I [HLS-100] Command 'is_encrypted' returned 0; elapsed 0Total elapsed time: 48.950 sec.
@I [HLS-100] Command "is_xip /home/rjc422/ece5775_digitrec/digitrec.cpp "
@I [HLS-100] Command 'is_xip' returned 0; elapsed 0Total elapsed time: 48.950 sec.
@I [HLS-100] Command "source run_sim.tcl "
@I [HLS-100] Command 'ap_source' returned 0; elapsed 0.01Total elapsed time: 62.496 sec.
@I [SIM-1] CSim done with 0 errors.
@I [HLS-100] Command 'csim_design' returned 0; elapsed 0.08Total elapsed time: 62.506 sec.
@I [HLS-100] Command "csynth_design "
@I [HLS-100] Command "elaborate -effort=medium -skip_syncheck=0 -keep_printf=0 -lm=0 -skip_cdt=0 -skip_transform=0 -ng=0 -g=0 -opt_fp=0 "
@I [HLS-10] Analyzing design file 'digitrec.cpp' ... 
@0 [HLS-0] Analyzing design file 'digitrec.cpp' ... 
@I [HLS-0] Compiling one TU...
@I [HLS-0] 
Checking before pre-process: exec clang -fno-limit-debug-info -gcc-toolchain "/opt/xilinx/xilinx_2016.2/Vivado_HLS/2016.2/lnx64/tools/gcc" -hls  -DK_CONST=2  -fno-math-errno -c -emit-llvm -O0  -mllvm -disable-llvm-optzns -fno-threadsafe-statics  -fno-use-cxa-atexit  -fno-threadsafe-statics -fno-use-cxa-atexit   -I "/opt/xilinx/xilinx_2016.2/Vivado_HLS/2016.2/lnx64/tools/systemc/include" -I "/opt/xilinx/xilinx_2016.2/Vivado_HLS/2016.2/include" -I "/opt/xilinx/xilinx_2016.2/Vivado_HLS/2016.2/include/ap_sysc" -fexceptions -I "/opt/xilinx/xilinx_2016.2/Vivado_HLS/2016.2/common/technology/autopilot" -include etc/autopilot_ssdm_op.h "digitrec.cpp"  -o "/home/rjc422/ece5775_digitrec/2-nn.prj/solution1/.autopilot/db/digitrec.pp.00.o"

@I [HLS-100] Command "is_encrypted /home/rjc422/ece5775_digitrec/2-nn.prj/solution1/.autopilot/db/digitrec.pp.00.o "
@I [HLS-100] Command 'is_encrypted' returned 0; elapsed 0Total elapsed time: 64.275 sec.
@I [HLS-0] Syntax Checker time: 1 seconds per iteration
@I [HLS-0] 
Source preprocessing: exec clang -fno-limit-debug-info -gcc-toolchain "/opt/xilinx/xilinx_2016.2/Vivado_HLS/2016.2/lnx64/tools/gcc" -hls -fno-exceptions  -D__llvm__  -CC -E "digitrec.cpp"   -DK_CONST=2  -fno-math-errno -c -emit-llvm -O0  -mllvm -disable-llvm-optzns -fno-threadsafe-statics  -fno-use-cxa-atexit  -fno-threadsafe-statics -fno-use-cxa-atexit -DAESL_SYN -D__SYNTHESIS__ -D__HLS_SYN__ -I "/opt/xilinx/xilinx_2016.2/Vivado_HLS/2016.2/common/technology/autopilot" -I "/opt/xilinx/xilinx_2016.2/Vivado_HLS/2016.2/common/technology/autopilot/ap_sysc" -include etc/autopilot_ssdm_op.h  -o "/home/rjc422/ece5775_digitrec/2-nn.prj/solution1/.autopilot/db/digitrec.pp.0.cpp"

@I [HLS-0] GCC PP time: 0 seconds per iteration
@I [HLS-0] Setting directive 'INLINE' off=positionBoolean1 
@I [HLS-0] Setting directive 'INLINE' off=positionBoolean1 
@I [HLS-100] Command "list_core -type functional_unit "
@I [HLS-100] Command 'list_core' returned 0; elapsed 0.01Total elapsed time: 64.461 sec.
@I [HLS-0] Marker-Pragma convertor: /home/rjc422/ece5775_digitrec/2-nn.prj/solution1/.autopilot/db/digitrec.pp.0.cpp /home/rjc422/ece5775_digitrec/2-nn.prj/solution1/.autopilot/db/digitrec.pp.0.cpp.ap-line.cpp /home/rjc422/ece5775_digitrec/2-nn.prj/solution1/.autopilot/db/digitrec.pp.0.cpp.ap-line.cpp.CXX 1
@I [HLS-0] 
Source processor: exec /opt/xilinx/xilinx_2016.2/Vivado_HLS/2016.2/tps/lnx64/jre/bin/java -Xmx512m -classpath   "/opt/xilinx/xilinx_2016.2/Vivado_HLS/2016.2/lib/classes/autopilot.sourceprocessor.jar:/opt/xilinx/xilinx_2016.2/Vivado_HLS/2016.2/lib/classes/org.eclipse.cdt.core_5.3.0.xilinx_patch.jar:/opt/xilinx/xilinx_2016.2/Vivado_HLS/2016.2/lib/classes/org.eclipse.core.runtime_3.7.0.v20110110.jar:/opt/xilinx/xilinx_2016.2/Vivado_HLS/2016.2/lib/classes/org.eclipse.equinox.common_3.6.0.v20110523.jar:/opt/xilinx/xilinx_2016.2/Vivado_HLS/2016.2/lib/classes/com.ibm.icu_4.4.2.v20110208.jar:/opt/xilinx/xilinx_2016.2/Vivado_HLS/2016.2/lib/classes/jargs.jar:/opt/xilinx/xilinx_2016.2/Vivado_HLS/2016.2/lnx64/tools/eclipse/plugins/org.eclipse.emf.common_2.10.1.v20150123-0348.jar:/opt/xilinx/xilinx_2016.2/Vivado_HLS/2016.2/lnx64/tools/eclipse/plugins/org.eclipse.emf.ecore_2.10.2.v20150123-0348.jar:/opt/xilinx/xilinx_2016.2/Vivado_HLS/2016.2/lnx64/tools/eclipse/plugins/org.eclipse.emf.ecore.xmi_2.10.2.v20150123-0348.jar:/opt/xilinx/xilinx_2016.2/Vivado_HLS/2016.2/lnx64/tools/eclipse/plugins/com.autoesl.autopilot.ui.directiveFileModel_1.0.0.jar:/opt/xilinx/xilinx_2016.2/Vivado_HLS/2016.2/lnx64/tools/eclipse/plugins/com.autoesl.autopilot.ui.common_1.0.0.jar"  autopilot.sourceprocessor.CParser  "/home/rjc422/ece5775_digitrec/2-nn.prj/solution1/.autopilot/db/digitrec.pp.0.cpp.ap-line.cpp"  -m "digitrec" -o "/home/rjc422/ece5775_digitrec/2-nn.prj/solution1/.autopilot/db/digitrec.pp.0.cpp.ap-cdt.cpp" --pp --directive /home/rjc422/ece5775_digitrec/2-nn.prj/solution1/solution1.directive --source /home/rjc422/ece5775_digitrec/digitrec.cpp --error /home/rjc422/ece5775_digitrec/2-nn.prj/solution1/.autopilot/db --funcunit "AddSub AddSub_DSP AddSubnS DAddSub_fulldsp DAddSub_nodsp DDiv DExp_fulldsp DExp_meddsp DExp_nodsp DLog_fulldsp DLog_meddsp DLog_nodsp DMul_fulldsp DMul_maxdsp DMul_meddsp DMul_nodsp DRSqrt DRecip DSqrt DivnS FAddSub_fulldsp FAddSub_nodsp FDiv FExp_fulldsp FExp_meddsp FExp_nodsp FLog_fulldsp FLog_meddsp FLog_nodsp FMul_fulldsp FMul_maxdsp FMul_meddsp FMul_nodsp FRSqrt_fulldsp FRSqrt_nodsp FRecip_fulldsp FRecip_nodsp FSqrt HAddSub_nodsp HDiv HMul_fulldsp HMul_maxdsp HMul_nodsp HSqrt Mul Mul2S Mul3S Mul4S Mul5S Mul6S Mul_LUT MulnS MuxnS" --ve --vetcl /home/rjc422/ece5775_digitrec/2-nn.prj/solution1/.autopilot/db --ca --es --gf --pd --p2d /home/rjc422/ece5775_digitrec/2-nn.prj/solution1/.autopilot/db --sd --scff /home/rjc422/ece5775_digitrec/2-nn.prj/solution1/.autopilot/db/.systemc_flag --ad

@I [HLS-0] Error:Syntax error in source:for (__decltype(__n + 0) __niter = __n;
Error:Missing ; in source:t
Error:Syntax error in source:)
 *__first = __value;
Error:Syntax error in source:for (__decltype(__n + 0) __niter = __n;
Error:Missing ; in source:t
Error:Syntax error in source:)
 *__first = __tmp;
Error:Syntax error in source:for (__decltype(__n + 0) __niter = __n;
Error:Missing ; in source:t
Error:Syntax error in source:)
 *__first = __gen();
@I [HLS-0] Marker-Pragma convertor: /home/rjc422/ece5775_digitrec/2-nn.prj/solution1/.autopilot/db/digitrec.pp.0.cpp.ap-cdt.cpp /home/rjc422/ece5775_digitrec/2-nn.prj/solution1/.autopilot/db/digitrec.pragma.0.cpp /home/rjc422/ece5775_digitrec/2-nn.prj/solution1/.autopilot/db/digitrec.pragma.0.cpp.ap-line.CXX 0
@I [HLS-100] Command "source /home/rjc422/ece5775_digitrec/2-nn.prj/solution1/.autopilot/db/pragma.status.tcl "
@I [HLS-100] Command 'ap_source' returned 0; elapsed 0Total elapsed time: 72.133 sec.
@I [HLS-0] CDT processor time: 7 seconds per iteration
@I [HLS-0] Pragma handling time: 0 seconds per iteration
@I [HLS-0] 
Source preprocessing: exec clang -fno-limit-debug-info -gcc-toolchain "/opt/xilinx/xilinx_2016.2/Vivado_HLS/2016.2/lnx64/tools/gcc" -hls -fno-exceptions  -D__llvm__  -CC -E "/home/rjc422/ece5775_digitrec/2-nn.prj/solution1/.autopilot/db/digitrec.pragma.1.cpp"   -DK_CONST=2  -fno-math-errno -c -emit-llvm -O0  -mllvm -disable-llvm-optzns -fno-threadsafe-statics  -fno-use-cxa-atexit  -fno-threadsafe-statics -fno-use-cxa-atexit -DAESL_SYN -D__SYNTHESIS__ -D__HLS_SYN__ -I "/opt/xilinx/xilinx_2016.2/Vivado_HLS/2016.2/common/technology/autopilot" -I "/opt/xilinx/xilinx_2016.2/Vivado_HLS/2016.2/common/technology/autopilot/ap_sysc" -include etc/autopilot_ssdm_op.h  -o "/home/rjc422/ece5775_digitrec/2-nn.prj/solution1/.autopilot/db/digitrec.pragma.2.cpp"

@I [HLS-0] exec clang -fno-limit-debug-info -gcc-toolchain /opt/xilinx/xilinx_2016.2/Vivado_HLS/2016.2/lnx64/tools/gcc -hls -hls-analyze-label -hls-analyze-pragma -fno-exceptions  -D__llvm__  -w  "/home/rjc422/ece5775_digitrec/2-nn.prj/solution1/.autopilot/db/digitrec.pragma.2.cpp"  -DK_CONST=2  -fno-math-errno -c -emit-llvm -O0  -mllvm -disable-llvm-optzns -fno-threadsafe-statics  -fno-use-cxa-atexit -DAESL_SYN -D__SYNTHESIS__ -D__HLS_SYN__ -I "/opt/xilinx/xilinx_2016.2/Vivado_HLS/2016.2/common/technology/autopilot" -I "/opt/xilinx/xilinx_2016.2/Vivado_HLS/2016.2/common/technology/autopilot/ap_sysc" -include etc/autopilot_ssdm_op.h -g -o "/home/rjc422/ece5775_digitrec/2-nn.prj/solution1/.autopilot/db/digitrec.g.bc"
@I [HLS-100] Command "source /home/rjc422/ece5775_digitrec/2-nn.prj/solution1/.autopilot/db/ve_warning.tcl "
@I [HLS-100] Command 'ap_source' returned 0; elapsed 0Total elapsed time: 74.543 sec.
@I [HLS-10] Validating synthesis directives ...
@0 [HLS-0] Validating synthesis directives ...
@I [HLS-100] Command "source /home/rjc422/ece5775_digitrec/2-nn.prj/solution1/.autopilot/db/pragma.status.tcl "
@I [HLS-100] Command 'ap_source' returned 0; elapsed 0Total elapsed time: 74.550 sec.
@I [HLS-0] Linking all ...
@I [HLS-0] exec llvm-ld  "/home/rjc422/ece5775_digitrec/2-nn.prj/solution1/.autopilot/db/digitrec.bc"  -disable-opt  -L/opt/xilinx/xilinx_2016.2/Vivado_HLS/2016.2/lnx64/lib -lm_basic -o "/home/rjc422/ece5775_digitrec/2-nn.prj/solution1/.autopilot/db/a.o.pre"
@I [HLS-0] Link time: 0 seconds per iteration
@I [HLS-0] Linking all ...
@I [HLS-0] exec llvm-ld  "/home/rjc422/ece5775_digitrec/2-nn.prj/solution1/.autopilot/db/digitrec.g.bc"  -disable-opt  -L/opt/xilinx/xilinx_2016.2/Vivado_HLS/2016.2/lnx64/lib -lm_basic -o "/home/rjc422/ece5775_digitrec/2-nn.prj/solution1/.autopilot/db/a.g.pre"
@I [HLS-0] Link time: 0 seconds per iteration
@I [HLS-100] Command "opt_and_import_c a -opt_level=2 -skip_syncheck=0 -ng=0 -keep_printf=0 "
@I [HLS-100] Command "cleanup_all_models "
@I [HLS-100] Command 'cleanup_all_models' returned 0; elapsed 0Total elapsed time: 75.738 sec.
@I [HLS-10] Starting code transformations ...
@0 [HLS-0] Starting code transformations ...
@I [HLS-0] std xform: transform -hls -share-std-xform -always-inline -promote-dbg-pointer  -interface-preproc  -scalarrepl -mem2reg -keep-read-access -instcombine -dce  -promote-dbg-pointer  -bitop-raise  -indvars -loop-simplify -xunroll  -constprop -instcombine -simplifycfg -indvars  -simplifycfg -dce -globaldce  -basicaa  -simplifycfg -mem2reg -globalopt  -global-constprop -deadargelim -instcombine -simplifycfg  -prune-eh -simplifycfg  -scalarrepl -instcombine -reassociate -licm  -simplifycfg -loop-simplify -indvars -instcombine  -simplifycfg -mem2reg -loop-simplify -indvars -instcombine  -gvn -gvn -instcombine -adce  -break-crit-edges  -simplifycfg -loop-delete  -global-array-opt -dce -dse -adce  -find-syn-modules -top digitrec  -deadargelim  -mem2reg -instcombine -dce  -presyn-prepare -auto-rom-infer  -interface-preproc  -syn-check -check-rec-only  -find-region -simplifycfg -func-extr -function-inline  -globaldce -mem2reg -instcombine -dce   -gvn -globaldce -adce -adse  -constprop -instcombine -bit-constprop  -instcombine -dce -simplifycfg -bitop-raise  -simplifycfg -dce -loop-delete -reassociate  -globalopt -global-privatize -mem2reg -dce  -global-constprop -pointer-simplify -constprop -dce  -func-inst -deadargelim  -promote-dbg-pointer  -norm-name   /home/rjc422/ece5775_digitrec/2-nn.prj/solution1/.autopilot/db/a.g.0.bc -o /home/rjc422/ece5775_digitrec/2-nn.prj/solution1/.autopilot/db/a.g.1.bc -f  -phase std-opt
@I [HLS-0] Std xform time: 15 seconds per iteration
@I [HLS-100] Command "is_encrypted /home/rjc422/ece5775_digitrec/2-nn.prj/solution1/.autopilot/db/a.g.1.bc "
@I [HLS-100] Command 'is_encrypted' returned 0; elapsed 0Total elapsed time: 91.989 sec.
@I [HLS-10] Checking synthesizability ...
@0 [HLS-0] Checking synthesizability ...
@I [HLS-0] syn check 1/2: transform -hls -syn-check -check-rec-only -disaggr -scalarrepl -norm-name -dce  -mem2reg -instcombine  -function-uniquify -directive-preproc -mem2reg -dse -dce -auto-rom-infer -dce  -array-normalize -instcombine -dce  -array-seg-normalize -instcombine -dce  -array-flatten -instcombine -dce  -array-burst -dce  -deadargelim -promote-global-argument  -simplifycfg -mem2reg -globaldce -resolve-double-ptr  -dce -deadargelim -dce -instcombine  -function-inline -globaldce -dce  -doublePtrSimplify -doublePtrElim -dce  -doublePtrSimplify -promote-dbg-pointer  -dce -scalarrepl -dse -adse -instcombine  -ptrLegalization  -simplifycfg -dce -instcombine  -pointer-simplify -ptrArgReplace -dce -instcombine   -disaggr -scalarrepl -norm-name -dce  -mem2reg -instcombine -ptrLegalization   -simplifycfg -deadargelim  -instcombine -dce -inst-simplify  -function-uniquify -directive-preproc -mem2reg -dse -dce  -globaldce    /home/rjc422/ece5775_digitrec/2-nn.prj/solution1/.autopilot/db/a.g.1.bc -o /home/rjc422/ece5775_digitrec/2-nn.prj/solution1/.autopilot/db/a.g.2.prechk.bc -f
@I [XFORM-602] Inlining function 'bitcount' into 'update_knn' (digitrec.cpp:75) automatically.
@I [HLS-0] Syn check 1/2 time: 0 seconds per iteration
@I [HLS-0] syn check 2/2: transform -syn-check   /home/rjc422/ece5775_digitrec/2-nn.prj/solution1/.autopilot/db/a.g.2.prechk.bc -o /home/rjc422/ece5775_digitrec/2-nn.prj/solution1/.autopilot/db/a.g.2.bc -f  -phase syn-check
@I [HLS-0] Syn check 2/2 time: 0 seconds per iteration
@I [HLS-0] Compiler optimizing ...
@I [HLS-0] Share syncheck's 1.bc for syn flow: copy /home/rjc422/ece5775_digitrec/2-nn.prj/solution1/.autopilot/db/a.g.1.bc to /home/rjc422/ece5775_digitrec/2-nn.prj/solution1/.autopilot/db/a.o.1.bc
@I [HLS-0] presyn 1: transform -hls -tmp /home/rjc422/ece5775_digitrec/2-nn.prj/solution1/.autopilot/db -type-info  -function-uniquify -directive-preproc -mem2reg -dse -dce  -disaggr -scalarrepl -norm-name -deadargelim  -mem2reg -instcombine -dce -auto-rom-infer -dce -function-uniquify  -resource-proc  -simplifycfg -mem2reg -globaldce -resolve-double-ptr -dce -deadargelim -dce -instcombine  -clib-intrinsic-prepare -dce  -func-buffer -dce -array-normalize  -func-legal -instcombine -gvn -constprop -dce   -ptrArgReplace -mem2reg -instcombine -dce  -array-seg-normalize -deadargelim  -instcombine -dce  -pointer-simplify -dce  -port-alignment -dce  -interface-preproc  -data-pack -instcombine -dce   -basicaa -aggr-aa -aggrmodref-aa -aggr-aa -gvn -gvn  -basicaa -aggr-aa -aggrmodref-aa -aggr-aa -dse -adse -adce  -loop-simplify -indvars -instcombine  -gvn -loop-simplify -mem2reg -dce -simplifycfg  -find-region -instcombine  -auto-loop-pipeline  -inst-simplify  -interface-preproc  -indvars -auto-loop-unroll -loop-simplify -loop-bound -xunroll  -constprop -instcombine -simplifycfg -indvars  -simplifycfg -dce -globaldce  -attach-range  -gvn -inst-simplify  -constprop -simplifycfg -dce  -pointer-simplify -dce  -globalopt -constprop -dce  -array-promote -constprop -instcombine -dce  -ptrArgReplace -mem2reg  -instcombine -simplifycfg -dce  -auto-par -instcombine -dce  -array-transform-check  -array-reshape -instcombine -simplifycfg -dce  -ptrArgReplace -deadargelim -mem2reg  -instcombine -simplifycfg -dce   -indvars -loop-simplify -loop-bound -xunroll  -constprop -instcombine -simplifycfg -indvars  -simplifycfg -dce -globaldce  -duplicate-dataflow-processes -globaldce  -array-partition -instcombine -simplifycfg -dce  -ptrArgReplace -global-constprop -deadargelim -mem2reg  -func-legal -instcombine -dce -global-constprop -deadargelim -mem2reg  -instcombine -simplifycfg -dce   -globalopt -constprop -dce  -array-promote -constprop -instcombine -dce  -ptrArgReplace -mem2reg  -instcombine -simplifycfg -dce   -mem-intrinsic-preproc -dce  -global-privatize  -mem2reg -globaldce  -promote-global-argument  -ptrArgReplace -mem2reg -instcombine -dce  -globalopt -mergereturn -simplify-global-access -mem2reg -dce  -pointer-simplify -dce  -functionattrs  -basicaa -aggr-aa -aggrmodref-aa -aggr-aa -gvn -gvn  -basicaa -aggr-aa -aggrmodref-aa -aggr-aa -dse -adse -adce  -inst-simplify -dce -norm-name  -function-inline -globaldce  -func-inst -constprop -instcombine -simplifycfg -dce  -func-legal -dce   -loop-bound  -arraycheck -bitwidthmin -on-by-dataflow  -loop-delete -instcombine -simplifycfg  -globaldce -dce -gvn -deadargelim -dce -loop-simplify -clean-region -simplifycfg -propagate-stable-arguments  -loop-stream -instcombine -simplifycfg -dce -globaldce  -stream-intrinsic-preproc -dce  -check-ap-stream -loop-simplify -eliminate-keepreads  -extract-dataflow-in-loop -loop-simplify -dce -gvn -deadargelim -dse  -check-dataflow-syntax  -legalize-stream-variable -legalize-global -legalize-global-1  -extract-subproc -dce -dead-channel-elimination  -canonicalize-gep -globaldce -dce -gvn -deadargelim  -scalar-propagation -deadargelim -globaldce -mem2reg  -check-dataflow-channels -function-stream -annotate-dataflow-channels -dce -globaldce  -prop-fifo-spec -internal-stream-gen  -canonicalize-gep -globaldce -dce -gvn -deadargelim   -mergereturn -indvars -loop-simplify -instcombine  -array-stream -instcombine -simplifycfg -dce  -bundle-memfifo-ops -deadargelim    -function-uniquify -directive-preproc -mem2reg -dse -dce  -group-axi-access    -licm -simplifycfg -dce -loop-delete  -norm-name  /home/rjc422/ece5775_digitrec/2-nn.prj/solution1/.autopilot/db/a.o.1.bc -o /home/rjc422/ece5775_digitrec/2-nn.prj/solution1/.autopilot/db/a.o.1.tmp.bc -f
@I [XFORM-602] Inlining function 'bitcount' into 'update_knn' (digitrec.cpp:75) automatically.
@I [HLS-0] Presyn 1 time: 0 seconds per iteration
@I [HLS-0] presyn 2: transform -hls -keep-callgraph -scalarrepl -mem2reg  -port-alignment -attach-range -dce  -pipe-mux-gen  -indvars -loop-bound  -inst-simplify -instcombine -dce  -merge-array-access -mem2reg -dce  -clean-region -mergereturn -if-conv  -instcombine -dce -constprop  -basicaa -aggr-aa -aggrmodref-aa -aggr-aa -gvn -gvn  -basicaa -aggr-aa -aggrmodref-aa -aggr-aa -dse -adse -adce  -scalarrepl -mem2reg  -global-constprop -deadargelim -deadargelim  -instcombine -dce -simplifycfg    -ptrArgReplace -mem2reg -function-inline  -globaldce -mem2reg -instcombine -dce -expr-balance  -instcombine -dce  -bitwidthmin  -interface-preproc -directive-preproc  -inst-rectify -instcombine -dce  -functionattrs  -constprop -instcombine -bit-constprop  -simplify-global-access  -globalopt -globaldce  -inst-simplify -instcombine -elimdeaddata -dce  -loop-delete -simplifycfg -loop-simplify -auto-burst   -norm-name /home/rjc422/ece5775_digitrec/2-nn.prj/solution1/.autopilot/db/a.o.1.tmp.bc -o /home/rjc422/ece5775_digitrec/2-nn.prj/solution1/.autopilot/db/a.o.2.bc -f  -phase presyn
@I [HLS-0] Presyn 2 time: 0 seconds per iteration
@I [HLS-100] Command "is_encrypted /home/rjc422/ece5775_digitrec/2-nn.prj/solution1/.autopilot/db/a.o.2.bc "
@I [HLS-100] Command 'is_encrypted' returned 0; elapsed 0Total elapsed time: 93.101 sec.
@I [HLS-0] build ssdm: transform -hls  -function-uniquify -auto-function-inline -globaldce  -ptrArgReplace -mem2reg -instcombine -dce  -reset-lda  -loop-simplify -indvars -licm -loop-dep  -loop-bound -licm -loop-simplify -flattenloopnest  -array-flatten -gvn -instcombine -dce  -array-map -dce -func-legal  -gvn -adce -instcombine -cfgopt -simplifycfg -loop-simplify   -array-burst -promote-global-argument -dce  -axi4-lower -array-seg-normalize  -basicaa -aggrmodref-aa -globalsmodref-aa -aggr-aa -gvn -gvn  -basicaa -aggrmodref-aa -globalsmodref-aa -aggr-aa -dse -adse -adce -licm  -inst-simplify -dce  -globaldce -instcombine -array-stream -eliminate-keepreads -instcombine  -dce   -deadargelim -doublePtrSimplify  -doublePtrElim -dce -doublePtrSimplify -promote-dbg-pointer  -dce -scalarrepl -mem2reg -disaggr -norm-name -mem2reg  -instcombine  -dse -adse -adce -ptrLegalization -dce -auto-rom-infer -array-flatten -dce -instcombine  -loop-rot -constprop -cfgopt -simplifycfg -loop-simplify -indvars -pointer-simplify -dce -loop-bound  -loop-simplify -loop-preproc  -constprop -global-constprop -gvn -mem2reg -instcombine -dce  -loop-merge -dce  -bitwidthmin  -deadargelim -dce  -scalar-propagation -deadargelim -globaldce -mem2reg  -interface-preproc -interface-gen  -deadargelim -directive-preproc -inst-simplify -dce  -gvn -mem2reg -instcombine -dce -adse  -loop-bound  -instcombine -cfgopt -simplifycfg -loop-simplify  -clean-region -io-protocol  -find-region -mem2reg  -bitop-raise  -inst-simplify -inst-rectify -instcombine -adce -deadargelim  -loop-simplify -phi-opt -bitop-raise  -cfgopt -simplifycfg -strip-dead-prototypes  -interface-lower -bitop-lower -intrinsic-lower -auto-function-inline  -basicaa -aggrmodref-aa -globalsmodref-aa -aggr-aa  -inst-simplify -simplifycfg   -mergereturn -inst-simplify -inst-rectify  -dce -bitop-lower  -loop-rewind -pointer-simplify -dce -cfgopt  -read-loop-dep -dce -bitwidth -norm-name -legalize    -cdfg-build  /home/rjc422/ece5775_digitrec/2-nn.prj/solution1/.autopilot/db/a.o.2.bc -o /home/rjc422/ece5775_digitrec/2-nn.prj/solution1/.autopilot/db/a.o.3.bc -f  -phase build-ssdm
@I [HLS-0] Build ssdm time: 0 seconds per iteration
@I [HLS-100] Command "is_encrypted /home/rjc422/ece5775_digitrec/2-nn.prj/solution1/.autopilot/db/a.o.3.bc "
@I [HLS-100] Command 'is_encrypted' returned 0; elapsed 0Total elapsed time: 93.580 sec.
@I [HLS-0] Finish building internal data model.
@I [HLS-100] Command 'opt_and_import_c' returned 0; elapsed 17.19Total elapsed time: 93.660 sec.
@I [HLS-111] Elapsed time: 20.95 seconds; current memory usage: 194 MB.
@I [HLS-100] Command 'elaborate' returned 0; elapsed 18.99Total elapsed time: 93.681 sec.
@I [HLS-100] Command "autosyn "
@I [HLS-10] Starting hardware synthesis ...
@0 [HLS-0] Starting hardware synthesis ...
@I [HLS-0] Synthesizing C/C++ design ...
@I [HLS-10] Synthesizing 'digitrec' ...
@0 [HLS-0] Synthesizing 'digitrec' ...
@I [HLS-100] Command "ap_set_top_model digitrec "
@I [HLS-100] Command 'ap_set_top_model' returned 0; elapsed 0Total elapsed time: 93.682 sec.
@I [HLS-100] Command "get_model_list digitrec -filter all-wo-channel -topdown "
@I [HLS-100] Command 'get_model_list' returned 0; elapsed 0Total elapsed time: 93.683 sec.
@I [HLS-100] Command "preproc_iomode -model digitrec "
@I [HLS-100] Command 'preproc_iomode' returned 0; elapsed 0Total elapsed time: 93.683 sec.
@I [HLS-100] Command "preproc_iomode -model digitrec_knn_vote "
@I [HLS-100] Command 'preproc_iomode' returned 0; elapsed 0Total elapsed time: 93.683 sec.
@I [HLS-100] Command "preproc_iomode -model digitrec_update_knn "
@I [HLS-100] Command 'preproc_iomode' returned 0; elapsed 0Total elapsed time: 93.683 sec.
@I [HLS-100] Command "get_model_list digitrec -filter all-wo-channel "
@I [HLS-100] Command 'get_model_list' returned 0; elapsed 0Total elapsed time: 93.684 sec.
@I [HLS-0] Model list for configure: digitrec_update_knn digitrec_knn_vote digitrec
@I [HLS-0] Configuring Module : digitrec_update_knn ...
@I [HLS-100] Command "set_default_model digitrec_update_knn "
@I [HLS-100] Command 'set_default_model' returned 0; elapsed 0Total elapsed time: 93.684 sec.
@I [HLS-100] Command "apply_spec_resource_limit digitrec_update_knn "
@I [HLS-100] Command 'apply_spec_resource_limit' returned 0; elapsed 0Total elapsed time: 93.684 sec.
@I [HLS-0] Configuring Module : digitrec_knn_vote ...
@I [HLS-100] Command "set_default_model digitrec_knn_vote "
@I [HLS-100] Command 'set_default_model' returned 0; elapsed 0Total elapsed time: 93.684 sec.
@I [HLS-100] Command "apply_spec_resource_limit digitrec_knn_vote "
@I [HLS-100] Command 'apply_spec_resource_limit' returned 0; elapsed 0Total elapsed time: 93.685 sec.
@I [HLS-0] Configuring Module : digitrec ...
@I [HLS-100] Command "set_default_model digitrec "
@I [HLS-100] Command 'set_default_model' returned 0; elapsed 0Total elapsed time: 93.685 sec.
@I [HLS-100] Command "apply_spec_resource_limit digitrec "
@I [HLS-100] Command 'apply_spec_resource_limit' returned 0; elapsed 0Total elapsed time: 93.685 sec.
@I [HLS-0] Model list for preprocess: digitrec_update_knn digitrec_knn_vote digitrec
@I [HLS-0] Preprocessing Module: digitrec_update_knn ...
@I [HLS-100] Command "set_default_model digitrec_update_knn "
@I [HLS-100] Command 'set_default_model' returned 0; elapsed 0Total elapsed time: 93.685 sec.
@I [HLS-100] Command "cdfg_preprocess -model digitrec_update_knn "
@I [HLS-100] Command 'cdfg_preprocess' returned 0; elapsed 0Total elapsed time: 93.686 sec.
@I [HLS-100] Command "rtl_gen_preprocess digitrec_update_knn "
@I [HLS-100] Command 'rtl_gen_preprocess' returned 0; elapsed 0Total elapsed time: 93.688 sec.
@I [HLS-0] Preprocessing Module: digitrec_knn_vote ...
@I [HLS-100] Command "set_default_model digitrec_knn_vote "
@I [HLS-100] Command 'set_default_model' returned 0; elapsed 0Total elapsed time: 93.688 sec.
@I [HLS-100] Command "cdfg_preprocess -model digitrec_knn_vote "
@I [HLS-100] Command 'cdfg_preprocess' returned 0; elapsed 0Total elapsed time: 93.689 sec.
@I [HLS-100] Command "rtl_gen_preprocess digitrec_knn_vote "
@I [HLS-100] Command 'rtl_gen_preprocess' returned 0; elapsed 0.01Total elapsed time: 93.690 sec.
@I [HLS-0] Preprocessing Module: digitrec ...
@I [HLS-100] Command "set_default_model digitrec "
@I [HLS-100] Command 'set_default_model' returned 0; elapsed 0Total elapsed time: 93.690 sec.
@I [HLS-100] Command "cdfg_preprocess -model digitrec "
@I [HLS-100] Command 'cdfg_preprocess' returned 0; elapsed 0Total elapsed time: 93.691 sec.
@I [HLS-100] Command "rtl_gen_preprocess digitrec "
@I [HLS-100] Command 'rtl_gen_preprocess' returned 0; elapsed 0Total elapsed time: 93.692 sec.
@I [HLS-0] Model list for synthesis: digitrec_update_knn digitrec_knn_vote digitrec
@I [HLS-10] ----------------------------------------------------------------
@0 [HLS-0] ----------------------------------------------------------------
@I [HLS-10] -- Scheduling module 'digitrec_update_knn' 
@0 [HLS-0] -- Scheduling module 'digitrec_update_knn' 
@I [HLS-10] ----------------------------------------------------------------
@0 [HLS-0] ----------------------------------------------------------------
@I [HLS-100] Command "set_default_model digitrec_update_knn "
@I [HLS-100] Command 'set_default_model' returned 0; elapsed 0Total elapsed time: 93.693 sec.
@I [HLS-100] Command "schedule -model digitrec_update_knn "
@I [SCHED-11] Starting scheduling ...
@I [SCHED-11] Finished scheduling.
@I [HLS-100] Command 'schedule' returned 0; elapsed 0.03Total elapsed time: 93.727 sec.
@I [HLS-111] Elapsed time: 0.05 seconds; current memory usage: 194 MB.
@I [HLS-100] Command "report -o /home/rjc422/ece5775_digitrec/2-nn.prj/solution1/.autopilot/db/digitrec_update_knn.verbose.sched.rpt -verbose -f "
@I [HLS-100] Command 'report' returned 0; elapsed 0.04Total elapsed time: 93.786 sec.
@I [HLS-100] Command "db_write -o /home/rjc422/ece5775_digitrec/2-nn.prj/solution1/.autopilot/db/digitrec_update_knn.sched.adb -f "
@I [HLS-100] Command 'db_write' returned 0; elapsed 0.04Total elapsed time: 93.838 sec.
@I [HLS-0] Finish scheduling digitrec_update_knn.
@I [HLS-10] ----------------------------------------------------------------
@0 [HLS-0] ----------------------------------------------------------------
@I [HLS-10] -- Exploring micro-architecture for module 'digitrec_update_knn' 
@0 [HLS-0] -- Exploring micro-architecture for module 'digitrec_update_knn' 
@I [HLS-10] ----------------------------------------------------------------
@0 [HLS-0] ----------------------------------------------------------------
@I [HLS-100] Command "set_default_model digitrec_update_knn "
@I [HLS-100] Command 'set_default_model' returned 0; elapsed 0Total elapsed time: 93.842 sec.
@I [HLS-100] Command "bind -model digitrec_update_knn "
@I [BIND-110] clear=
@I [BIND-110] debug=
@I [BIND-110] drf=
@I [BIND-110] effort=
@I [BIND-110] fast_refine=
@I [BIND-110] fu_weight=[ 0.0 -- 1.0 ]
@I [BIND-110] global_opt=
@I [BIND-110] gsearch=
@I [BIND-110] help=
@I [BIND-110] help-hidden=
@I [BIND-110] min_mem_port=
@I [BIND-110] min_op=
@I [BIND-110] minreg=
@I [BIND-110] ml=
@I [BIND-110] model=digitrec_update_knn
@I [BIND-110] no_false_path=
@I [BIND-110] no_min_op=
@I [BIND-110] normalize=
@I [BIND-110] quiet=
@I [BIND-110] refine=
@I [BIND-110] reg_weight=[ 0.0 -- 1.0 ]
@I [BIND-110] search=
@I [BIND-110] tight_delay=
@I [BIND-110] verbose=
@I [BIND-110] wFF=
@I [BIND-110] wFU=
@I [BIND-110] wMUX=
@I [BIND-110] wNET=
@I [BIND-100] Starting micro-architecture generation ...
@I [BIND-101] Performing variable lifetime analysis.
@I [BIND-101] Exploring resource sharing.
@I [BIND-101] Binding ...
@I [BIND-100] Finished micro-architecture generation.
@I [HLS-100] Command 'bind' returned 0; elapsed 0.01Total elapsed time: 93.854 sec.
@I [HLS-111] Elapsed time: 0.12 seconds; current memory usage: 194 MB.
@I [HLS-100] Command "report -o /home/rjc422/ece5775_digitrec/2-nn.prj/solution1/.autopilot/db/digitrec_update_knn.verbose.bind.rpt -verbose -f "
@I [HLS-100] Command 'report' returned 0; elapsed 0.05Total elapsed time: 93.932 sec.
@I [HLS-100] Command "db_write -o /home/rjc422/ece5775_digitrec/2-nn.prj/solution1/.autopilot/db/digitrec_update_knn.bind.adb -f "
@I [HLS-100] Command 'db_write' returned 0; elapsed 0.05Total elapsed time: 93.978 sec.
@I [HLS-0] Finish binding digitrec_update_knn.
@I [HLS-10] ----------------------------------------------------------------
@0 [HLS-0] ----------------------------------------------------------------
@I [HLS-10] -- Scheduling module 'digitrec_knn_vote' 
@0 [HLS-0] -- Scheduling module 'digitrec_knn_vote' 
@I [HLS-10] ----------------------------------------------------------------
@0 [HLS-0] ----------------------------------------------------------------
@I [HLS-100] Command "set_default_model digitrec_knn_vote "
@I [HLS-100] Command 'set_default_model' returned 0; elapsed 0Total elapsed time: 93.979 sec.
@I [HLS-100] Command "schedule -model digitrec_knn_vote "
@I [SCHED-11] Starting scheduling ...
@I [SCHED-11] Finished scheduling.
@I [HLS-100] Command 'schedule' returned 0; elapsed 0.02Total elapsed time: 93.999 sec.
@I [HLS-111] Elapsed time: 0.13 seconds; current memory usage: 194 MB.
@I [HLS-100] Command "report -o /home/rjc422/ece5775_digitrec/2-nn.prj/solution1/.autopilot/db/digitrec_knn_vote.verbose.sched.rpt -verbose -f "
@I [HLS-100] Command 'report' returned 0; elapsed 0.03Total elapsed time: 94.46 sec.
@I [HLS-100] Command "db_write -o /home/rjc422/ece5775_digitrec/2-nn.prj/solution1/.autopilot/db/digitrec_knn_vote.sched.adb -f "
@I [HLS-100] Command 'db_write' returned 0; elapsed 0.03Total elapsed time: 94.81 sec.
@I [HLS-0] Finish scheduling digitrec_knn_vote.
@I [HLS-10] ----------------------------------------------------------------
@0 [HLS-0] ----------------------------------------------------------------
@I [HLS-10] -- Exploring micro-architecture for module 'digitrec_knn_vote' 
@0 [HLS-0] -- Exploring micro-architecture for module 'digitrec_knn_vote' 
@I [HLS-10] ----------------------------------------------------------------
@0 [HLS-0] ----------------------------------------------------------------
@I [HLS-100] Command "set_default_model digitrec_knn_vote "
@I [HLS-100] Command 'set_default_model' returned 0; elapsed 0Total elapsed time: 94.82 sec.
@I [HLS-100] Command "bind -model digitrec_knn_vote "
@I [BIND-110] clear=
@I [BIND-110] debug=
@I [BIND-110] drf=
@I [BIND-110] effort=
@I [BIND-110] fast_refine=
@I [BIND-110] fu_weight=[ 0.0 -- 1.0 ]
@I [BIND-110] global_opt=
@I [BIND-110] gsearch=
@I [BIND-110] help=
@I [BIND-110] help-hidden=
@I [BIND-110] min_mem_port=
@I [BIND-110] min_op=
@I [BIND-110] minreg=
@I [BIND-110] ml=
@I [BIND-110] model=digitrec_knn_vote
@I [BIND-110] no_false_path=
@I [BIND-110] no_min_op=
@I [BIND-110] normalize=
@I [BIND-110] quiet=
@I [BIND-110] refine=
@I [BIND-110] reg_weight=[ 0.0 -- 1.0 ]
@I [BIND-110] search=
@I [BIND-110] tight_delay=
@I [BIND-110] verbose=
@I [BIND-110] wFF=
@I [BIND-110] wFU=
@I [BIND-110] wMUX=
@I [BIND-110] wNET=
@I [BIND-100] Starting micro-architecture generation ...
@I [BIND-101] Performing variable lifetime analysis.
@I [BIND-101] Exploring resource sharing.
@I [BIND-101] Binding ...
@I [BIND-100] Finished micro-architecture generation.
@I [HLS-100] Command 'bind' returned 0; elapsed 0.01Total elapsed time: 94.89 sec.
@I [HLS-111] Elapsed time: 0.08 seconds; current memory usage: 194 MB.
@I [HLS-100] Command "report -o /home/rjc422/ece5775_digitrec/2-nn.prj/solution1/.autopilot/db/digitrec_knn_vote.verbose.bind.rpt -verbose -f "
@I [HLS-100] Command 'report' returned 0; elapsed 0.05Total elapsed time: 94.153 sec.
@I [HLS-100] Command "db_write -o /home/rjc422/ece5775_digitrec/2-nn.prj/solution1/.autopilot/db/digitrec_knn_vote.bind.adb -f "
@I [HLS-100] Command 'db_write' returned 0; elapsed 0.03Total elapsed time: 94.190 sec.
@I [HLS-0] Finish binding digitrec_knn_vote.
@I [HLS-10] ----------------------------------------------------------------
@0 [HLS-0] ----------------------------------------------------------------
@I [HLS-10] -- Scheduling module 'digitrec' 
@0 [HLS-0] -- Scheduling module 'digitrec' 
@I [HLS-10] ----------------------------------------------------------------
@0 [HLS-0] ----------------------------------------------------------------
@I [HLS-100] Command "set_default_model digitrec "
@I [HLS-100] Command 'set_default_model' returned 0; elapsed 0Total elapsed time: 94.191 sec.
@I [HLS-100] Command "schedule -model digitrec "
@I [SCHED-11] Starting scheduling ...
@I [SCHED-11] Finished scheduling.
@I [HLS-100] Command 'schedule' returned 0; elapsed 0.02Total elapsed time: 94.216 sec.
@I [HLS-111] Elapsed time: 0.11 seconds; current memory usage: 194 MB.
@I [HLS-100] Command "report -o /home/rjc422/ece5775_digitrec/2-nn.prj/solution1/.autopilot/db/digitrec.verbose.sched.rpt -verbose -f "
@I [HLS-100] Command 'report' returned 0; elapsed 0.05Total elapsed time: 94.282 sec.
@I [HLS-100] Command "db_write -o /home/rjc422/ece5775_digitrec/2-nn.prj/solution1/.autopilot/db/digitrec.sched.adb -f "
@I [HLS-100] Command 'db_write' returned 0; elapsed 0.05Total elapsed time: 94.338 sec.
@I [HLS-0] Finish scheduling digitrec.
@I [HLS-10] ----------------------------------------------------------------
@0 [HLS-0] ----------------------------------------------------------------
@I [HLS-10] -- Exploring micro-architecture for module 'digitrec' 
@0 [HLS-0] -- Exploring micro-architecture for module 'digitrec' 
@I [HLS-10] ----------------------------------------------------------------
@0 [HLS-0] ----------------------------------------------------------------
@I [HLS-100] Command "set_default_model digitrec "
@I [HLS-100] Command 'set_default_model' returned 0; elapsed 0Total elapsed time: 94.339 sec.
@I [HLS-100] Command "bind -model digitrec "
@I [BIND-110] clear=
@I [BIND-110] debug=
@I [BIND-110] drf=
@I [BIND-110] effort=
@I [BIND-110] fast_refine=
@I [BIND-110] fu_weight=[ 0.0 -- 1.0 ]
@I [BIND-110] global_opt=
@I [BIND-110] gsearch=
@I [BIND-110] help=
@I [BIND-110] help-hidden=
@I [BIND-110] min_mem_port=
@I [BIND-110] min_op=
@I [BIND-110] minreg=
@I [BIND-110] ml=
@I [BIND-110] model=digitrec
@I [BIND-110] no_false_path=
@I [BIND-110] no_min_op=
@I [BIND-110] normalize=
@I [BIND-110] quiet=
@I [BIND-110] refine=
@I [BIND-110] reg_weight=[ 0.0 -- 1.0 ]
@I [BIND-110] search=
@I [BIND-110] tight_delay=
@I [BIND-110] verbose=
@I [BIND-110] wFF=
@I [BIND-110] wFU=
@I [BIND-110] wMUX=
@I [BIND-110] wNET=
@I [BIND-100] Starting micro-architecture generation ...
@I [BIND-101] Performing variable lifetime analysis.
@I [BIND-101] Exploring resource sharing.
@I [BIND-101] Binding ...
@I [BIND-100] Finished micro-architecture generation.
@I [HLS-100] Command 'bind' returned 0; elapsed 0.03Total elapsed time: 94.358 sec.
@I [HLS-111] Elapsed time: 0.14 seconds; current memory usage: 195 MB.
@I [HLS-100] Command "report -o /home/rjc422/ece5775_digitrec/2-nn.prj/solution1/.autopilot/db/digitrec.verbose.bind.rpt -verbose -f "
@I [HLS-100] Command 'report' returned 0; elapsed 0.07Total elapsed time: 94.451 sec.
@I [HLS-100] Command "db_write -o /home/rjc422/ece5775_digitrec/2-nn.prj/solution1/.autopilot/db/digitrec.bind.adb -f "
@I [HLS-100] Command 'db_write' returned 0; elapsed 0.05Total elapsed time: 94.510 sec.
@I [HLS-0] Finish binding digitrec.
@I [HLS-100] Command "get_model_list digitrec -filter all-wo-channel "
@I [HLS-100] Command 'get_model_list' returned 0; elapsed 0Total elapsed time: 94.510 sec.
@I [HLS-0] Preprocessing for RTLGen ...
@I [HLS-100] Command "rtl_gen_preprocess digitrec_update_knn "
@I [HLS-100] Command 'rtl_gen_preprocess' returned 0; elapsed 0Total elapsed time: 94.511 sec.
@I [HLS-100] Command "rtl_gen_preprocess digitrec_knn_vote "
@I [HLS-100] Command 'rtl_gen_preprocess' returned 0; elapsed 0Total elapsed time: 94.512 sec.
@I [HLS-100] Command "rtl_gen_preprocess digitrec "
@I [HLS-100] Command 'rtl_gen_preprocess' returned 0; elapsed 0Total elapsed time: 94.512 sec.
@I [HLS-0] Model list for RTL generation: digitrec_update_knn digitrec_knn_vote digitrec
@I [HLS-10] ----------------------------------------------------------------
@0 [HLS-0] ----------------------------------------------------------------
@I [HLS-10] -- Generating RTL for module 'digitrec_update_knn' 
@0 [HLS-0] -- Generating RTL for module 'digitrec_update_knn' 
@I [HLS-10] ----------------------------------------------------------------
@0 [HLS-0] ----------------------------------------------------------------
@I [HLS-100] Command "create_rtl_model digitrec_update_knn -vendor xilinx -mg_file /home/rjc422/ece5775_digitrec/2-nn.prj/solution1/.autopilot/db/digitrec_update_knn.compgen.tcl "
@I [RTGEN-100] Finished creating RTL model for 'digitrec_update_knn'.
@I [HLS-100] Command 'create_rtl_model' returned 0; elapsed 0.01Total elapsed time: 94.531 sec.
@I [HLS-111] Elapsed time: 0.15 seconds; current memory usage: 195 MB.
@I [HLS-100] Command "source /home/rjc422/ece5775_digitrec/2-nn.prj/solution1/.autopilot/db/digitrec.rtl_wrap.cfg.tcl "
@I [HLS-100] Command 'ap_source' returned 0; elapsed 0Total elapsed time: 94.549 sec.
@I [HLS-100] Command "gen_rtl digitrec_update_knn -style xilinx -tracefl mytrace -tracefmt vcd -traceopt all -f -lang sc -o /home/rjc422/ece5775_digitrec/2-nn.prj/solution1/syn/systemc/digitrec_update_knn -synmodules digitrec_update_knn digitrec_knn_vote digitrec "
@I [HLS-100] Command 'gen_rtl' returned 0; elapsed 0.01Total elapsed time: 94.556 sec.
@I [HLS-100] Command "gen_rtl digitrec_update_knn -style xilinx -f -lang vhdl -o /home/rjc422/ece5775_digitrec/2-nn.prj/solution1/syn/vhdl/digitrec_update_knn "
@I [HLS-100] Command 'gen_rtl' returned 0; elapsed 0Total elapsed time: 94.559 sec.
@I [HLS-100] Command "gen_rtl digitrec_update_knn -style xilinx -f -lang vlog -o /home/rjc422/ece5775_digitrec/2-nn.prj/solution1/syn/verilog/digitrec_update_knn "
@I [HLS-100] Command 'gen_rtl' returned 0; elapsed 0Total elapsed time: 94.563 sec.
@I [HLS-100] Command "gen_tb_info digitrec_update_knn -o /home/rjc422/ece5775_digitrec/2-nn.prj/solution1/.autopilot/db/digitrec_update_knn -p /home/rjc422/ece5775_digitrec/2-nn.prj/solution1/.autopilot/db "
@I [HLS-100] Command 'gen_tb_info' returned 0; elapsed 0Total elapsed time: 94.574 sec.
@I [HLS-100] Command "report -model digitrec_update_knn -o /home/rjc422/ece5775_digitrec/2-nn.prj/solution1/syn/report/digitrec_update_knn_csynth.rpt -f "
@I [HLS-100] Command 'report' returned 0; elapsed 0.01Total elapsed time: 94.584 sec.
@I [HLS-100] Command "report -model digitrec_update_knn -o /home/rjc422/ece5775_digitrec/2-nn.prj/solution1/syn/report/digitrec_update_knn_csynth.xml -f -x "
@I [HLS-100] Command 'report' returned 0; elapsed 0.01Total elapsed time: 94.591 sec.
@I [HLS-100] Command "report -model digitrec_update_knn -o /home/rjc422/ece5775_digitrec/2-nn.prj/solution1/.autopilot/db/digitrec_update_knn.verbose.rpt -verbose -f "
@I [HLS-100] Command 'report' returned 0; elapsed 0.05Total elapsed time: 94.654 sec.
@I [HLS-100] Command "db_write -model digitrec_update_knn -o /home/rjc422/ece5775_digitrec/2-nn.prj/solution1/.autopilot/db/digitrec_update_knn.adb -f "
@I [HLS-100] Command 'db_write' returned 0; elapsed 0.05Total elapsed time: 94.705 sec.
@I [HLS-10] ----------------------------------------------------------------
@0 [HLS-0] ----------------------------------------------------------------
@I [HLS-10] -- Generating RTL for module 'digitrec_knn_vote' 
@0 [HLS-0] -- Generating RTL for module 'digitrec_knn_vote' 
@I [HLS-10] ----------------------------------------------------------------
@0 [HLS-0] ----------------------------------------------------------------
@I [HLS-100] Command "create_rtl_model digitrec_knn_vote -vendor xilinx -mg_file /home/rjc422/ece5775_digitrec/2-nn.prj/solution1/.autopilot/db/digitrec_knn_vote.compgen.tcl "
@I [RTGEN-100] Finished creating RTL model for 'digitrec_knn_vote'.
@I [HLS-100] Command 'create_rtl_model' returned 0; elapsed 0.01Total elapsed time: 94.734 sec.
@I [HLS-111] Elapsed time: 0.17 seconds; current memory usage: 196 MB.
@I [HLS-100] Command "source /home/rjc422/ece5775_digitrec/2-nn.prj/solution1/.autopilot/db/digitrec.rtl_wrap.cfg.tcl "
@I [HLS-100] Command 'ap_source' returned 0; elapsed 0Total elapsed time: 94.750 sec.
@I [HLS-100] Command "gen_rtl digitrec_knn_vote -style xilinx -tracefl mytrace -tracefmt vcd -traceopt all -f -lang sc -o /home/rjc422/ece5775_digitrec/2-nn.prj/solution1/syn/systemc/digitrec_knn_vote -synmodules digitrec_update_knn digitrec_knn_vote digitrec "
@I [HLS-100] Command 'gen_rtl' returned 0; elapsed 0Total elapsed time: 94.757 sec.
@I [HLS-100] Command "gen_rtl digitrec_knn_vote -style xilinx -f -lang vhdl -o /home/rjc422/ece5775_digitrec/2-nn.prj/solution1/syn/vhdl/digitrec_knn_vote "
@I [HLS-100] Command 'gen_rtl' returned 0; elapsed 0Total elapsed time: 94.762 sec.
@I [HLS-100] Command "gen_rtl digitrec_knn_vote -style xilinx -f -lang vlog -o /home/rjc422/ece5775_digitrec/2-nn.prj/solution1/syn/verilog/digitrec_knn_vote "
@I [HLS-100] Command 'gen_rtl' returned 0; elapsed 0.01Total elapsed time: 94.767 sec.
@I [HLS-100] Command "gen_tb_info digitrec_knn_vote -o /home/rjc422/ece5775_digitrec/2-nn.prj/solution1/.autopilot/db/digitrec_knn_vote -p /home/rjc422/ece5775_digitrec/2-nn.prj/solution1/.autopilot/db "
@I [HLS-100] Command 'gen_tb_info' returned 0; elapsed 0.01Total elapsed time: 94.785 sec.
@I [HLS-100] Command "report -model digitrec_knn_vote -o /home/rjc422/ece5775_digitrec/2-nn.prj/solution1/syn/report/digitrec_knn_vote_csynth.rpt -f "
@I [HLS-100] Command 'report' returned 0; elapsed 0.01Total elapsed time: 94.797 sec.
@I [HLS-100] Command "report -model digitrec_knn_vote -o /home/rjc422/ece5775_digitrec/2-nn.prj/solution1/syn/report/digitrec_knn_vote_csynth.xml -f -x "
@I [HLS-100] Command 'report' returned 0; elapsed 0Total elapsed time: 94.804 sec.
@I [HLS-100] Command "report -model digitrec_knn_vote -o /home/rjc422/ece5775_digitrec/2-nn.prj/solution1/.autopilot/db/digitrec_knn_vote.verbose.rpt -verbose -f "
@I [HLS-100] Command 'report' returned 0; elapsed 0.05Total elapsed time: 94.862 sec.
@I [HLS-100] Command "db_write -model digitrec_knn_vote -o /home/rjc422/ece5775_digitrec/2-nn.prj/solution1/.autopilot/db/digitrec_knn_vote.adb -f "
@I [HLS-100] Command 'db_write' returned 0; elapsed 0.04Total elapsed time: 94.907 sec.
@I [HLS-10] ----------------------------------------------------------------
@0 [HLS-0] ----------------------------------------------------------------
@I [HLS-10] -- Generating RTL for module 'digitrec' 
@0 [HLS-0] -- Generating RTL for module 'digitrec' 
@I [HLS-10] ----------------------------------------------------------------
@0 [HLS-0] ----------------------------------------------------------------
@I [HLS-100] Command "create_rtl_model digitrec -vendor xilinx -mg_file /home/rjc422/ece5775_digitrec/2-nn.prj/solution1/.autopilot/db/digitrec.compgen.tcl "
@I [RTGEN-500] Setting interface mode on port 'digitrec/input_V' to 'ap_none'.
@I [RTGEN-500] Setting interface mode on function 'digitrec' to 'ap_ctrl_hs'.
@I [RTGEN-100] Finished creating RTL model for 'digitrec'.
@I [HLS-100] Command 'create_rtl_model' returned 0; elapsed 0.03Total elapsed time: 94.965 sec.
@I [HLS-111] Elapsed time: 0.17 seconds; current memory usage: 197 MB.
@I [HLS-100] Command "source /home/rjc422/ece5775_digitrec/2-nn.prj/solution1/.autopilot/db/digitrec.rtl_wrap.cfg.tcl "
@I [HLS-100] Command 'ap_source' returned 0; elapsed 0Total elapsed time: 94.982 sec.
@I [HLS-100] Command "gen_rtl digitrec -istop -style xilinx -tracefl mytrace -tracefmt vcd -traceopt all -f -lang sc -o /home/rjc422/ece5775_digitrec/2-nn.prj/solution1/syn/systemc/digitrec -synmodules digitrec_update_knn digitrec_knn_vote digitrec "
@I [HLS-100] Command 'gen_rtl' returned 0; elapsed 0Total elapsed time: 94.988 sec.
@I [HLS-100] Command "gen_rtl digitrec -istop -style xilinx -f -lang vhdl -o /home/rjc422/ece5775_digitrec/2-nn.prj/solution1/syn/vhdl/digitrec "
@I [HLS-100] Command 'gen_rtl' returned 0; elapsed 0.02Total elapsed time: 95.1 sec.
@I [HLS-100] Command "gen_rtl digitrec -istop -style xilinx -f -lang vlog -o /home/rjc422/ece5775_digitrec/2-nn.prj/solution1/syn/verilog/digitrec "
@I [HLS-100] Command 'gen_rtl' returned 0; elapsed 0.01Total elapsed time: 95.8 sec.
@I [HLS-100] Command "export_constraint_db -o /home/rjc422/ece5775_digitrec/2-nn.prj/solution1/.autopilot/db/digitrec.constraint.tcl -f -tool general "
@I [HLS-100] Command 'export_constraint_db' returned 0; elapsed 0Total elapsed time: 95.11 sec.
@I [HLS-100] Command "report -model digitrec -o /home/rjc422/ece5775_digitrec/2-nn.prj/solution1/.autopilot/db/digitrec.design.xml -verbose -f -dv "
@I [HLS-100] Command 'report' returned 0; elapsed 0.02Total elapsed time: 95.35 sec.
@I [HLS-100] Command "report -model digitrec -o /home/rjc422/ece5775_digitrec/2-nn.prj/solution1/.autopilot/db/digitrec.sdaccel.xml -verbose -f -sdaccel "
@I [HLS-100] Command 'report' returned 0; elapsed 0.01Total elapsed time: 95.52 sec.
@I [HLS-100] Command "gen_tb_info digitrec -o /home/rjc422/ece5775_digitrec/2-nn.prj/solution1/.autopilot/db/digitrec -p /home/rjc422/ece5775_digitrec/2-nn.prj/solution1/.autopilot/db "
@I [HLS-100] Command 'gen_tb_info' returned 0; elapsed 0Total elapsed time: 95.67 sec.
@I [HLS-100] Command "report -model digitrec -o /home/rjc422/ece5775_digitrec/2-nn.prj/solution1/syn/report/digitrec_csynth.rpt -f "
@I [HLS-100] Command 'report' returned 0; elapsed 0.01Total elapsed time: 95.80 sec.
@I [HLS-100] Command "report -model digitrec -o /home/rjc422/ece5775_digitrec/2-nn.prj/solution1/syn/report/digitrec_csynth.xml -f -x "
@I [HLS-100] Command 'report' returned 0; elapsed 0.01Total elapsed time: 95.87 sec.
@I [HLS-100] Command "report -model digitrec -o /home/rjc422/ece5775_digitrec/2-nn.prj/solution1/.autopilot/db/digitrec.verbose.rpt -verbose -f "
@I [HLS-100] Command 'report' returned 0; elapsed 0.09Total elapsed time: 95.179 sec.
@I [HLS-100] Command "db_write -model digitrec -o /home/rjc422/ece5775_digitrec/2-nn.prj/solution1/.autopilot/db/digitrec.adb -f "
@I [HLS-100] Command 'db_write' returned 0; elapsed 0.06Total elapsed time: 95.245 sec.
@I [HLS-100] Command "sc_get_clocks digitrec "
@I [HLS-100] Command 'sc_get_clocks' returned 0; elapsed 0Total elapsed time: 95.264 sec.
@I [HLS-100] Command "sc_get_portdomain digitrec "
@I [HLS-100] Command 'sc_get_portdomain' returned 0; elapsed 0Total elapsed time: 95.264 sec.
@I [HLS-0] Model list for RTL component generation: digitrec_update_knn digitrec_knn_vote digitrec
@I [HLS-0] Handling components in module [digitrec_update_knn] ... 
@I [HLS-100] Command "source /home/rjc422/ece5775_digitrec/2-nn.prj/solution1/.autopilot/db/digitrec_update_knn.compgen.tcl "
@I [HLS-100] Command 'ap_source' returned 0; elapsed 0Total elapsed time: 95.272 sec.
@I [HLS-0] Handling components in module [digitrec_knn_vote] ... 
@I [HLS-100] Command "source /home/rjc422/ece5775_digitrec/2-nn.prj/solution1/.autopilot/db/digitrec_knn_vote.compgen.tcl "
@I [HLS-100] Command 'ap_source' returned 0; elapsed 0Total elapsed time: 95.276 sec.
@I [HLS-0] Handling components in module [digitrec] ... 
@I [HLS-100] Command "source /home/rjc422/ece5775_digitrec/2-nn.prj/solution1/.autopilot/db/digitrec.compgen.tcl "
@I [HLS-0] Found component digitrec_training_data_V.
@I [HLS-0] Append model digitrec_training_data_V
@I [HLS-0] Found component digitrec_knn_set_V.
@I [HLS-0] Append model digitrec_knn_set_V
@I [HLS-100] Command 'ap_source' returned 0; elapsed 0.01Total elapsed time: 95.286 sec.
@I [HLS-0] Append model digitrec_update_knn
@I [HLS-0] Append model digitrec_knn_vote
@I [HLS-0] Append model digitrec
@I [HLS-0] Generating RTL model list ...
@I [HLS-0] All models in this session: digitrec_training_data_V digitrec_knn_set_V digitrec_update_knn digitrec_knn_vote digitrec
@I [HLS-0] To file: write model digitrec_training_data_V
@I [HLS-0] To file: write model digitrec_knn_set_V
@I [HLS-0] To file: write model digitrec_update_knn
@I [HLS-0] To file: write model digitrec_knn_vote
@I [HLS-0] To file: write model digitrec
@I [HLS-0] Finished generating RTL model list.


@I [HLS-0] RTL Generation done.
@I [HLS-0] CAS Generation done.
@I [HLS-0] CBC Generation done.
@I [HLS-100] Command "export_ssdm /home/rjc422/ece5775_digitrec/2-nn.prj/solution1/.autopilot/db/a.export.ll "
@I [HLS-100] Command 'export_ssdm' returned 0; elapsed 0.01Total elapsed time: 95.308 sec.
@I [HLS-100] Command "source /home/rjc422/ece5775_digitrec/2-nn.prj/solution1/.autopilot/db/global.setting.tcl "
@I [HLS-100] Command 'ap_source' returned 0; elapsed 0Total elapsed time: 95.318 sec.
@I [HLS-100] Command "source /opt/xilinx/xilinx_2016.2/Vivado_HLS/2016.2/common/technology/generic/autopilot/common.gen "
@I [HLS-100] Command "source /opt/xilinx/xilinx_2016.2/Vivado_HLS/2016.2/common/technology/generic/autopilot/APCoreGen.gen "
@I [HLS-100] Command 'ap_source' returned 0; elapsed 0Total elapsed time: 95.323 sec.
@I [HLS-100] Command 'ap_source' returned 0; elapsed 0Total elapsed time: 95.324 sec.
@I [HLS-100] Command "source /opt/xilinx/xilinx_2016.2/Vivado_HLS/2016.2/common/technology/generic/autopilot/op.gen "
@I [HLS-100] Command 'ap_source' returned 0; elapsed 0Total elapsed time: 95.325 sec.
@I [HLS-100] Command "source /opt/xilinx/xilinx_2016.2/Vivado_HLS/2016.2/common/technology/generic/autopilot/op_simcore.gen "
@I [HLS-100] Command 'ap_source' returned 0; elapsed 0Total elapsed time: 95.327 sec.
@I [HLS-100] Command "source /opt/xilinx/xilinx_2016.2/Vivado_HLS/2016.2/common/technology/generic/autopilot/interface.gen "
@I [HLS-100] Command 'ap_source' returned 0; elapsed 0.01Total elapsed time: 95.327 sec.
@I [HLS-100] Command "source /home/rjc422/ece5775_digitrec/2-nn.prj/solution1/.autopilot/db/global.setting.tcl "
@I [HLS-100] Command 'ap_source' returned 0; elapsed 0Total elapsed time: 95.331 sec.
@I [HLS-100] Command "source /opt/xilinx/xilinx_2016.2/Vivado_HLS/2016.2/common/technology/xilinx/zynq/zynq.gen "
@I [HLS-100] Command "source /opt/xilinx/xilinx_2016.2/Vivado_HLS/2016.2/common/technology/xilinx/common/virtex.gen "
@I [HLS-100] Command "source /opt/xilinx/xilinx_2016.2/Vivado_HLS/2016.2/common/technology/xilinx/common/xilinx.gen "
@I [HLS-100] Command "source /opt/xilinx/xilinx_2016.2/Vivado_HLS/2016.2/common/technology/xilinx/interface/plb46.gen "
@I [HLS-100] Command 'ap_source' returned 0; elapsed 0Total elapsed time: 95.336 sec.
@I [HLS-100] Command "source /opt/xilinx/xilinx_2016.2/Vivado_HLS/2016.2/common/technology/xilinx/interface/fsl.gen "
@I [HLS-100] Command 'ap_source' returned 0; elapsed 0Total elapsed time: 95.337 sec.
@I [HLS-100] Command "source /opt/xilinx/xilinx_2016.2/Vivado_HLS/2016.2/common/technology/xilinx/interface/axi4.gen "
@I [HLS-100] Command 'ap_source' returned 0; elapsed 0Total elapsed time: 95.339 sec.
@I [HLS-100] Command "source /opt/xilinx/xilinx_2016.2/Vivado_HLS/2016.2/common/technology/xilinx/interface/nativeAXI4.gen "
@I [HLS-100] Command "source /opt/xilinx/xilinx_2016.2/Vivado_HLS/2016.2/common/technology/xilinx/interface/saxilite.gen "
@I [HLS-100] Command 'ap_source' returned 0; elapsed 0Total elapsed time: 95.343 sec.
@I [HLS-100] Command "source /opt/xilinx/xilinx_2016.2/Vivado_HLS/2016.2/common/technology/xilinx/interface/maxi.gen "
@I [HLS-100] Command 'ap_source' returned 0; elapsed 0.01Total elapsed time: 95.350 sec.
@I [HLS-100] Command 'ap_source' returned 0; elapsed 0.01Total elapsed time: 95.350 sec.
@I [HLS-100] Command "source /opt/xilinx/xilinx_2016.2/Vivado_HLS/2016.2/common/technology/xilinx/scripts/xilinxcoregen.gen "
@I [HLS-100] Command 'ap_source' returned 0; elapsed 0.01Total elapsed time: 95.360 sec.
@I [HLS-100] Command "source /opt/xilinx/xilinx_2016.2/Vivado_HLS/2016.2/common/technology/xilinx/interface/XilEDKCoreGen.gen "
@I [HLS-100] Command 'ap_source' returned 0; elapsed 0.01Total elapsed time: 95.367 sec.
@I [HLS-100] Command "source /opt/xilinx/xilinx_2016.2/Vivado_HLS/2016.2/common/technology/xilinx/ip/dds_compiler.gen "
@I [HLS-100] Command 'ap_source' returned 0; elapsed 0Total elapsed time: 95.372 sec.
@I [HLS-100] Command "source /opt/xilinx/xilinx_2016.2/Vivado_HLS/2016.2/common/technology/xilinx/ip/util.gen "
@I [HLS-100] Command 'ap_source' returned 0; elapsed 0Total elapsed time: 95.373 sec.
@I [HLS-100] Command "source /opt/xilinx/xilinx_2016.2/Vivado_HLS/2016.2/common/technology/xilinx/ip/xfft.gen "
@I [HLS-100] Command 'ap_source' returned 0; elapsed 0.07Total elapsed time: 95.444 sec.
@I [HLS-100] Command "source /opt/xilinx/xilinx_2016.2/Vivado_HLS/2016.2/common/technology/xilinx/ip/xfir.gen "
@I [HLS-100] Command 'ap_source' returned 0; elapsed 0Total elapsed time: 95.445 sec.
@I [HLS-100] Command 'ap_source' returned 0; elapsed 0.1Total elapsed time: 95.446 sec.
@I [HLS-100] Command "source /opt/xilinx/xilinx_2016.2/Vivado_HLS/2016.2/common/technology/xilinx/common/dsp48.gen "
@I [HLS-100] Command 'ap_source' returned 0; elapsed 0Total elapsed time: 95.448 sec.
@I [HLS-100] Command 'ap_source' returned 0; elapsed 0.1Total elapsed time: 95.449 sec.
@I [HLS-100] Command 'ap_source' returned 0; elapsed 0.11Total elapsed time: 95.450 sec.
@I [HLS-100] Command "source /opt/xilinx/xilinx_2016.2/Vivado_HLS/2016.2/common/technology/xilinx/zynq/zynq_fpv6.gen "
@I [HLS-100] Command "source /opt/xilinx/xilinx_2016.2/Vivado_HLS/2016.2/common/technology/xilinx/common/xilinx_fpv6.gen "
@I [HLS-100] Command 'ap_source' returned 0; elapsed 0.01Total elapsed time: 95.456 sec.
@I [HLS-100] Command 'ap_source' returned 0; elapsed 0.01Total elapsed time: 95.457 sec.
@I [HLS-100] Command "source /home/rjc422/ece5775_digitrec/2-nn.prj/solution1/.autopilot/db/global.setting.tcl "
@I [HLS-100] Command 'ap_source' returned 0; elapsed 0Total elapsed time: 95.462 sec.
@I [HLS-100] Command "source /home/rjc422/ece5775_digitrec/2-nn.prj/solution1/.autopilot/db/global.setting.tcl "
@I [HLS-100] Command 'ap_source' returned 0; elapsed 0Total elapsed time: 95.466 sec.
@I [HLS-100] Command "source /home/rjc422/ece5775_digitrec/2-nn.prj/solution1/.autopilot/db/global.setting.tcl "
@I [HLS-100] Command 'ap_source' returned 0; elapsed 0Total elapsed time: 95.470 sec.
@I [HLS-100] Command "source /home/rjc422/ece5775_digitrec/2-nn.prj/solution1/.autopilot/db/digitrec_update_knn.compgen.tcl "
@I [HLS-100] Command 'ap_source' returned 0; elapsed 0Total elapsed time: 95.477 sec.
@I [HLS-100] Command "source /home/rjc422/ece5775_digitrec/2-nn.prj/solution1/.autopilot/db/digitrec_knn_vote.compgen.tcl "
@I [HLS-100] Command 'ap_source' returned 0; elapsed 0Total elapsed time: 95.481 sec.
@I [HLS-100] Command "source /home/rjc422/ece5775_digitrec/2-nn.prj/solution1/.autopilot/db/digitrec.compgen.tcl "
@I [RTMG-279] Implementing memory 'digitrec_training_data_V_rom' using auto ROMs.
@I [RTMG-278] Implementing memory 'digitrec_knn_set_V_ram' using distributed RAMs.
@I [HLS-100] Command 'ap_source' returned 0; elapsed 1.26Total elapsed time: 96.784 sec.
@I [HLS-10] Finished generating all RTL models.
@0 [HLS-0] Finished generating all RTL models.
@I [SYSC-301] Generating SystemC RTL for digitrec.
@I [VHDL-304] Generating VHDL RTL for digitrec.
@I [VLOG-307] Generating Verilog RTL for digitrec.
@I [HLS-100] Command 'autosyn' returned 0; elapsed 2.82Total elapsed time: 96.964 sec.
@I [HLS-100] Command 'csynth_design' returned 0; elapsed 21.82Total elapsed time: 96.965 sec.
@I [HLS-100] Command "source ./script/collect_result.tcl "
@I [HLS-100] Command 'ap_source' returned 0; elapsed 0Total elapsed time: 96.987 sec.
@I [HLS-100] Command "open_project 3-nn.prj -reset "
@I [HLS-10] Opening and resetting project '/home/rjc422/ece5775_digitrec/3-nn.prj'.
@I [HLS-100] Command 'open_project' returned 0; elapsed 0.03Total elapsed time: 97.134 sec.
@I [HLS-100] Command "set_top digitrec "
@I [HLS-100] Command 'set_top' returned 0; elapsed 0Total elapsed time: 97.142 sec.
@I [HLS-100] Command "add_files digitrec.cpp -cflags -DK_CONST=3 "
@I [HLS-10] Adding design file 'digitrec.cpp' to the project
@I [HLS-100] Command "is_xip digitrec.cpp "
@I [HLS-100] Command 'is_xip' returned 0; elapsed 0Total elapsed time: 97.145 sec.
@I [HLS-100] Command 'add_files' returned 0; elapsed 0Total elapsed time: 97.156 sec.
@I [HLS-100] Command "add_files -tb digitrec_test.cpp -cflags -DK_CONST=3 "
@I [HLS-10] Adding test bench file 'digitrec_test.cpp' to the project
@I [HLS-100] Command 'add_files' returned 0; elapsed 0.02Total elapsed time: 97.168 sec.
@I [HLS-100] Command "add_files -tb data "
@I [HLS-10] Adding test bench file 'data' to the project
@I [HLS-100] Command 'add_files' returned 0; elapsed 0Total elapsed time: 97.180 sec.
@I [HLS-100] Command "open_solution solution1 "
@I [HLS-100] Command "cleanup_all "
@I [HLS-100] Command 'cleanup_all' returned 0; elapsed 0.03Total elapsed time: 97.223 sec.
@I [HLS-100] Command "cleanup_all "
@I [HLS-100] Command 'cleanup_all' returned 0; elapsed 0Total elapsed time: 97.225 sec.
