

================================================================
== Vivado HLS Report for 'digitrec_update_knn'
================================================================
* Date:           Wed Jun 16 13:43:49 2021

* Version:        2016.2 (Build 1577090 on Thu Jun 02 16:59:10 MDT 2016)
* Project:        2-nn.prj
* Solution:       solution1
* Product family: zynq
* Target device:  xc7z020clg484-1


================================================================
== Performance Estimates
================================================================
+ Timing (ns): 
    * Summary: 
    +--------+-------+----------+------------+
    |  Clock | Target| Estimated| Uncertainty|
    +--------+-------+----------+------------+
    |ap_clk  |  10.00|      5.70|        1.25|
    +--------+-------+----------+------------+

+ Latency (clock cycles): 
    * Summary: 
    +-----+-----+-----+-----+---------+
    |  Latency  |  Interval | Pipeline|
    | min | max | min | max |   Type  |
    +-----+-----+-----+-----+---------+
    |    ?|    ?|    ?|    ?|   none  |
    +-----+-----+-----+-----+---------+

    + Detail: 
        * Instance: 
        N/A

        * Loop: 
        +-------------+-----+-----+----------+-----------+-----------+------+----------+
        |             |  Latency  | Iteration|  Initiation Interval  | Trip |          |
        |  Loop Name  | min | max |  Latency |  achieved |   target  | Count| Pipelined|
        +-------------+-----+-----+----------+-----------+-----------+------+----------+
        |- WHILE      |    ?|    ?|         1|          -|          -|     ?|    no    |
        |- UPDATEKNN  |    4|    4|         2|          -|          -|     2|    no    |
        +-------------+-----+-----+----------+-----------+-----------+------+----------+

============================================================
+ Verbose Summary: Synthesis Manager
============================================================
InlineROM: 1
ExposeGlobal: 0
============================================================
+ Verbose Summary: CDFG Model
============================================================
IsTopModel: 0
ResetActiveHigh: 1
IsCombinational: 0
IsDatapathOnly: 0
HasWiredReturn: 1
HasMFsm: 0
HasVarLatency: 1
IsPipeline: 0
IsRtlPipelined: 0
IsInstanceOverlapped: 0
IsDontTouch: 0
HasImplIP: 0
IsGatedGlobalClock: 0


============================================================
+ Verbose Summary: Schedule
============================================================
* Number of FSM states: 5
* Pipeline: 0
* Dataflow Pipeline: 0

* FSM state transitions: 
1 --> 
	2  / true
2 --> 
	3  / (tmp_i)
	2  / (!tmp_i)
3 --> 
	4  / (!exitcond)
	5  / (exitcond)
4 --> 
	3  / true
5 --> 
* FSM state operations: 

 <State 1>: 2.94ns
ST_1: tmp_4_read [1/1] 0.00ns
:0  %tmp_4_read = call i4 @_ssdm_op_Read.ap_auto.i4(i4 %tmp_4)

ST_1: train_inst_V_read [1/1] 0.00ns
:1  %train_inst_V_read = call i48 @_ssdm_op_Read.ap_auto.i48(i48 %train_inst_V)

ST_1: test_inst_V_read [1/1] 0.00ns
:2  %test_inst_V_read = call i49 @_ssdm_op_Read.ap_auto.i49(i49 %test_inst_V)

ST_1: tmp_5 [1/1] 0.00ns
:3  %tmp_5 = call i5 @_ssdm_op_BitConcatenate.i5.i4.i1(i4 %tmp_4_read, i1 false)

ST_1: tmp_6_cast [1/1] 0.00ns
:4  %tmp_6_cast = zext i5 %tmp_5 to i6

ST_1: train_inst_V_cast [1/1] 0.00ns
:5  %train_inst_V_cast = zext i48 %train_inst_V_read to i49

ST_1: r_V [1/1] 1.37ns
:6  %r_V = xor i49 %train_inst_V_cast, %test_inst_V_read

ST_1: stg_13 [1/1] 1.57ns
:7  br label %1


 <State 2>: 4.41ns
ST_2: distance_V [1/1] 0.00ns
:0  %distance_V = phi i6 [ 0, %0 ], [ %count_V, %2 ]

ST_2: n_V_buf_i [1/1] 0.00ns
:1  %n_V_buf_i = phi i49 [ %r_V, %0 ], [ %tmp_6_i, %2 ]

ST_2: tmp_i [1/1] 2.62ns
:2  %tmp_i = icmp eq i49 %n_V_buf_i, 0

ST_2: count_V [1/1] 1.72ns
:3  %count_V = add i6 %distance_V, 1

ST_2: stg_18 [1/1] 1.57ns
:4  br i1 %tmp_i, label %bitcount.exit, label %2

ST_2: stg_19 [1/1] 0.00ns
:0  call void (...)* @_ssdm_op_SpecLoopName([6 x i8]* @p_str5) nounwind

ST_2: tmp_5_i [1/1] 3.04ns
:1  %tmp_5_i = add i49 %n_V_buf_i, -1

ST_2: tmp_6_i [1/1] 1.37ns
:2  %tmp_6_i = and i49 %tmp_5_i, %n_V_buf_i

ST_2: stg_22 [1/1] 0.00ns
:3  br label %1


 <State 3>: 4.11ns
ST_3: p_s [1/1] 0.00ns
bitcount.exit:0  %p_s = phi i6 [ %max_V_s, %._crit_edge ], [ 0, %1 ]

ST_3: p_026_s [1/1] 0.00ns
bitcount.exit:1  %p_026_s = phi i4 [ %i_val_V_026_s, %._crit_edge ], [ undef, %1 ]

ST_3: val_assign [1/1] 0.00ns
bitcount.exit:2  %val_assign = phi i2 [ %i, %._crit_edge ], [ 0, %1 ]

ST_3: exitcond [1/1] 1.36ns
bitcount.exit:3  %exitcond = icmp eq i2 %val_assign, -2

ST_3: empty [1/1] 0.00ns
bitcount.exit:4  %empty = call i32 (...)* @_ssdm_op_SpecLoopTripCount(i64 2, i64 2, i64 2)

ST_3: i [1/1] 0.80ns
bitcount.exit:5  %i = add i2 %val_assign, 1

ST_3: stg_29 [1/1] 0.00ns
bitcount.exit:6  br i1 %exitcond, label %3, label %._crit_edge

ST_3: tmp_2_cast [1/1] 0.00ns
._crit_edge:1  %tmp_2_cast = zext i2 %val_assign to i6

ST_3: tmp_8 [1/1] 1.72ns
._crit_edge:2  %tmp_8 = add i6 %tmp_6_cast, %tmp_2_cast

ST_3: tmp_8_cast [1/1] 0.00ns
._crit_edge:3  %tmp_8_cast = zext i6 %tmp_8 to i64

ST_3: min_distances_V_addr_1 [1/1] 0.00ns
._crit_edge:4  %min_distances_V_addr_1 = getelementptr [20 x i6]* %min_distances_V, i64 0, i64 %tmp_8_cast

ST_3: max_V [2/2] 2.39ns
._crit_edge:5  %max_V = load i6* %min_distances_V_addr_1, align 1

ST_3: tmp_cast [1/1] 0.00ns
:0  %tmp_cast = zext i4 %p_026_s to i6

ST_3: tmp_7 [1/1] 1.72ns
:1  %tmp_7 = add i6 %tmp_6_cast, %tmp_cast

ST_3: tmp_7_cast [1/1] 0.00ns
:2  %tmp_7_cast = zext i6 %tmp_7 to i64

ST_3: min_distances_V_addr [1/1] 0.00ns
:3  %min_distances_V_addr = getelementptr [20 x i6]* %min_distances_V, i64 0, i64 %tmp_7_cast

ST_3: min_distances_V_load [2/2] 2.39ns
:4  %min_distances_V_load = load i6* %min_distances_V_addr, align 1


 <State 4>: 5.70ns
ST_4: stg_40 [1/1] 0.00ns
._crit_edge:0  call void (...)* @_ssdm_op_SpecLoopName([10 x i8]* @p_str7) nounwind

ST_4: max_V [1/2] 2.39ns
._crit_edge:5  %max_V = load i6* %min_distances_V_addr_1, align 1

ST_4: tmp_3 [1/1] 1.94ns
._crit_edge:6  %tmp_3 = icmp ugt i6 %max_V, %p_s

ST_4: i_val_V [1/1] 0.00ns
._crit_edge:7  %i_val_V = zext i2 %val_assign to i4

ST_4: max_V_s [1/1] 1.37ns
._crit_edge:8  %max_V_s = select i1 %tmp_3, i6 %max_V, i6 %p_s

ST_4: i_val_V_026_s [1/1] 1.37ns
._crit_edge:9  %i_val_V_026_s = select i1 %tmp_3, i4 %i_val_V, i4 %p_026_s

ST_4: stg_46 [1/1] 0.00ns
._crit_edge:10  br label %bitcount.exit


 <State 5>: 4.33ns
ST_5: min_distances_V_load [1/2] 2.39ns
:4  %min_distances_V_load = load i6* %min_distances_V_addr, align 1

ST_5: tmp_1 [1/1] 1.94ns
:5  %tmp_1 = icmp ult i6 %distance_V, %min_distances_V_load

ST_5: stg_49 [1/1] 0.00ns
:6  br i1 %tmp_1, label %4, label %._crit_edge54

ST_5: stg_50 [1/1] 2.39ns
:0  store i6 %distance_V, i6* %min_distances_V_addr, align 1

ST_5: stg_51 [1/1] 0.00ns
:1  br label %._crit_edge54

ST_5: stg_52 [1/1] 0.00ns
._crit_edge54:0  ret void



============================================================
+ Verbose Summary: Binding
============================================================
STG Binding: 
---------------- STG Properties BEGIN ----------------
- Is combinational: 0
- Is one-state seq: 0
- Is datapath-only: 0
- Is clock enabled: 0
- Is pipelined: 0
- Is top level: 0
Port [ Return ] is wired: 1; IO mode=ap_ctrl_hs:ce=0
Port [ test_inst_V]:  wired=1; compound=0; hidden=0; nouse=0; global=0; static=0; extern=0; dir=0; type=0; pingpong=0; private_global=0; IO mode=ap_none:ce=0
Port [ train_inst_V]:  wired=1; compound=0; hidden=0; nouse=0; global=0; static=0; extern=0; dir=0; type=0; pingpong=0; private_global=0; IO mode=ap_none:ce=0
Port [ min_distances_V]:  wired=1; compound=1; hidden=0; nouse=0; global=0; static=0; extern=0; dir=2; type=1; pingpong=0; private_global=0; MemPort=[23]; IO mode=ap_memory:ce=0
Port [ tmp_4]:  wired=1; compound=0; hidden=0; nouse=0; global=0; static=0; extern=0; dir=0; type=0; pingpong=0; private_global=0; IO mode=ap_none:ce=0
---------------- STG Properties END ------------------

---------------- Datapath Model BEGIN ----------------

<LifeTime>
<method=bitvector/>
tmp_4_read             (read             ) [ 000000]
train_inst_V_read      (read             ) [ 000000]
test_inst_V_read       (read             ) [ 000000]
tmp_5                  (bitconcatenate   ) [ 000000]
tmp_6_cast             (zext             ) [ 001110]
train_inst_V_cast      (zext             ) [ 000000]
r_V                    (xor              ) [ 011000]
stg_13                 (br               ) [ 011000]
distance_V             (phi              ) [ 001111]
n_V_buf_i              (phi              ) [ 001000]
tmp_i                  (icmp             ) [ 001000]
count_V                (add              ) [ 011000]
stg_18                 (br               ) [ 001110]
stg_19                 (specloopname     ) [ 000000]
tmp_5_i                (add              ) [ 000000]
tmp_6_i                (and              ) [ 011000]
stg_22                 (br               ) [ 011000]
p_s                    (phi              ) [ 000110]
p_026_s                (phi              ) [ 000110]
val_assign             (phi              ) [ 000110]
exitcond               (icmp             ) [ 000110]
empty                  (speclooptripcount) [ 000000]
i                      (add              ) [ 001110]
stg_29                 (br               ) [ 000000]
tmp_2_cast             (zext             ) [ 000000]
tmp_8                  (add              ) [ 000000]
tmp_8_cast             (zext             ) [ 000000]
min_distances_V_addr_1 (getelementptr    ) [ 000010]
tmp_cast               (zext             ) [ 000000]
tmp_7                  (add              ) [ 000000]
tmp_7_cast             (zext             ) [ 000000]
min_distances_V_addr   (getelementptr    ) [ 000001]
stg_40                 (specloopname     ) [ 000000]
max_V                  (load             ) [ 000000]
tmp_3                  (icmp             ) [ 000000]
i_val_V                (zext             ) [ 000000]
max_V_s                (select           ) [ 001110]
i_val_V_026_s          (select           ) [ 001110]
stg_46                 (br               ) [ 001110]
min_distances_V_load   (load             ) [ 000000]
tmp_1                  (icmp             ) [ 000001]
stg_49                 (br               ) [ 000000]
stg_50                 (store            ) [ 000000]
stg_51                 (br               ) [ 000000]
stg_52                 (ret              ) [ 000000]
</LifeTime>

<model>

<comp_list>
<comp id="0" class="1000" name="test_inst_V">
<pin_list>
<pin id="1" dir="1" index="0" bw="1" slack="0"/>
</pin_list>
<bind>
<StgValue><ssdm name="test_inst_V"/></StgValue>
</bind>
</comp>

<comp id="2" class="1000" name="train_inst_V">
<pin_list>
<pin id="3" dir="1" index="0" bw="1" slack="0"/>
</pin_list>
<bind>
<StgValue><ssdm name="train_inst_V"/></StgValue>
</bind>
</comp>

<comp id="4" class="1000" name="min_distances_V">
<pin_list>
<pin id="5" dir="1" index="0" bw="1" slack="0"/>
</pin_list>
<bind>
<StgValue><ssdm name="min_distances_V"/><MemPortTyVec>2 3 </MemPortTyVec>
</StgValue>
</bind>
</comp>

<comp id="6" class="1000" name="tmp_4">
<pin_list>
<pin id="7" dir="1" index="0" bw="1" slack="0"/>
</pin_list>
<bind>
<StgValue><ssdm name="tmp_4"/></StgValue>
</bind>
</comp>

<comp id="8" class="1001" name="const_8">
<pin_list>
<pin id="9" dir="1" index="0" bw="1" slack="0"/>
</pin_list>
<bind>
<StgValue><ssdm name="_ssdm_op_Read.ap_auto.i4"/></StgValue>
</bind>
</comp>

<comp id="10" class="1001" name="const_10">
<pin_list>
<pin id="11" dir="1" index="0" bw="1" slack="0"/>
</pin_list>
<bind>
<StgValue><ssdm name="_ssdm_op_Read.ap_auto.i48"/></StgValue>
</bind>
</comp>

<comp id="12" class="1001" name="const_12">
<pin_list>
<pin id="13" dir="1" index="0" bw="1" slack="0"/>
</pin_list>
<bind>
<StgValue><ssdm name="_ssdm_op_Read.ap_auto.i49"/></StgValue>
</bind>
</comp>

<comp id="14" class="1001" name="const_14">
<pin_list>
<pin id="15" dir="1" index="0" bw="1" slack="0"/>
</pin_list>
<bind>
<StgValue><ssdm name="_ssdm_op_BitConcatenate.i5.i4.i1"/></StgValue>
</bind>
</comp>

<comp id="16" class="1001" name="const_16">
<pin_list>
<pin id="17" dir="1" index="0" bw="1" slack="0"/>
</pin_list>
<bind>
<StgValue><ssdm name=""/></StgValue>
</bind>
</comp>

<comp id="18" class="1001" name="const_18">
<pin_list>
<pin id="19" dir="1" index="0" bw="1" slack="1"/>
</pin_list>
<bind>
<StgValue><ssdm name=""/></StgValue>
</bind>
</comp>

<comp id="20" class="1001" name="const_20">
<pin_list>
<pin id="21" dir="1" index="0" bw="1" slack="0"/>
</pin_list>
<bind>
<StgValue><ssdm name=""/></StgValue>
</bind>
</comp>

<comp id="22" class="1001" name="const_22">
<pin_list>
<pin id="23" dir="1" index="0" bw="1" slack="0"/>
</pin_list>
<bind>
<StgValue><ssdm name=""/></StgValue>
</bind>
</comp>

<comp id="24" class="1001" name="const_24">
<pin_list>
<pin id="25" dir="1" index="0" bw="1" slack="2147483647"/>
</pin_list>
<bind>
<StgValue><ssdm name="_ssdm_op_SpecLoopName"/></StgValue>
</bind>
</comp>

<comp id="26" class="1001" name="const_26">
<pin_list>
<pin id="27" dir="1" index="0" bw="1" slack="2147483647"/>
</pin_list>
<bind>
<StgValue><ssdm name="p_str5"/></StgValue>
</bind>
</comp>

<comp id="28" class="1001" name="const_28">
<pin_list>
<pin id="29" dir="1" index="0" bw="1" slack="0"/>
</pin_list>
<bind>
<StgValue><ssdm name=""/></StgValue>
</bind>
</comp>

<comp id="30" class="1001" name="const_30">
<pin_list>
<pin id="31" dir="1" index="0" bw="1" slack="1"/>
</pin_list>
<bind>
<StgValue><ssdm name=""/></StgValue>
</bind>
</comp>

<comp id="32" class="1001" name="const_32">
<pin_list>
<pin id="33" dir="1" index="0" bw="1" slack="1"/>
</pin_list>
<bind>
<StgValue><ssdm name=""/></StgValue>
</bind>
</comp>

<comp id="34" class="1001" name="const_34">
<pin_list>
<pin id="35" dir="1" index="0" bw="1" slack="0"/>
</pin_list>
<bind>
<StgValue><ssdm name=""/></StgValue>
</bind>
</comp>

<comp id="36" class="1001" name="const_36">
<pin_list>
<pin id="37" dir="1" index="0" bw="1" slack="2147483647"/>
</pin_list>
<bind>
<StgValue><ssdm name="_ssdm_op_SpecLoopTripCount"/></StgValue>
</bind>
</comp>

<comp id="38" class="1001" name="const_38">
<pin_list>
<pin id="39" dir="1" index="0" bw="1" slack="2147483647"/>
</pin_list>
<bind>
<StgValue><ssdm name=""/></StgValue>
</bind>
</comp>

<comp id="40" class="1001" name="const_40">
<pin_list>
<pin id="41" dir="1" index="0" bw="1" slack="0"/>
</pin_list>
<bind>
<StgValue><ssdm name=""/></StgValue>
</bind>
</comp>

<comp id="42" class="1001" name="const_42">
<pin_list>
<pin id="43" dir="1" index="0" bw="1" slack="0"/>
</pin_list>
<bind>
<StgValue><ssdm name=""/></StgValue>
</bind>
</comp>

<comp id="44" class="1001" name="const_44">
<pin_list>
<pin id="45" dir="1" index="0" bw="1" slack="2147483647"/>
</pin_list>
<bind>
<StgValue><ssdm name="p_str7"/></StgValue>
</bind>
</comp>

<comp id="46" class="1004" name="tmp_4_read_read_fu_46">
<pin_list>
<pin id="47" dir="0" index="0" bw="4" slack="0"/>
<pin id="48" dir="0" index="1" bw="4" slack="0"/>
<pin id="49" dir="1" index="2" bw="4" slack="0"/>
</pin_list>
<bind>
<opcode="read(1150) " fcode="read"/>
<opset="tmp_4_read/1 "/>
</bind>
</comp>

<comp id="52" class="1004" name="train_inst_V_read_read_fu_52">
<pin_list>
<pin id="53" dir="0" index="0" bw="48" slack="0"/>
<pin id="54" dir="0" index="1" bw="48" slack="0"/>
<pin id="55" dir="1" index="2" bw="48" slack="0"/>
</pin_list>
<bind>
<opcode="read(1150) " fcode="read"/>
<opset="train_inst_V_read/1 "/>
</bind>
</comp>

<comp id="58" class="1004" name="test_inst_V_read_read_fu_58">
<pin_list>
<pin id="59" dir="0" index="0" bw="49" slack="0"/>
<pin id="60" dir="0" index="1" bw="49" slack="0"/>
<pin id="61" dir="1" index="2" bw="49" slack="0"/>
</pin_list>
<bind>
<opcode="read(1150) " fcode="read"/>
<opset="test_inst_V_read/1 "/>
</bind>
</comp>

<comp id="64" class="1004" name="min_distances_V_addr_1_gep_fu_64">
<pin_list>
<pin id="65" dir="0" index="0" bw="6" slack="0"/>
<pin id="66" dir="0" index="1" bw="1" slack="0"/>
<pin id="67" dir="0" index="2" bw="6" slack="0"/>
<pin id="68" dir="1" index="3" bw="5" slack="0"/>
</pin_list>
<bind>
<opcode="getelementptr(29) " fcode="getelementptr"/>
<opset="min_distances_V_addr_1/3 "/>
</bind>
</comp>

<comp id="71" class="1004" name="grp_access_fu_71">
<pin_list>
<pin id="72" dir="0" index="0" bw="5" slack="0"/>
<pin id="73" dir="0" index="1" bw="6" slack="2"/>
<pin id="74" dir="1" index="2" bw="6" slack="0"/>
</pin_list>
<bind>
<opcode="load(27) store(28) " fcode="store"/>
<opset="max_V/3 min_distances_V_load/3 stg_50/5 "/>
</bind>
</comp>

<comp id="76" class="1004" name="min_distances_V_addr_gep_fu_76">
<pin_list>
<pin id="77" dir="0" index="0" bw="6" slack="0"/>
<pin id="78" dir="0" index="1" bw="1" slack="0"/>
<pin id="79" dir="0" index="2" bw="6" slack="0"/>
<pin id="80" dir="1" index="3" bw="5" slack="0"/>
</pin_list>
<bind>
<opcode="getelementptr(29) " fcode="getelementptr"/>
<opset="min_distances_V_addr/3 "/>
</bind>
</comp>

<comp id="84" class="1005" name="distance_V_reg_84">
<pin_list>
<pin id="85" dir="0" index="0" bw="6" slack="1"/>
<pin id="86" dir="1" index="1" bw="6" slack="1"/>
</pin_list>
<bind>
<opset="distance_V (phireg) "/>
</bind>
</comp>

<comp id="89" class="1004" name="distance_V_phi_fu_89">
<pin_list>
<pin id="90" dir="0" index="0" bw="1" slack="1"/>
<pin id="91" dir="0" index="1" bw="0" slack="2147483647"/>
<pin id="92" dir="0" index="2" bw="6" slack="0"/>
<pin id="93" dir="0" index="3" bw="0" slack="2147483647"/>
<pin id="94" dir="1" index="4" bw="6" slack="0"/>
</pin_list>
<bind>
<opcode="phi(47) " fcode="phi"/>
<opset="distance_V/2 "/>
</bind>
</comp>

<comp id="97" class="1005" name="n_V_buf_i_reg_97">
<pin_list>
<pin id="98" dir="0" index="0" bw="49" slack="2147483647"/>
<pin id="99" dir="1" index="1" bw="49" slack="2147483647"/>
</pin_list>
<bind>
<opset="n_V_buf_i (phireg) "/>
</bind>
</comp>

<comp id="100" class="1004" name="n_V_buf_i_phi_fu_100">
<pin_list>
<pin id="101" dir="0" index="0" bw="49" slack="1"/>
<pin id="102" dir="0" index="1" bw="0" slack="2147483647"/>
<pin id="103" dir="0" index="2" bw="49" slack="0"/>
<pin id="104" dir="0" index="3" bw="0" slack="2147483647"/>
<pin id="105" dir="1" index="4" bw="49" slack="0"/>
</pin_list>
<bind>
<opcode="phi(47) " fcode="phi"/>
<opset="n_V_buf_i/2 "/>
</bind>
</comp>

<comp id="106" class="1005" name="p_s_reg_106">
<pin_list>
<pin id="107" dir="0" index="0" bw="6" slack="1"/>
<pin id="108" dir="1" index="1" bw="6" slack="1"/>
</pin_list>
<bind>
<opset="p_s (phireg) "/>
</bind>
</comp>

<comp id="110" class="1004" name="p_s_phi_fu_110">
<pin_list>
<pin id="111" dir="0" index="0" bw="6" slack="1"/>
<pin id="112" dir="0" index="1" bw="0" slack="2147483647"/>
<pin id="113" dir="0" index="2" bw="1" slack="1"/>
<pin id="114" dir="0" index="3" bw="0" slack="2147483647"/>
<pin id="115" dir="1" index="4" bw="6" slack="1"/>
</pin_list>
<bind>
<opcode="phi(47) " fcode="phi"/>
<opset="p_s/3 "/>
</bind>
</comp>

<comp id="118" class="1005" name="p_026_s_reg_118">
<pin_list>
<pin id="119" dir="0" index="0" bw="4" slack="1"/>
<pin id="120" dir="1" index="1" bw="4" slack="1"/>
</pin_list>
<bind>
<opset="p_026_s (phireg) "/>
</bind>
</comp>

<comp id="122" class="1004" name="p_026_s_phi_fu_122">
<pin_list>
<pin id="123" dir="0" index="0" bw="4" slack="1"/>
<pin id="124" dir="0" index="1" bw="0" slack="2147483647"/>
<pin id="125" dir="0" index="2" bw="1" slack="1"/>
<pin id="126" dir="0" index="3" bw="0" slack="2147483647"/>
<pin id="127" dir="1" index="4" bw="4" slack="0"/>
</pin_list>
<bind>
<opcode="phi(47) " fcode="phi"/>
<opset="p_026_s/3 "/>
</bind>
</comp>

<comp id="130" class="1005" name="val_assign_reg_130">
<pin_list>
<pin id="131" dir="0" index="0" bw="2" slack="1"/>
<pin id="132" dir="1" index="1" bw="2" slack="1"/>
</pin_list>
<bind>
<opset="val_assign (phireg) "/>
</bind>
</comp>

<comp id="134" class="1004" name="val_assign_phi_fu_134">
<pin_list>
<pin id="135" dir="0" index="0" bw="2" slack="0"/>
<pin id="136" dir="0" index="1" bw="0" slack="2147483647"/>
<pin id="137" dir="0" index="2" bw="1" slack="1"/>
<pin id="138" dir="0" index="3" bw="0" slack="2147483647"/>
<pin id="139" dir="1" index="4" bw="2" slack="0"/>
</pin_list>
<bind>
<opcode="phi(47) " fcode="phi"/>
<opset="val_assign/3 "/>
</bind>
</comp>

<comp id="142" class="1004" name="tmp_5_fu_142">
<pin_list>
<pin id="143" dir="0" index="0" bw="5" slack="0"/>
<pin id="144" dir="0" index="1" bw="4" slack="0"/>
<pin id="145" dir="0" index="2" bw="1" slack="0"/>
<pin id="146" dir="1" index="3" bw="5" slack="0"/>
</pin_list>
<bind>
<opcode="bitconcatenate(1004) " fcode="bitconcatenate"/>
<opset="tmp_5/1 "/>
</bind>
</comp>

<comp id="150" class="1004" name="tmp_6_cast_fu_150">
<pin_list>
<pin id="151" dir="0" index="0" bw="5" slack="0"/>
<pin id="152" dir="1" index="1" bw="6" slack="2"/>
</pin_list>
<bind>
<opcode="zext(34) " fcode="zext"/>
<opset="tmp_6_cast/1 "/>
</bind>
</comp>

<comp id="154" class="1004" name="train_inst_V_cast_fu_154">
<pin_list>
<pin id="155" dir="0" index="0" bw="48" slack="0"/>
<pin id="156" dir="1" index="1" bw="49" slack="0"/>
</pin_list>
<bind>
<opcode="zext(34) " fcode="zext"/>
<opset="train_inst_V_cast/1 "/>
</bind>
</comp>

<comp id="158" class="1004" name="r_V_fu_158">
<pin_list>
<pin id="159" dir="0" index="0" bw="48" slack="0"/>
<pin id="160" dir="0" index="1" bw="49" slack="0"/>
<pin id="161" dir="1" index="2" bw="49" slack="1"/>
</pin_list>
<bind>
<opcode="xor(25) " fcode="xor"/>
<opset="r_V/1 "/>
</bind>
</comp>

<comp id="164" class="1004" name="tmp_i_fu_164">
<pin_list>
<pin id="165" dir="0" index="0" bw="49" slack="0"/>
<pin id="166" dir="0" index="1" bw="1" slack="0"/>
<pin id="167" dir="1" index="2" bw="1" slack="2147483647"/>
</pin_list>
<bind>
<opcode="icmp(45) " fcode="icmp"/>
<opset="tmp_i/2 "/>
</bind>
</comp>

<comp id="170" class="1004" name="count_V_fu_170">
<pin_list>
<pin id="171" dir="0" index="0" bw="6" slack="0"/>
<pin id="172" dir="0" index="1" bw="1" slack="0"/>
<pin id="173" dir="1" index="2" bw="6" slack="0"/>
</pin_list>
<bind>
<opcode="add(8) " fcode="add"/>
<opset="count_V/2 "/>
</bind>
</comp>

<comp id="176" class="1004" name="tmp_5_i_fu_176">
<pin_list>
<pin id="177" dir="0" index="0" bw="49" slack="0"/>
<pin id="178" dir="0" index="1" bw="1" slack="0"/>
<pin id="179" dir="1" index="2" bw="49" slack="0"/>
</pin_list>
<bind>
<opcode="add(8) " fcode="add"/>
<opset="tmp_5_i/2 "/>
</bind>
</comp>

<comp id="182" class="1004" name="tmp_6_i_fu_182">
<pin_list>
<pin id="183" dir="0" index="0" bw="49" slack="0"/>
<pin id="184" dir="0" index="1" bw="49" slack="0"/>
<pin id="185" dir="1" index="2" bw="49" slack="0"/>
</pin_list>
<bind>
<opcode="and(23) " fcode="and"/>
<opset="tmp_6_i/2 "/>
</bind>
</comp>

<comp id="188" class="1004" name="exitcond_fu_188">
<pin_list>
<pin id="189" dir="0" index="0" bw="2" slack="0"/>
<pin id="190" dir="0" index="1" bw="2" slack="0"/>
<pin id="191" dir="1" index="2" bw="1" slack="2147483647"/>
</pin_list>
<bind>
<opcode="icmp(45) " fcode="icmp"/>
<opset="exitcond/3 "/>
</bind>
</comp>

<comp id="194" class="1004" name="i_fu_194">
<pin_list>
<pin id="195" dir="0" index="0" bw="2" slack="0"/>
<pin id="196" dir="0" index="1" bw="1" slack="0"/>
<pin id="197" dir="1" index="2" bw="2" slack="0"/>
</pin_list>
<bind>
<opcode="add(8) " fcode="add"/>
<opset="i/3 "/>
</bind>
</comp>

<comp id="200" class="1004" name="tmp_2_cast_fu_200">
<pin_list>
<pin id="201" dir="0" index="0" bw="2" slack="0"/>
<pin id="202" dir="1" index="1" bw="6" slack="0"/>
</pin_list>
<bind>
<opcode="zext(34) " fcode="zext"/>
<opset="tmp_2_cast/3 "/>
</bind>
</comp>

<comp id="204" class="1004" name="tmp_8_fu_204">
<pin_list>
<pin id="205" dir="0" index="0" bw="5" slack="2"/>
<pin id="206" dir="0" index="1" bw="2" slack="0"/>
<pin id="207" dir="1" index="2" bw="6" slack="0"/>
</pin_list>
<bind>
<opcode="add(8) " fcode="add"/>
<opset="tmp_8/3 "/>
</bind>
</comp>

<comp id="209" class="1004" name="tmp_8_cast_fu_209">
<pin_list>
<pin id="210" dir="0" index="0" bw="6" slack="0"/>
<pin id="211" dir="1" index="1" bw="64" slack="0"/>
</pin_list>
<bind>
<opcode="zext(34) " fcode="zext"/>
<opset="tmp_8_cast/3 "/>
</bind>
</comp>

<comp id="214" class="1004" name="tmp_cast_fu_214">
<pin_list>
<pin id="215" dir="0" index="0" bw="4" slack="0"/>
<pin id="216" dir="1" index="1" bw="6" slack="0"/>
</pin_list>
<bind>
<opcode="zext(34) " fcode="zext"/>
<opset="tmp_cast/3 "/>
</bind>
</comp>

<comp id="218" class="1004" name="tmp_7_fu_218">
<pin_list>
<pin id="219" dir="0" index="0" bw="5" slack="2"/>
<pin id="220" dir="0" index="1" bw="4" slack="0"/>
<pin id="221" dir="1" index="2" bw="6" slack="0"/>
</pin_list>
<bind>
<opcode="add(8) " fcode="add"/>
<opset="tmp_7/3 "/>
</bind>
</comp>

<comp id="223" class="1004" name="tmp_7_cast_fu_223">
<pin_list>
<pin id="224" dir="0" index="0" bw="6" slack="0"/>
<pin id="225" dir="1" index="1" bw="64" slack="0"/>
</pin_list>
<bind>
<opcode="zext(34) " fcode="zext"/>
<opset="tmp_7_cast/3 "/>
</bind>
</comp>

<comp id="228" class="1004" name="tmp_3_fu_228">
<pin_list>
<pin id="229" dir="0" index="0" bw="6" slack="0"/>
<pin id="230" dir="0" index="1" bw="6" slack="1"/>
<pin id="231" dir="1" index="2" bw="1" slack="0"/>
</pin_list>
<bind>
<opcode="icmp(45) " fcode="icmp"/>
<opset="tmp_3/4 "/>
</bind>
</comp>

<comp id="234" class="1004" name="i_val_V_fu_234">
<pin_list>
<pin id="235" dir="0" index="0" bw="2" slack="1"/>
<pin id="236" dir="1" index="1" bw="4" slack="0"/>
</pin_list>
<bind>
<opcode="zext(34) " fcode="zext"/>
<opset="i_val_V/4 "/>
</bind>
</comp>

<comp id="238" class="1004" name="max_V_s_fu_238">
<pin_list>
<pin id="239" dir="0" index="0" bw="1" slack="0"/>
<pin id="240" dir="0" index="1" bw="6" slack="0"/>
<pin id="241" dir="0" index="2" bw="6" slack="1"/>
<pin id="242" dir="1" index="3" bw="6" slack="1"/>
</pin_list>
<bind>
<opcode="select(49) " fcode="select"/>
<opset="max_V_s/4 "/>
</bind>
</comp>

<comp id="246" class="1004" name="i_val_V_026_s_fu_246">
<pin_list>
<pin id="247" dir="0" index="0" bw="1" slack="0"/>
<pin id="248" dir="0" index="1" bw="2" slack="0"/>
<pin id="249" dir="0" index="2" bw="4" slack="1"/>
<pin id="250" dir="1" index="3" bw="4" slack="1"/>
</pin_list>
<bind>
<opcode="select(49) " fcode="select"/>
<opset="i_val_V_026_s/4 "/>
</bind>
</comp>

<comp id="254" class="1004" name="tmp_1_fu_254">
<pin_list>
<pin id="255" dir="0" index="0" bw="6" slack="2"/>
<pin id="256" dir="0" index="1" bw="6" slack="0"/>
<pin id="257" dir="1" index="2" bw="1" slack="2147483647"/>
</pin_list>
<bind>
<opcode="icmp(45) " fcode="icmp"/>
<opset="tmp_1/5 "/>
</bind>
</comp>

<comp id="260" class="1005" name="tmp_6_cast_reg_260">
<pin_list>
<pin id="261" dir="0" index="0" bw="6" slack="2"/>
<pin id="262" dir="1" index="1" bw="6" slack="2"/>
</pin_list>
<bind>
<opset="tmp_6_cast "/>
</bind>
</comp>

<comp id="266" class="1005" name="r_V_reg_266">
<pin_list>
<pin id="267" dir="0" index="0" bw="49" slack="1"/>
<pin id="268" dir="1" index="1" bw="49" slack="1"/>
</pin_list>
<bind>
<opset="r_V "/>
</bind>
</comp>

<comp id="274" class="1005" name="count_V_reg_274">
<pin_list>
<pin id="275" dir="0" index="0" bw="6" slack="0"/>
<pin id="276" dir="1" index="1" bw="6" slack="0"/>
</pin_list>
<bind>
<opset="count_V "/>
</bind>
</comp>

<comp id="279" class="1005" name="tmp_6_i_reg_279">
<pin_list>
<pin id="280" dir="0" index="0" bw="49" slack="0"/>
<pin id="281" dir="1" index="1" bw="49" slack="0"/>
</pin_list>
<bind>
<opset="tmp_6_i "/>
</bind>
</comp>

<comp id="287" class="1005" name="i_reg_287">
<pin_list>
<pin id="288" dir="0" index="0" bw="2" slack="0"/>
<pin id="289" dir="1" index="1" bw="2" slack="0"/>
</pin_list>
<bind>
<opset="i "/>
</bind>
</comp>

<comp id="292" class="1005" name="min_distances_V_addr_1_reg_292">
<pin_list>
<pin id="293" dir="0" index="0" bw="5" slack="1"/>
<pin id="294" dir="1" index="1" bw="5" slack="1"/>
</pin_list>
<bind>
<opset="min_distances_V_addr_1 "/>
</bind>
</comp>

<comp id="297" class="1005" name="min_distances_V_addr_reg_297">
<pin_list>
<pin id="298" dir="0" index="0" bw="5" slack="1"/>
<pin id="299" dir="1" index="1" bw="5" slack="1"/>
</pin_list>
<bind>
<opset="min_distances_V_addr "/>
</bind>
</comp>

<comp id="302" class="1005" name="max_V_s_reg_302">
<pin_list>
<pin id="303" dir="0" index="0" bw="6" slack="1"/>
<pin id="304" dir="1" index="1" bw="6" slack="1"/>
</pin_list>
<bind>
<opset="max_V_s "/>
</bind>
</comp>

<comp id="307" class="1005" name="i_val_V_026_s_reg_307">
<pin_list>
<pin id="308" dir="0" index="0" bw="4" slack="1"/>
<pin id="309" dir="1" index="1" bw="4" slack="1"/>
</pin_list>
<bind>
<opset="i_val_V_026_s "/>
</bind>
</comp>

</comp_list>

<net_list>
<net id="50"><net_src comp="8" pin="0"/><net_sink comp="46" pin=0"/></net>

<net id="51"><net_src comp="6" pin="0"/><net_sink comp="46" pin=1"/></net>

<net id="56"><net_src comp="10" pin="0"/><net_sink comp="52" pin=0"/></net>

<net id="57"><net_src comp="2" pin="0"/><net_sink comp="52" pin=1"/></net>

<net id="62"><net_src comp="12" pin="0"/><net_sink comp="58" pin=0"/></net>

<net id="63"><net_src comp="0" pin="0"/><net_sink comp="58" pin=1"/></net>

<net id="69"><net_src comp="4" pin="0"/><net_sink comp="64" pin=0"/></net>

<net id="70"><net_src comp="42" pin="0"/><net_sink comp="64" pin=1"/></net>

<net id="75"><net_src comp="64" pin="3"/><net_sink comp="71" pin=0"/></net>

<net id="81"><net_src comp="4" pin="0"/><net_sink comp="76" pin=0"/></net>

<net id="82"><net_src comp="42" pin="0"/><net_sink comp="76" pin=1"/></net>

<net id="83"><net_src comp="76" pin="3"/><net_sink comp="71" pin=0"/></net>

<net id="87"><net_src comp="18" pin="0"/><net_sink comp="84" pin=0"/></net>

<net id="88"><net_src comp="84" pin="1"/><net_sink comp="71" pin=1"/></net>

<net id="95"><net_src comp="84" pin="1"/><net_sink comp="89" pin=0"/></net>

<net id="96"><net_src comp="89" pin="4"/><net_sink comp="84" pin=0"/></net>

<net id="109"><net_src comp="18" pin="0"/><net_sink comp="106" pin=0"/></net>

<net id="116"><net_src comp="106" pin="1"/><net_sink comp="110" pin=2"/></net>

<net id="117"><net_src comp="110" pin="4"/><net_sink comp="106" pin=0"/></net>

<net id="121"><net_src comp="30" pin="0"/><net_sink comp="118" pin=0"/></net>

<net id="128"><net_src comp="118" pin="1"/><net_sink comp="122" pin=2"/></net>

<net id="129"><net_src comp="122" pin="4"/><net_sink comp="118" pin=0"/></net>

<net id="133"><net_src comp="32" pin="0"/><net_sink comp="130" pin=0"/></net>

<net id="140"><net_src comp="130" pin="1"/><net_sink comp="134" pin=2"/></net>

<net id="141"><net_src comp="134" pin="4"/><net_sink comp="130" pin=0"/></net>

<net id="147"><net_src comp="14" pin="0"/><net_sink comp="142" pin=0"/></net>

<net id="148"><net_src comp="46" pin="2"/><net_sink comp="142" pin=1"/></net>

<net id="149"><net_src comp="16" pin="0"/><net_sink comp="142" pin=2"/></net>

<net id="153"><net_src comp="142" pin="3"/><net_sink comp="150" pin=0"/></net>

<net id="157"><net_src comp="52" pin="2"/><net_sink comp="154" pin=0"/></net>

<net id="162"><net_src comp="154" pin="1"/><net_sink comp="158" pin=0"/></net>

<net id="163"><net_src comp="58" pin="2"/><net_sink comp="158" pin=1"/></net>

<net id="168"><net_src comp="100" pin="4"/><net_sink comp="164" pin=0"/></net>

<net id="169"><net_src comp="20" pin="0"/><net_sink comp="164" pin=1"/></net>

<net id="174"><net_src comp="89" pin="4"/><net_sink comp="170" pin=0"/></net>

<net id="175"><net_src comp="22" pin="0"/><net_sink comp="170" pin=1"/></net>

<net id="180"><net_src comp="100" pin="4"/><net_sink comp="176" pin=0"/></net>

<net id="181"><net_src comp="28" pin="0"/><net_sink comp="176" pin=1"/></net>

<net id="186"><net_src comp="176" pin="2"/><net_sink comp="182" pin=0"/></net>

<net id="187"><net_src comp="100" pin="4"/><net_sink comp="182" pin=1"/></net>

<net id="192"><net_src comp="134" pin="4"/><net_sink comp="188" pin=0"/></net>

<net id="193"><net_src comp="34" pin="0"/><net_sink comp="188" pin=1"/></net>

<net id="198"><net_src comp="134" pin="4"/><net_sink comp="194" pin=0"/></net>

<net id="199"><net_src comp="40" pin="0"/><net_sink comp="194" pin=1"/></net>

<net id="203"><net_src comp="134" pin="4"/><net_sink comp="200" pin=0"/></net>

<net id="208"><net_src comp="200" pin="1"/><net_sink comp="204" pin=1"/></net>

<net id="212"><net_src comp="204" pin="2"/><net_sink comp="209" pin=0"/></net>

<net id="213"><net_src comp="209" pin="1"/><net_sink comp="64" pin=2"/></net>

<net id="217"><net_src comp="122" pin="4"/><net_sink comp="214" pin=0"/></net>

<net id="222"><net_src comp="214" pin="1"/><net_sink comp="218" pin=1"/></net>

<net id="226"><net_src comp="218" pin="2"/><net_sink comp="223" pin=0"/></net>

<net id="227"><net_src comp="223" pin="1"/><net_sink comp="76" pin=2"/></net>

<net id="232"><net_src comp="71" pin="2"/><net_sink comp="228" pin=0"/></net>

<net id="233"><net_src comp="106" pin="1"/><net_sink comp="228" pin=1"/></net>

<net id="237"><net_src comp="130" pin="1"/><net_sink comp="234" pin=0"/></net>

<net id="243"><net_src comp="228" pin="2"/><net_sink comp="238" pin=0"/></net>

<net id="244"><net_src comp="71" pin="2"/><net_sink comp="238" pin=1"/></net>

<net id="245"><net_src comp="106" pin="1"/><net_sink comp="238" pin=2"/></net>

<net id="251"><net_src comp="228" pin="2"/><net_sink comp="246" pin=0"/></net>

<net id="252"><net_src comp="234" pin="1"/><net_sink comp="246" pin=1"/></net>

<net id="253"><net_src comp="118" pin="1"/><net_sink comp="246" pin=2"/></net>

<net id="258"><net_src comp="84" pin="1"/><net_sink comp="254" pin=0"/></net>

<net id="259"><net_src comp="71" pin="2"/><net_sink comp="254" pin=1"/></net>

<net id="263"><net_src comp="150" pin="1"/><net_sink comp="260" pin=0"/></net>

<net id="264"><net_src comp="260" pin="1"/><net_sink comp="204" pin=0"/></net>

<net id="265"><net_src comp="260" pin="1"/><net_sink comp="218" pin=0"/></net>

<net id="269"><net_src comp="158" pin="2"/><net_sink comp="266" pin=0"/></net>

<net id="270"><net_src comp="266" pin="1"/><net_sink comp="100" pin=0"/></net>

<net id="277"><net_src comp="170" pin="2"/><net_sink comp="274" pin=0"/></net>

<net id="278"><net_src comp="274" pin="1"/><net_sink comp="89" pin=2"/></net>

<net id="282"><net_src comp="182" pin="2"/><net_sink comp="279" pin=0"/></net>

<net id="283"><net_src comp="279" pin="1"/><net_sink comp="100" pin=2"/></net>

<net id="290"><net_src comp="194" pin="2"/><net_sink comp="287" pin=0"/></net>

<net id="291"><net_src comp="287" pin="1"/><net_sink comp="134" pin=0"/></net>

<net id="295"><net_src comp="64" pin="3"/><net_sink comp="292" pin=0"/></net>

<net id="296"><net_src comp="292" pin="1"/><net_sink comp="71" pin=0"/></net>

<net id="300"><net_src comp="76" pin="3"/><net_sink comp="297" pin=0"/></net>

<net id="301"><net_src comp="297" pin="1"/><net_sink comp="71" pin=0"/></net>

<net id="305"><net_src comp="238" pin="3"/><net_sink comp="302" pin=0"/></net>

<net id="306"><net_src comp="302" pin="1"/><net_sink comp="110" pin=0"/></net>

<net id="310"><net_src comp="246" pin="3"/><net_sink comp="307" pin=0"/></net>

<net id="311"><net_src comp="307" pin="1"/><net_sink comp="122" pin=0"/></net>

</net_list>

</model> 
---------------- Datapath Model END ------------------

* FSMD analyzer results:
  - Output states:
	Port: min_distances_V | {5 }
 - Input state : 
	Port: digitrec_update_knn : test_inst_V | {1 }
	Port: digitrec_update_knn : train_inst_V | {1 }
	Port: digitrec_update_knn : min_distances_V | {3 4 5 }
	Port: digitrec_update_knn : tmp_4 | {1 }
  - Chain level:
	State 1
		tmp_6_cast : 1
		r_V : 1
	State 2
		tmp_i : 1
		count_V : 1
		stg_18 : 2
		tmp_5_i : 1
		tmp_6_i : 2
	State 3
		exitcond : 1
		i : 1
		stg_29 : 2
		tmp_2_cast : 1
		tmp_8 : 2
		tmp_8_cast : 3
		min_distances_V_addr_1 : 4
		max_V : 5
		tmp_cast : 1
		tmp_7 : 2
		tmp_7_cast : 3
		min_distances_V_addr : 4
		min_distances_V_load : 5
	State 4
		tmp_3 : 1
		max_V_s : 2
		i_val_V_026_s : 2
	State 5
		tmp_1 : 1
		stg_49 : 2


============================================================
+ Verbose Summary: Datapath Resource usage 
============================================================

* Functional unit list:
|----------|------------------------------|---------|---------|
| Operation|        Functional Unit       |    FF   |   LUT   |
|----------|------------------------------|---------|---------|
|    xor   |          r_V_fu_158          |    0    |    67   |
|----------|------------------------------|---------|---------|
|          |        count_V_fu_170        |    0    |    6    |
|          |        tmp_5_i_fu_176        |    0    |    49   |
|    add   |           i_fu_194           |    0    |    2    |
|          |         tmp_8_fu_204         |    0    |    5    |
|          |         tmp_7_fu_218         |    0    |    5    |
|----------|------------------------------|---------|---------|
|    and   |        tmp_6_i_fu_182        |    0    |    67   |
|----------|------------------------------|---------|---------|
|          |         tmp_i_fu_164         |    0    |    17   |
|   icmp   |        exitcond_fu_188       |    0    |    1    |
|          |         tmp_3_fu_228         |    0    |    3    |
|          |         tmp_1_fu_254         |    0    |    3    |
|----------|------------------------------|---------|---------|
|  select  |        max_V_s_fu_238        |    0    |    6    |
|          |     i_val_V_026_s_fu_246     |    0    |    4    |
|----------|------------------------------|---------|---------|
|          |     tmp_4_read_read_fu_46    |    0    |    0    |
|   read   | train_inst_V_read_read_fu_52 |    0    |    0    |
|          |  test_inst_V_read_read_fu_58 |    0    |    0    |
|----------|------------------------------|---------|---------|
|bitconcatenate|         tmp_5_fu_142         |    0    |    0    |
|----------|------------------------------|---------|---------|
|          |       tmp_6_cast_fu_150      |    0    |    0    |
|          |   train_inst_V_cast_fu_154   |    0    |    0    |
|          |       tmp_2_cast_fu_200      |    0    |    0    |
|   zext   |       tmp_8_cast_fu_209      |    0    |    0    |
|          |        tmp_cast_fu_214       |    0    |    0    |
|          |       tmp_7_cast_fu_223      |    0    |    0    |
|          |        i_val_V_fu_234        |    0    |    0    |
|----------|------------------------------|---------|---------|
|   Total  |                              |    0    |   235   |
|----------|------------------------------|---------|---------|

Memories:
N/A

* Register list:
+------------------------------+--------+
|                              |   FF   |
+------------------------------+--------+
|        count_V_reg_274       |    6   |
|       distance_V_reg_84      |    6   |
|           i_reg_287          |    2   |
|     i_val_V_026_s_reg_307    |    4   |
|        max_V_s_reg_302       |    6   |
|min_distances_V_addr_1_reg_292|    5   |
| min_distances_V_addr_reg_297 |    5   |
|       n_V_buf_i_reg_97       |   49   |
|        p_026_s_reg_118       |    4   |
|          p_s_reg_106         |    6   |
|          r_V_reg_266         |   49   |
|      tmp_6_cast_reg_260      |    6   |
|        tmp_6_i_reg_279       |   49   |
|      val_assign_reg_130      |    2   |
+------------------------------+--------+
|             Total            |   199  |
+------------------------------+--------+

* Multiplexer (MUX) list: 
|--------------------|------|------|------|--------||---------||---------|
|        Comp        |  Pin | Size |  BW  | S x BW ||  Delay  ||   LUT   |
|--------------------|------|------|------|--------||---------||---------|
|  grp_access_fu_71  |  p0  |   4  |   5  |   20   ||    5    |
|  distance_V_reg_84 |  p0  |   2  |   6  |   12   ||    6    |
|     p_s_reg_106    |  p0  |   2  |   6  |   12   ||    6    |
|   p_026_s_reg_118  |  p0  |   2  |   4  |    8   ||    4    |
| val_assign_reg_130 |  p0  |   2  |   2  |    4   ||    2    |
|--------------------|------|------|------|--------||---------||---------|
|        Total       |      |      |      |   56   ||  7.855  ||    23   |
|--------------------|------|------|------|--------||---------||---------|



* Summary:
+-----------+--------+--------+--------+
|           |  Delay |   FF   |   LUT  |
+-----------+--------+--------+--------+
|  Function |    -   |    0   |   235  |
|   Memory  |    -   |    -   |    -   |
|Multiplexer|    7   |    -   |   23   |
|  Register |    -   |   199  |    -   |
+-----------+--------+--------+--------+
|   Total   |    7   |   199  |   258  |
+-----------+--------+--------+--------+
