#
# An unexpected error has occurred (11)
#
Stack:
/lib64/libpthread.so.0(+0xf630) [0x7f9a6d10e630]
/opt/xilinx/xilinx_2016.2/Vivado_HLS/2016.2/lib/lnx64.o/libhls_gps.so(opt::StgGenerator::createOperations()+0x422) [0x7f9a5263def2]
/opt/xilinx/xilinx_2016.2/Vivado_HLS/2016.2/lib/lnx64.o/libhls_gps.so(opt::StgGenerator::generate()+0x11) [0x7f9a5263fd21]
/opt/xilinx/xilinx_2016.2/Vivado_HLS/2016.2/lib/lnx64.o/libhls_gps.so(opt::LPScheduler::constructStg()+0x2c) [0x7f9a525c0abc]
/opt/xilinx/xilinx_2016.2/Vivado_HLS/2016.2/lib/lnx64.o/libhls_gps.so(opt::LPScheduler::schedule()+0x76) [0x7f9a525bd196]
/opt/xilinx/xilinx_2016.2/Vivado_HLS/2016.2/lib/lnx64.o/libhls_main.so(+0x11472e) [0x7f9a549d972e]
/opt/xilinx/xilinx_2016.2/Vivado_HLS/2016.2/lib/lnx64.o/libhls_support.so(xpcl::TclCommand::callback(int, Tcl_Obj* const*)+0x18a) [0x7f9a5469cd0a]
/opt/xilinx/xilinx_2016.2/Vivado_HLS/2016.2/lib/lnx64.o/libhls_support.so(+0x3e12f) [0x7f9a5469d12f]
/opt/xilinx/xilinx_2016.2/Vivado_HLS/2016.2/lib/lnx64.o/libtcl8.5.so(+0x331f5) [0x7f9a691621f5]
/opt/xilinx/xilinx_2016.2/Vivado_HLS/2016.2/lib/lnx64.o/libtcl8.5.so(+0x34d6b) [0x7f9a69163d6b]
/opt/xilinx/xilinx_2016.2/Vivado_HLS/2016.2/lib/lnx64.o/libtcl8.5.so(Tcl_EvalEx+0x16) [0x7f9a69164276]
/opt/xilinx/xilinx_2016.2/Vivado_HLS/2016.2/lib/lnx64.o/libtcl8.5.so(TclEvalObjEx+0x213) [0x7f9a691644c3]
/opt/xilinx/xilinx_2016.2/Vivado_HLS/2016.2/lib/lnx64.o/libtcl8.5.so(+0x3b745) [0x7f9a6916a745]
/opt/xilinx/xilinx_2016.2/Vivado_HLS/2016.2/lib/lnx64.o/libtcl8.5.so(+0x331f5) [0x7f9a691621f5]
/opt/xilinx/xilinx_2016.2/Vivado_HLS/2016.2/lib/lnx64.o/libtcl8.5.so(+0x76bbe) [0x7f9a691a5bbe]
/opt/xilinx/xilinx_2016.2/Vivado_HLS/2016.2/lib/lnx64.o/libtcl8.5.so(TclObjInterpProcCore+0x2fb) [0x7f9a691e6b8b]
/opt/xilinx/xilinx_2016.2/Vivado_HLS/2016.2/lib/lnx64.o/libtcl8.5.so(+0x331f5) [0x7f9a691621f5]
/opt/xilinx/xilinx_2016.2/Vivado_HLS/2016.2/lib/lnx64.o/libtcl8.5.so(+0x76bbe) [0x7f9a691a5bbe]
/opt/xilinx/xilinx_2016.2/Vivado_HLS/2016.2/lib/lnx64.o/libtcl8.5.so(+0x7e767) [0x7f9a691ad767]
/opt/xilinx/xilinx_2016.2/Vivado_HLS/2016.2/lib/lnx64.o/libtcl8.5.so(TclEvalObjEx+0x77) [0x7f9a69164327]
/opt/xilinx/xilinx_2016.2/Vivado_HLS/2016.2/lib/lnx64.o/librdi_commontasks.so(+0x2a910f) [0x7f9a56efe10f]
/opt/xilinx/xilinx_2016.2/Vivado_HLS/2016.2/lib/lnx64.o/libtcl8.5.so(+0x331f5) [0x7f9a691621f5]
/opt/xilinx/xilinx_2016.2/Vivado_HLS/2016.2/lib/lnx64.o/libtcl8.5.so(+0x76bbe) [0x7f9a691a5bbe]
/opt/xilinx/xilinx_2016.2/Vivado_HLS/2016.2/lib/lnx64.o/libtcl8.5.so(+0x7e767) [0x7f9a691ad767]
/opt/xilinx/xilinx_2016.2/Vivado_HLS/2016.2/lib/lnx64.o/libtcl8.5.so(TclEvalObjEx+0x77) [0x7f9a69164327]
/opt/xilinx/xilinx_2016.2/Vivado_HLS/2016.2/lib/lnx64.o/librdi_commontasks.so(+0x2a8307) [0x7f9a56efd307]
/opt/xilinx/xilinx_2016.2/Vivado_HLS/2016.2/lib/lnx64.o/libtcl8.5.so(+0x331f5) [0x7f9a691621f5]
/opt/xilinx/xilinx_2016.2/Vivado_HLS/2016.2/lib/lnx64.o/libtcl8.5.so(+0x76bbe) [0x7f9a691a5bbe]
/opt/xilinx/xilinx_2016.2/Vivado_HLS/2016.2/lib/lnx64.o/libtcl8.5.so(TclObjInterpProcCore+0x2fb) [0x7f9a691e6b8b]
/opt/xilinx/xilinx_2016.2/Vivado_HLS/2016.2/lib/lnx64.o/libtcl8.5.so(+0x331f5) [0x7f9a691621f5]
/opt/xilinx/xilinx_2016.2/Vivado_HLS/2016.2/lib/lnx64.o/libtcl8.5.so(+0x76bbe) [0x7f9a691a5bbe]
/opt/xilinx/xilinx_2016.2/Vivado_HLS/2016.2/lib/lnx64.o/libtcl8.5.so(TclObjInterpProcCore+0x2fb) [0x7f9a691e6b8b]
/opt/xilinx/xilinx_2016.2/Vivado_HLS/2016.2/lib/lnx64.o/libtcl8.5.so(+0x331f5) [0x7f9a691621f5]
/opt/xilinx/xilinx_2016.2/Vivado_HLS/2016.2/lib/lnx64.o/libtcl8.5.so(+0x76bbe) [0x7f9a691a5bbe]
/opt/xilinx/xilinx_2016.2/Vivado_HLS/2016.2/lib/lnx64.o/libtcl8.5.so(TclObjInterpProcCore+0x2fb) [0x7f9a691e6b8b]
/opt/xilinx/xilinx_2016.2/Vivado_HLS/2016.2/lib/lnx64.o/libtcl8.5.so(+0x331f5) [0x7f9a691621f5]
/opt/xilinx/xilinx_2016.2/Vivado_HLS/2016.2/lib/lnx64.o/libtcl8.5.so(+0x76bbe) [0x7f9a691a5bbe]
/opt/xilinx/xilinx_2016.2/Vivado_HLS/2016.2/lib/lnx64.o/libtcl8.5.so(+0x7e767) [0x7f9a691ad767]
/opt/xilinx/xilinx_2016.2/Vivado_HLS/2016.2/lib/lnx64.o/libtcl8.5.so(TclEvalObjEx+0x77) [0x7f9a69164327]
/opt/xilinx/xilinx_2016.2/Vivado_HLS/2016.2/lib/lnx64.o/librdi_commontasks.so(+0x2a8307) [0x7f9a56efd307]
/opt/xilinx/xilinx_2016.2/Vivado_HLS/2016.2/lib/lnx64.o/libtcl8.5.so(+0x331f5) [0x7f9a691621f5]
/opt/xilinx/xilinx_2016.2/Vivado_HLS/2016.2/lib/lnx64.o/libtcl8.5.so(+0x34d6b) [0x7f9a69163d6b]
/opt/xilinx/xilinx_2016.2/Vivado_HLS/2016.2/lib/lnx64.o/libtcl8.5.so(+0xad531) [0x7f9a691dc531]
/opt/xilinx/xilinx_2016.2/Vivado_HLS/2016.2/lib/lnx64.o/libtcl8.5.so(+0x3491c) [0x7f9a6916391c]
/opt/xilinx/xilinx_2016.2/Vivado_HLS/2016.2/lib/lnx64.o/libtcl8.5.so(Tcl_EvalEx+0x16) [0x7f9a69164276]
/opt/xilinx/xilinx_2016.2/Vivado_HLS/2016.2/lib/lnx64.o/libtcl8.5.so(Tcl_Eval+0x15) [0x7f9a69164295]
/opt/xilinx/xilinx_2016.2/Vivado_HLS/2016.2/lib/lnx64.o/libhls_main.so(+0x7d3f6) [0x7f9a549423f6]
/opt/xilinx/xilinx_2016.2/Vivado_HLS/2016.2/lib/lnx64.o/libhls_support.so(xpcl::TclCommand::callback(int, Tcl_Obj* const*)+0x18a) [0x7f9a5469cd0a]
/opt/xilinx/xilinx_2016.2/Vivado_HLS/2016.2/lib/lnx64.o/libhls_support.so(+0x3e12f) [0x7f9a5469d12f]
/opt/xilinx/xilinx_2016.2/Vivado_HLS/2016.2/lib/lnx64.o/libtcl8.5.so(+0x331f5) [0x7f9a691621f5]
/opt/xilinx/xilinx_2016.2/Vivado_HLS/2016.2/lib/lnx64.o/libtcl8.5.so(+0x76bbe) [0x7f9a691a5bbe]
/opt/xilinx/xilinx_2016.2/Vivado_HLS/2016.2/lib/lnx64.o/libtcl8.5.so(TclObjInterpProcCore+0x2fb) [0x7f9a691e6b8b]
/opt/xilinx/xilinx_2016.2/Vivado_HLS/2016.2/lib/lnx64.o/libtcl8.5.so(+0x331f5) [0x7f9a691621f5]
/opt/xilinx/xilinx_2016.2/Vivado_HLS/2016.2/lib/lnx64.o/libtcl8.5.so(+0x76bbe) [0x7f9a691a5bbe]
/opt/xilinx/xilinx_2016.2/Vivado_HLS/2016.2/lib/lnx64.o/libtcl8.5.so(+0x7e767) [0x7f9a691ad767]
/opt/xilinx/xilinx_2016.2/Vivado_HLS/2016.2/lib/lnx64.o/libtcl8.5.so(TclEvalObjEx+0x77) [0x7f9a69164327]
/opt/xilinx/xilinx_2016.2/Vivado_HLS/2016.2/lib/lnx64.o/librdi_commontasks.so(+0x2a8307) [0x7f9a56efd307]
/opt/xilinx/xilinx_2016.2/Vivado_HLS/2016.2/lib/lnx64.o/libtcl8.5.so(+0x331f5) [0x7f9a691621f5]
/opt/xilinx/xilinx_2016.2/Vivado_HLS/2016.2/lib/lnx64.o/libtcl8.5.so(+0x34d6b) [0x7f9a69163d6b]
/opt/xilinx/xilinx_2016.2/Vivado_HLS/2016.2/lib/lnx64.o/libtcl8.5.so(+0xad531) [0x7f9a691dc531]
/opt/xilinx/xilinx_2016.2/Vivado_HLS/2016.2/lib/lnx64.o/libtcl8.5.so(+0x3491c) [0x7f9a6916391c]
/opt/xilinx/xilinx_2016.2/Vivado_HLS/2016.2/lib/lnx64.o/libtcl8.5.so(Tcl_EvalEx+0x16) [0x7f9a69164276]
/opt/xilinx/xilinx_2016.2/Vivado_HLS/2016.2/lib/lnx64.o/libtcl8.5.so(Tcl_Eval+0x15) [0x7f9a69164295]
/opt/xilinx/xilinx_2016.2/Vivado_HLS/2016.2/lib/lnx64.o/libhls_main.so(+0x7d3f6) [0x7f9a549423f6]
/opt/xilinx/xilinx_2016.2/Vivado_HLS/2016.2/lib/lnx64.o/libhls_support.so(xpcl::TclCommand::callback(int, Tcl_Obj* const*)+0x18a) [0x7f9a5469cd0a]
/opt/xilinx/xilinx_2016.2/Vivado_HLS/2016.2/lib/lnx64.o/libhls_support.so(+0x3e12f) [0x7f9a5469d12f]
/opt/xilinx/xilinx_2016.2/Vivado_HLS/2016.2/lib/lnx64.o/libtcl8.5.so(+0x331f5) [0x7f9a691621f5]
/opt/xilinx/xilinx_2016.2/Vivado_HLS/2016.2/lib/lnx64.o/libtcl8.5.so(+0x76bbe) [0x7f9a691a5bbe]
/opt/xilinx/xilinx_2016.2/Vivado_HLS/2016.2/lib/lnx64.o/libtcl8.5.so(+0x7e767) [0x7f9a691ad767]
/opt/xilinx/xilinx_2016.2/Vivado_HLS/2016.2/lib/lnx64.o/libtcl8.5.so(TclEvalObjEx+0x77) [0x7f9a69164327]
/opt/xilinx/xilinx_2016.2/Vivado_HLS/2016.2/lib/lnx64.o/librdi_commontasks.so(+0x2a910f) [0x7f9a56efe10f]
/opt/xilinx/xilinx_2016.2/Vivado_HLS/2016.2/lib/lnx64.o/libtcl8.5.so(+0x331f5) [0x7f9a691621f5]
/opt/xilinx/xilinx_2016.2/Vivado_HLS/2016.2/lib/lnx64.o/libtcl8.5.so(+0x34d6b) [0x7f9a69163d6b]
/opt/xilinx/xilinx_2016.2/Vivado_HLS/2016.2/lib/lnx64.o/libtcl8.5.so(Tcl_EvalEx+0x16) [0x7f9a69164276]
/opt/xilinx/xilinx_2016.2/Vivado_HLS/2016.2/lib/lnx64.o/libtcl8.5.so(Tcl_FSEvalFileEx+0x1d2) [0x7f9a691c8d02]
/opt/xilinx/xilinx_2016.2/Vivado_HLS/2016.2/lib/lnx64.o/libhls_main.so(ApSourceTclFile(std::string const&, char const*)+0x89) [0x7f9a5493cc29]
/opt/xilinx/xilinx_2016.2/Vivado_HLS/2016.2/lib/lnx64.o/libhls_main.so(+0x7cc1a) [0x7f9a54941c1a]
/opt/xilinx/xilinx_2016.2/Vivado_HLS/2016.2/lib/lnx64.o/libhls_support.so(xpcl::TclCommand::callback(int, Tcl_Obj* const*)+0x18a) [0x7f9a5469cd0a]
/opt/xilinx/xilinx_2016.2/Vivado_HLS/2016.2/lib/lnx64.o/libhls_support.so(+0x3e12f) [0x7f9a5469d12f]
/opt/xilinx/xilinx_2016.2/Vivado_HLS/2016.2/lib/lnx64.o/libtcl8.5.so(+0x331f5) [0x7f9a691621f5]
/opt/xilinx/xilinx_2016.2/Vivado_HLS/2016.2/lib/lnx64.o/libtcl8.5.so(Tcl_EvalObjv+0x32) [0x7f9a691627e2]
/opt/xilinx/xilinx_2016.2/Vivado_HLS/2016.2/lib/lnx64.o/libtcl8.5.so(TclEvalObjEx+0x322) [0x7f9a691645d2]
/opt/xilinx/xilinx_2016.2/Vivado_HLS/2016.2/lib/lnx64.o/librdi_hlstasks.so(+0xc456) [0x7f9a54c5b456]
/opt/xilinx/xilinx_2016.2/Vivado_HLS/2016.2/lib/lnx64.o/librdi_common.so(+0x5b7707) [0x7f9a6dff5707]
/opt/xilinx/xilinx_2016.2/Vivado_HLS/2016.2/lib/lnx64.o/libtcl8.5.so(+0x331f5) [0x7f9a691621f5]
/opt/xilinx/xilinx_2016.2/Vivado_HLS/2016.2/lib/lnx64.o/libtcl8.5.so(+0x34d6b) [0x7f9a69163d6b]
/opt/xilinx/xilinx_2016.2/Vivado_HLS/2016.2/lib/lnx64.o/libtcl8.5.so(Tcl_EvalEx+0x16) [0x7f9a69164276]
/opt/xilinx/xilinx_2016.2/Vivado_HLS/2016.2/lib/lnx64.o/libtcl8.5.so(TclEvalObjEx+0x3cf) [0x7f9a6916467f]
/opt/xilinx/xilinx_2016.2/Vivado_HLS/2016.2/lib/lnx64.o/libtcl8.5.so(+0xb736e) [0x7f9a691e636e]
/opt/xilinx/xilinx_2016.2/Vivado_HLS/2016.2/lib/lnx64.o/libtcl8.5.so(+0x331f5) [0x7f9a691621f5]
/opt/xilinx/xilinx_2016.2/Vivado_HLS/2016.2/lib/lnx64.o/libtcl8.5.so(+0x76bbe) [0x7f9a691a5bbe]
/opt/xilinx/xilinx_2016.2/Vivado_HLS/2016.2/lib/lnx64.o/libtcl8.5.so(TclObjInterpProcCore+0x2fb) [0x7f9a691e6b8b]
/opt/xilinx/xilinx_2016.2/Vivado_HLS/2016.2/lib/lnx64.o/libtcl8.5.so(+0x331f5) [0x7f9a691621f5]
/opt/xilinx/xilinx_2016.2/Vivado_HLS/2016.2/lib/lnx64.o/libtcl8.5.so(+0x76bbe) [0x7f9a691a5bbe]
/opt/xilinx/xilinx_2016.2/Vivado_HLS/2016.2/lib/lnx64.o/libtcl8.5.so(+0x7e767) [0x7f9a691ad767]
/opt/xilinx/xilinx_2016.2/Vivado_HLS/2016.2/lib/lnx64.o/libtcl8.5.so(TclEvalObjEx+0x77) [0x7f9a69164327]
/opt/xilinx/xilinx_2016.2/Vivado_HLS/2016.2/lib/lnx64.o/librdi_commontasks.so(+0x2a83a4) [0x7f9a56efd3a4]
/opt/xilinx/xilinx_2016.2/Vivado_HLS/2016.2/lib/lnx64.o/libtcl8.5.so(+0x331f5) [0x7f9a691621f5]
/opt/xilinx/xilinx_2016.2/Vivado_HLS/2016.2/lib/lnx64.o/libtcl8.5.so(+0x34d6b) [0x7f9a69163d6b]
/opt/xilinx/xilinx_2016.2/Vivado_HLS/2016.2/lib/lnx64.o/libtcl8.5.so(+0xad531) [0x7f9a691dc531]
/opt/xilinx/xilinx_2016.2/Vivado_HLS/2016.2/lib/lnx64.o/libtcl8.5.so(+0x3491c) [0x7f9a6916391c]
/opt/xilinx/xilinx_2016.2/Vivado_HLS/2016.2/lib/lnx64.o/libtcl8.5.so(Tcl_EvalEx+0x16) [0x7f9a69164276]
/opt/xilinx/xilinx_2016.2/Vivado_HLS/2016.2/lib/lnx64.o/libtcl8.5.so(Tcl_FSEvalFileEx+0x1d2) [0x7f9a691c8d02]
/opt/xilinx/xilinx_2016.2/Vivado_HLS/2016.2/lib/lnx64.o/librdi_commontasks.so(+0x2c5a32) [0x7f9a56f1aa32]
/opt/xilinx/xilinx_2016.2/Vivado_HLS/2016.2/lib/lnx64.o/librdi_common.so(+0x5b7707) [0x7f9a6dff5707]
/opt/xilinx/xilinx_2016.2/Vivado_HLS/2016.2/lib/lnx64.o/libtcl8.5.so(+0x331f5) [0x7f9a691621f5]
/opt/xilinx/xilinx_2016.2/Vivado_HLS/2016.2/lib/lnx64.o/libtcl8.5.so(Tcl_EvalObjv+0x32) [0x7f9a691627e2]
/opt/xilinx/xilinx_2016.2/Vivado_HLS/2016.2/lib/lnx64.o/libtcl8.5.so(TclEvalObjEx+0x322) [0x7f9a691645d2]
/opt/xilinx/xilinx_2016.2/Vivado_HLS/2016.2/lib/lnx64.o/librdi_commontasks.so(+0x2e3979) [0x7f9a56f38979]
/opt/xilinx/xilinx_2016.2/Vivado_HLS/2016.2/lib/lnx64.o/librdi_commontasks.so(+0x2dc7c3) [0x7f9a56f317c3]
/opt/xilinx/xilinx_2016.2/Vivado_HLS/2016.2/lib/lnx64.o/librdi_common.so(+0x5b7707) [0x7f9a6dff5707]
/opt/xilinx/xilinx_2016.2/Vivado_HLS/2016.2/lib/lnx64.o/libtcl8.5.so(+0x331f5) [0x7f9a691621f5]
/opt/xilinx/xilinx_2016.2/Vivado_HLS/2016.2/lib/lnx64.o/libtcl8.5.so(Tcl_EvalObjv+0x32) [0x7f9a691627e2]
/opt/xilinx/xilinx_2016.2/Vivado_HLS/2016.2/lib/lnx64.o/libtcl8.5.so(TclEvalObjEx+0x322) [0x7f9a691645d2]
/opt/xilinx/xilinx_2016.2/Vivado_HLS/2016.2/lib/lnx64.o/librdi_commonmain.so(+0x6330) [0x7f9a6d839330]
/opt/xilinx/xilinx_2016.2/Vivado_HLS/2016.2/lib/lnx64.o/libtcl8.5.so(Tcl_Main+0x1d5) [0x7f9a691cf175]
/opt/xilinx/xilinx_2016.2/Vivado_HLS/2016.2/lib/lnx64.o/librdi_common.so(+0x5f0409) [0x7f9a6e02e409]
/lib64/libpthread.so.0(+0x7ea5) [0x7f9a6d106ea5]
/lib64/libc.so.6(clone+0x6d) [0x7f9a6ce2f96d]
