

================================================================
== Vivado HLS Report for 'digitrec_update_knn'
================================================================
* Date:           Fri Jun 18 23:29:29 2021

* Version:        2016.2 (Build 1577090 on Thu Jun 02 16:59:10 MDT 2016)
* Project:        4-nn.prj
* Solution:       solution1
* Product family: zynq
* Target device:  xc7z020clg484-1


================================================================
== Performance Estimates
================================================================
+ Timing (ns): 
    * Summary: 
    +--------+-------+----------+------------+
    |  Clock | Target| Estimated| Uncertainty|
    +--------+-------+----------+------------+
    |ap_clk  |  10.00|     13.54|        1.25|
    +--------+-------+----------+------------+

+ Latency (clock cycles): 
    * Summary: 
    +-----+-----+-----+-----+----------+
    |  Latency  |  Interval | Pipeline |
    | min | max | min | max |   Type   |
    +-----+-----+-----+-----+----------+
    |    1|    1|    1|    1| function |
    +-----+-----+-----+-----+----------+

    + Detail: 
        * Instance: 
        +-------------------------------------+-------------------+-----+-----+-----+-----+----------+
        |                                     |                   |  Latency  |  Interval | Pipeline |
        |               Instance              |       Module      | min | max | min | max |   Type   |
        +-------------------------------------+-------------------+-----+-----+-----+-----+----------+
        |distance_V_digitrec_bitcount_fu_106  |digitrec_bitcount  |    0|    0|    1|    1| function |
        +-------------------------------------+-------------------+-----+-----+-----+-----+----------+

        * Loop: 
        N/A



================================================================
== Utilization Estimates
================================================================
* Summary: 
+-----------------+---------+-------+--------+-------+
|       Name      | BRAM_18K| DSP48E|   FF   |  LUT  |
+-----------------+---------+-------+--------+-------+
|DSP              |        -|      -|       -|      -|
|Expression       |        -|      -|       0|     97|
|FIFO             |        -|      -|       -|      -|
|Instance         |        -|      -|       0|    111|
|Memory           |        -|      -|       -|      -|
|Multiplexer      |        -|      -|       -|     24|
|Register         |        -|      -|       2|      -|
+-----------------+---------+-------+--------+-------+
|Total            |        0|      0|       2|    232|
+-----------------+---------+-------+--------+-------+
|Available        |      280|    220|  106400|  53200|
+-----------------+---------+-------+--------+-------+
|Utilization (%)  |        0|      0|   ~0   |   ~0  |
+-----------------+---------+-------+--------+-------+

+ Detail: 
    * Instance: 
    +-------------------------------------+----------------------------+---------+-------+---+-----+
    |               Instance              |           Module           | BRAM_18K| DSP48E| FF| LUT |
    +-------------------------------------+----------------------------+---------+-------+---+-----+
    |distance_V_digitrec_bitcount_fu_106  |digitrec_bitcount           |        0|      0|  0|  105|
    |digitrec_mux_4to1_sel2_6_1_U2        |digitrec_mux_4to1_sel2_6_1  |        0|      0|  0|    6|
    +-------------------------------------+----------------------------+---------+-------+---+-----+
    |Total                                |                            |        0|      0|  0|  111|
    +-------------------------------------+----------------------------+---------+-------+---+-----+

    * DSP48: 
    N/A

    * Memory: 
    N/A

    * FIFO: 
    N/A

    * Expression: 
    +-----------------------------------------+----------+-------+---+----+------------+------------+
    |              Variable Name              | Operation| DSP48E| FF| LUT| Bitwidth P0| Bitwidth P1|
    +-----------------------------------------+----------+-------+---+----+------------+------------+
    |tmp_1_fu_200_p2                          |   icmp   |      0|  0|   3|           6|           6|
    |tmp_3_1_fu_126_p2                        |   icmp   |      0|  0|   3|           6|           6|
    |tmp_3_2_fu_144_p2                        |   icmp   |      0|  0|   3|           6|           6|
    |tmp_3_3_fu_158_p2                        |   icmp   |      0|  0|   3|           6|           6|
    |tmp_9_fu_172_p2                          |    or    |      0|  0|   1|           1|           1|
    |p_026_1_2_fu_164_p3                      |  select  |      0|  0|   3|           1|           2|
    |p_026_1_3_fu_178_p3                      |  select  |      0|  0|   2|           1|           2|
    |p_030_1_1_fu_132_p3                      |  select  |      0|  0|   6|           1|           6|
    |p_030_1_2_fu_150_p3                      |  select  |      0|  0|   6|           1|           6|
    |distance_V_digitrec_bitcount_fu_106_n_V  |    xor   |      0|  0|  67|          49|          49|
    +-----------------------------------------+----------+-------+---+----+------------+------------+
    |Total                                    |          |      0|  0|  97|          78|          90|
    +-----------------------------------------+----------+-------+---+----+------------+------------+

    * Multiplexer: 
    +---------------------+----+-----------+-----+-----------+
    |         Name        | LUT| Input Size| Bits| Total Bits|
    +---------------------+----+-----------+-----+-----------+
    |min_distances_0_V_o  |   6|          2|    6|         12|
    |min_distances_1_V_o  |   6|          2|    6|         12|
    |min_distances_2_V_o  |   6|          2|    6|         12|
    |min_distances_3_V_o  |   6|          2|    6|         12|
    +---------------------+----+-----------+-----+-----------+
    |Total                |  24|          8|   24|         48|
    +---------------------+----+-----------+-----+-----------+

    * Register: 
    +-----------------------+---+----+-----+-----------+
    |          Name         | FF| LUT| Bits| Const Bits|
    +-----------------------+---+----+-----+-----------+
    |ap_CS_fsm              |  1|   0|    1|          0|
    |ap_reg_ppiten_pp0_it1  |  1|   0|    1|          0|
    +-----------------------+---+----+-----+-----------+
    |Total                  |  2|   0|    2|          0|
    +-----------------------+---+----+-----+-----------+



================================================================
== Interface
================================================================
* Summary: 
+----------------------------+-----+-----+------------+---------------------+--------------+
|          RTL Ports         | Dir | Bits|  Protocol  |    Source Object    |    C Type    |
+----------------------------+-----+-----+------------+---------------------+--------------+
|ap_clk                      |  in |    1| ap_ctrl_hs | digitrec_update_knn | return value |
|ap_rst                      |  in |    1| ap_ctrl_hs | digitrec_update_knn | return value |
|ap_start                    |  in |    1| ap_ctrl_hs | digitrec_update_knn | return value |
|ap_done                     | out |    1| ap_ctrl_hs | digitrec_update_knn | return value |
|ap_idle                     | out |    1| ap_ctrl_hs | digitrec_update_knn | return value |
|ap_ready                    | out |    1| ap_ctrl_hs | digitrec_update_knn | return value |
|test_inst_V                 |  in |   49|   ap_none  |     test_inst_V     |    scalar    |
|train_inst_V                |  in |   48|   ap_none  |     train_inst_V    |    scalar    |
|min_distances_0_V_i         |  in |    6|   ap_ovld  |  min_distances_0_V  |    pointer   |
|min_distances_0_V_o         | out |    6|   ap_ovld  |  min_distances_0_V  |    pointer   |
|min_distances_0_V_o_ap_vld  | out |    1|   ap_ovld  |  min_distances_0_V  |    pointer   |
|min_distances_1_V_i         |  in |    6|   ap_ovld  |  min_distances_1_V  |    pointer   |
|min_distances_1_V_o         | out |    6|   ap_ovld  |  min_distances_1_V  |    pointer   |
|min_distances_1_V_o_ap_vld  | out |    1|   ap_ovld  |  min_distances_1_V  |    pointer   |
|min_distances_2_V_i         |  in |    6|   ap_ovld  |  min_distances_2_V  |    pointer   |
|min_distances_2_V_o         | out |    6|   ap_ovld  |  min_distances_2_V  |    pointer   |
|min_distances_2_V_o_ap_vld  | out |    1|   ap_ovld  |  min_distances_2_V  |    pointer   |
|min_distances_3_V_i         |  in |    6|   ap_ovld  |  min_distances_3_V  |    pointer   |
|min_distances_3_V_o         | out |    6|   ap_ovld  |  min_distances_3_V  |    pointer   |
|min_distances_3_V_o_ap_vld  | out |    1|   ap_ovld  |  min_distances_3_V  |    pointer   |
+----------------------------+-----+-----+------------+---------------------+--------------+

