

================================================================
== Vivado HLS Report for 'digitrec_update_knn'
================================================================
* Date:           Wed Jun 16 13:43:01 2021

* Version:        2016.2 (Build 1577090 on Thu Jun 02 16:59:10 MDT 2016)
* Project:        1-nn.prj
* Solution:       solution1
* Product family: zynq
* Target device:  xc7z020clg484-1


================================================================
== Performance Estimates
================================================================
+ Timing (ns): 
    * Summary: 
    +--------+-------+----------+------------+
    |  Clock | Target| Estimated| Uncertainty|
    +--------+-------+----------+------------+
    |ap_clk  |  10.00|      4.41|        1.25|
    +--------+-------+----------+------------+

+ Latency (clock cycles): 
    * Summary: 
    +-----+-----+-----+-----+---------+
    |  Latency  |  Interval | Pipeline|
    | min | max | min | max |   Type  |
    +-----+-----+-----+-----+---------+
    |    ?|    ?|    ?|    ?|   none  |
    +-----+-----+-----+-----+---------+

    + Detail: 
        * Instance: 
        N/A

        * Loop: 
        +----------+-----+-----+----------+-----------+-----------+------+----------+
        |          |  Latency  | Iteration|  Initiation Interval  | Trip |          |
        | Loop Name| min | max |  Latency |  achieved |   target  | Count| Pipelined|
        +----------+-----+-----+----------+-----------+-----------+------+----------+
        |- WHILE   |    ?|    ?|         1|          -|          -|     ?|    no    |
        +----------+-----+-----+----------+-----------+-----------+------+----------+



================================================================
== Utilization Estimates
================================================================
* Summary: 
+-----------------+---------+-------+--------+-------+
|       Name      | BRAM_18K| DSP48E|   FF   |  LUT  |
+-----------------+---------+-------+--------+-------+
|DSP              |        -|      -|       -|      -|
|Expression       |        -|      -|       0|    209|
|FIFO             |        -|      -|       -|      -|
|Instance         |        -|      -|       -|      -|
|Memory           |        -|      -|       -|      -|
|Multiplexer      |        -|      -|       -|     60|
|Register         |        -|      -|      66|      -|
+-----------------+---------+-------+--------+-------+
|Total            |        0|      0|      66|    269|
+-----------------+---------+-------+--------+-------+
|Available        |      280|    220|  106400|  53200|
+-----------------+---------+-------+--------+-------+
|Utilization (%)  |        0|      0|   ~0   |   ~0  |
+-----------------+---------+-------+--------+-------+

+ Detail: 
    * Instance: 
    N/A

    * DSP48: 
    N/A

    * Memory: 
    N/A

    * FIFO: 
    N/A

    * Expression: 
    +-------------------+----------+-------+---+----+------------+------------+
    |   Variable Name   | Operation| DSP48E| FF| LUT| Bitwidth P0| Bitwidth P1|
    +-------------------+----------+-------+---+----+------------+------------+
    |count_V_fu_100_p2  |     +    |      0|  0|   6|           6|           1|
    |tmp_5_i_fu_106_p2  |     +    |      0|  0|  49|          49|           2|
    |tmp_6_i_fu_112_p2  |    and   |      0|  0|  67|          49|          49|
    |tmp_1_fu_118_p2    |   icmp   |      0|  0|   3|           6|           6|
    |tmp_i_fu_94_p2     |   icmp   |      0|  0|  17|          49|           1|
    |r_V_fu_88_p2       |    xor   |      0|  0|  67|          49|          49|
    +-------------------+----------+-------+---+----+------------+------------+
    |Total              |          |      0|  0| 209|         208|         108|
    +-------------------+----------+-------+---+----+------------+------------+

    * Multiplexer: 
    +----------------------------+----+-----------+-----+-----------+
    |            Name            | LUT| Input Size| Bits| Total Bits|
    +----------------------------+----+-----------+-----+-----------+
    |ap_NS_fsm                   |   1|          4|    1|          4|
    |distance_V_reg_58           |   6|          2|    6|         12|
    |min_distances_0_V_address0  |   4|          3|    4|         12|
    |n_V_buf_i_reg_71            |  49|          2|   49|         98|
    +----------------------------+----+-----------+-----+-----------+
    |Total                       |  60|         11|   60|        126|
    +----------------------------+----+-----------+-----+-----------+

    * Register: 
    +--------------------------------+----+----+-----+-----------+
    |              Name              | FF | LUT| Bits| Const Bits|
    +--------------------------------+----+----+-----+-----------+
    |ap_CS_fsm                       |   3|   0|    3|          0|
    |distance_V_reg_58               |   6|   0|    6|          0|
    |min_distances_0_V_addr_reg_147  |   4|   0|    4|          0|
    |n_V_buf_i_reg_71                |  49|   0|   49|          0|
    |tmp_4_cast_reg_124              |   4|   0|   64|         60|
    +--------------------------------+----+----+-----+-----------+
    |Total                           |  66|   0|  126|         60|
    +--------------------------------+----+----+-----+-----------+



================================================================
== Interface
================================================================
* Summary: 
+----------------------------+-----+-----+------------+---------------------+--------------+
|          RTL Ports         | Dir | Bits|  Protocol  |    Source Object    |    C Type    |
+----------------------------+-----+-----+------------+---------------------+--------------+
|ap_clk                      |  in |    1| ap_ctrl_hs | digitrec_update_knn | return value |
|ap_rst                      |  in |    1| ap_ctrl_hs | digitrec_update_knn | return value |
|ap_start                    |  in |    1| ap_ctrl_hs | digitrec_update_knn | return value |
|ap_done                     | out |    1| ap_ctrl_hs | digitrec_update_knn | return value |
|ap_idle                     | out |    1| ap_ctrl_hs | digitrec_update_knn | return value |
|ap_ready                    | out |    1| ap_ctrl_hs | digitrec_update_knn | return value |
|test_inst_V                 |  in |   49|   ap_none  |     test_inst_V     |    scalar    |
|train_inst_V                |  in |   48|   ap_none  |     train_inst_V    |    scalar    |
|min_distances_0_V_address0  | out |    4|  ap_memory |  min_distances_0_V  |     array    |
|min_distances_0_V_ce0       | out |    1|  ap_memory |  min_distances_0_V  |     array    |
|min_distances_0_V_we0       | out |    1|  ap_memory |  min_distances_0_V  |     array    |
|min_distances_0_V_d0        | out |    6|  ap_memory |  min_distances_0_V  |     array    |
|min_distances_0_V_q0        |  in |    6|  ap_memory |  min_distances_0_V  |     array    |
|tmp_4                       |  in |    4|   ap_none  |        tmp_4        |    scalar    |
+----------------------------+-----+-----+------------+---------------------+--------------+

