

================================================================
== Vivado HLS Report for 'digitrec_knn_vote'
================================================================
* Date:           Wed Jun 16 13:43:01 2021

* Version:        2016.2 (Build 1577090 on Thu Jun 02 16:59:10 MDT 2016)
* Project:        1-nn.prj
* Solution:       solution1
* Product family: zynq
* Target device:  xc7z020clg484-1


================================================================
== Performance Estimates
================================================================
+ Timing (ns): 
    * Summary: 
    +--------+-------+----------+------------+
    |  Clock | Target| Estimated| Uncertainty|
    +--------+-------+----------+------------+
    |ap_clk  |  10.00|      6.28|        1.25|
    +--------+-------+----------+------------+

+ Latency (clock cycles): 
    * Summary: 
    +-----+-----+-----+-----+---------+
    |  Latency  |  Interval | Pipeline|
    | min | max | min | max |   Type  |
    +-----+-----+-----+-----+---------+
    |   21|   21|   21|   21|   none  |
    +-----+-----+-----+-----+---------+

    + Detail: 
        * Instance: 
        N/A

        * Loop: 
        +------------+-----+-----+----------+-----------+-----------+------+----------+
        |            |  Latency  | Iteration|  Initiation Interval  | Trip |          |
        |  Loop Name | min | max |  Latency |  achieved |   target  | Count| Pipelined|
        +------------+-----+-----+----------+-----------+-----------+------+----------+
        |- KNNVOTE1  |   20|   20|         2|          -|          -|    10|    no    |
        +------------+-----+-----+----------+-----------+-----------+------+----------+



================================================================
== Utilization Estimates
================================================================
* Summary: 
+-----------------+---------+-------+--------+-------+
|       Name      | BRAM_18K| DSP48E|   FF   |  LUT  |
+-----------------+---------+-------+--------+-------+
|DSP              |        -|      -|       -|      -|
|Expression       |        -|      -|       0|     53|
|FIFO             |        -|      -|       -|      -|
|Instance         |        -|      -|       -|      -|
|Memory           |        -|      -|       -|      -|
|Multiplexer      |        -|      -|       -|     41|
|Register         |        -|      -|      51|      -|
+-----------------+---------+-------+--------+-------+
|Total            |        0|      0|      51|     94|
+-----------------+---------+-------+--------+-------+
|Available        |      280|    220|  106400|  53200|
+-----------------+---------+-------+--------+-------+
|Utilization (%)  |        0|      0|   ~0   |   ~0  |
+-----------------+---------+-------+--------+-------+

+ Detail: 
    * Instance: 
    N/A

    * DSP48: 
    N/A

    * Memory: 
    N/A

    * FIFO: 
    N/A

    * Expression: 
    +----------------------------------------+----------+-------+---+----+------------+------------+
    |              Variable Name             | Operation| DSP48E| FF| LUT| Bitwidth P0| Bitwidth P1|
    +----------------------------------------+----------+-------+---+----+------------+------------+
    |i_V_fu_76_p2                            |     +    |      0|  0|   4|           4|           1|
    |exitcond_fu_70_p2                       |   icmp   |      0|  0|   2|           4|           4|
    |tmp_8_fu_91_p2                          |   icmp   |      0|  0|  11|          32|          32|
    |agg_result_V_0_agg_result_V_s_fu_97_p3  |  select  |      0|  0|   4|           1|           4|
    |min_2_min_fu_105_p3                     |  select  |      0|  0|  32|           1|          32|
    +----------------------------------------+----------+-------+---+----+------------+------------+
    |Total                                   |          |      0|  0|  53|          42|          73|
    +----------------------------------------+----------+-------+---+----+------------+------------+

    * Multiplexer: 
    +----------------+----+-----------+-----+-----------+
    |      Name      | LUT| Input Size| Bits| Total Bits|
    +----------------+----+-----------+-----+-----------+
    |ap_NS_fsm       |   1|          4|    1|          4|
    |ap_return       |   4|          2|    4|          8|
    |i_val_V_reg_46  |   4|          2|    4|          8|
    |min_reg_58      |  32|          2|   32|         64|
    +----------------+----+-----------+-----+-----------+
    |Total           |  41|         10|   41|         84|
    +----------------+----+-----------+-----+-----------+

    * Register: 
    +-----------------------+----+----+-----+-----------+
    |          Name         | FF | LUT| Bits| Const Bits|
    +-----------------------+----+----+-----+-----------+
    |agg_result_V_s_reg_34  |   4|   0|    4|          0|
    |ap_CS_fsm              |   3|   0|    3|          0|
    |ap_return_preg         |   4|   0|    4|          0|
    |i_V_reg_116            |   4|   0|    4|          0|
    |i_val_V_reg_46         |   4|   0|    4|          0|
    |min_reg_58             |  32|   0|   32|          0|
    +-----------------------+----+----+-----+-----------+
    |Total                  |  51|   0|   51|          0|
    +-----------------------+----+----+-----+-----------+



================================================================
== Interface
================================================================
* Summary: 
+----------------------+-----+-----+------------+-------------------+--------------+
|       RTL Ports      | Dir | Bits|  Protocol  |   Source Object   |    C Type    |
+----------------------+-----+-----+------------+-------------------+--------------+
|ap_clk                |  in |    1| ap_ctrl_hs | digitrec_knn_vote | return value |
|ap_rst                |  in |    1| ap_ctrl_hs | digitrec_knn_vote | return value |
|ap_start              |  in |    1| ap_ctrl_hs | digitrec_knn_vote | return value |
|ap_done               | out |    1| ap_ctrl_hs | digitrec_knn_vote | return value |
|ap_idle               | out |    1| ap_ctrl_hs | digitrec_knn_vote | return value |
|ap_ready              | out |    1| ap_ctrl_hs | digitrec_knn_vote | return value |
|ap_return             | out |    4| ap_ctrl_hs | digitrec_knn_vote | return value |
|knn_set_0_V_address0  | out |    4|  ap_memory |    knn_set_0_V    |     array    |
|knn_set_0_V_ce0       | out |    1|  ap_memory |    knn_set_0_V    |     array    |
|knn_set_0_V_q0        |  in |    6|  ap_memory |    knn_set_0_V    |     array    |
+----------------------+-----+-----+------------+-------------------+--------------+

