

================================================================
== Vivado HLS Report for 'digitrec'
================================================================
* Date:           Fri Jun 18 23:28:21 2021

* Version:        2016.2 (Build 1577090 on Thu Jun 02 16:59:10 MDT 2016)
* Project:        3-nn.prj
* Solution:       solution1
* Product family: zynq
* Target device:  xc7z020clg484-1


================================================================
== Performance Estimates
================================================================
+ Timing (ns): 
    * Summary: 
    +--------+-------+----------+------------+
    |  Clock | Target| Estimated| Uncertainty|
    +--------+-------+----------+------------+
    |ap_clk  |  10.00|     10.65|        1.25|
    +--------+-------+----------+------------+

+ Latency (clock cycles): 
    * Summary: 
    +------+------+------+------+---------+
    |   Latency   |   Interval  | Pipeline|
    |  min |  max |  min |  max |   Type  |
    +------+------+------+------+---------+
    |  1807|  1807|  1808|  1808|   none  |
    +------+------+------+------+---------+

    + Detail: 
        * Instance: 
        N/A

        * Loop: 
        +-----------+------+------+----------+-----------+-----------+------+----------+
        |           |   Latency   | Iteration|  Initiation Interval  | Trip |          |
        | Loop Name |  min |  max |  Latency |  achieved |   target  | Count| Pipelined|
        +-----------+------+------+----------+-----------+-----------+------+----------+
        |- MODIFY1  |  1801|  1801|         3|          1|          1|  1800|    yes   |
        +-----------+------+------+----------+-----------+-----------+------+----------+

============================================================
+ Verbose Summary: Synthesis Manager
============================================================
InlineROM: 1
ExposeGlobal: 0
============================================================
+ Verbose Summary: CDFG Model
============================================================
IsTopModel: 1
ResetActiveHigh: 1
IsCombinational: 0
IsDatapathOnly: 0
HasWiredReturn: 1
HasMFsm: 0
HasVarLatency: 1
IsPipeline: 0
IsRtlPipelined: 0
IsInstanceOverlapped: 0
IsDontTouch: 0
HasImplIP: 0
IsGatedGlobalClock: 0

+ Individual pipeline summary: 
  * Pipeline-0: initiation interval (II) = 1, depth = 3


============================================================
+ Verbose Summary: Schedule
============================================================
* Number of FSM states: 6
* Pipeline: 1
  Pipeline-0: II = 1, D = 3, States = { 2 3 4 }
* Dataflow Pipeline: 0

* FSM state transitions: 
1 --> 
	2  / true
2 --> 
	5  / (exitcond3)
	3  / (!exitcond3)
3 --> 
	4  / true
4 --> 
	2  / true
5 --> 
	6  / true
6 --> 
* FSM state operations: 

 <State 1>: 1.57ns
ST_1: stg_7 [1/1] 0.00ns
.preheader17.preheader:0  call void (...)* @_ssdm_op_SpecBitsMap(i4 0), !map !74

ST_1: stg_8 [1/1] 0.00ns
.preheader17.preheader:1  call void (...)* @_ssdm_op_SpecBitsMap(i49 %input_V), !map !80

ST_1: stg_9 [1/1] 0.00ns
.preheader17.preheader:2  call void (...)* @_ssdm_op_SpecTopModule([9 x i8]* @digitrec_str) nounwind

ST_1: input_V_read [1/1] 0.00ns
.preheader17.preheader:3  %input_V_read = call i49 @_ssdm_op_Read.ap_auto.i49(i49 %input_V)

ST_1: knn_set_0_0_V [1/1] 0.00ns
.preheader17.preheader:4  %knn_set_0_0_V = alloca i6, align 1

ST_1: knn_set_0_1_V [1/1] 0.00ns
.preheader17.preheader:5  %knn_set_0_1_V = alloca i6, align 1

ST_1: knn_set_0_2_V [1/1] 0.00ns
.preheader17.preheader:6  %knn_set_0_2_V = alloca i6, align 1

ST_1: knn_set_1_0_V [1/1] 0.00ns
.preheader17.preheader:7  %knn_set_1_0_V = alloca i6, align 1

ST_1: knn_set_1_1_V [1/1] 0.00ns
.preheader17.preheader:8  %knn_set_1_1_V = alloca i6, align 1

ST_1: knn_set_1_2_V [1/1] 0.00ns
.preheader17.preheader:9  %knn_set_1_2_V = alloca i6, align 1

ST_1: knn_set_2_0_V [1/1] 0.00ns
.preheader17.preheader:10  %knn_set_2_0_V = alloca i6, align 1

ST_1: knn_set_2_1_V [1/1] 0.00ns
.preheader17.preheader:11  %knn_set_2_1_V = alloca i6, align 1

ST_1: knn_set_2_2_V [1/1] 0.00ns
.preheader17.preheader:12  %knn_set_2_2_V = alloca i6, align 1

ST_1: knn_set_3_0_V [1/1] 0.00ns
.preheader17.preheader:13  %knn_set_3_0_V = alloca i6, align 1

ST_1: knn_set_3_1_V [1/1] 0.00ns
.preheader17.preheader:14  %knn_set_3_1_V = alloca i6, align 1

ST_1: knn_set_3_2_V [1/1] 0.00ns
.preheader17.preheader:15  %knn_set_3_2_V = alloca i6, align 1

ST_1: knn_set_4_0_V [1/1] 0.00ns
.preheader17.preheader:16  %knn_set_4_0_V = alloca i6, align 1

ST_1: knn_set_4_1_V [1/1] 0.00ns
.preheader17.preheader:17  %knn_set_4_1_V = alloca i6, align 1

ST_1: knn_set_4_2_V [1/1] 0.00ns
.preheader17.preheader:18  %knn_set_4_2_V = alloca i6, align 1

ST_1: knn_set_5_0_V [1/1] 0.00ns
.preheader17.preheader:19  %knn_set_5_0_V = alloca i6, align 1

ST_1: knn_set_5_1_V [1/1] 0.00ns
.preheader17.preheader:20  %knn_set_5_1_V = alloca i6, align 1

ST_1: knn_set_5_2_V [1/1] 0.00ns
.preheader17.preheader:21  %knn_set_5_2_V = alloca i6, align 1

ST_1: knn_set_6_0_V [1/1] 0.00ns
.preheader17.preheader:22  %knn_set_6_0_V = alloca i6, align 1

ST_1: knn_set_6_1_V [1/1] 0.00ns
.preheader17.preheader:23  %knn_set_6_1_V = alloca i6, align 1

ST_1: knn_set_6_2_V [1/1] 0.00ns
.preheader17.preheader:24  %knn_set_6_2_V = alloca i6, align 1

ST_1: knn_set_7_0_V [1/1] 0.00ns
.preheader17.preheader:25  %knn_set_7_0_V = alloca i6, align 1

ST_1: knn_set_7_1_V [1/1] 0.00ns
.preheader17.preheader:26  %knn_set_7_1_V = alloca i6, align 1

ST_1: knn_set_7_2_V [1/1] 0.00ns
.preheader17.preheader:27  %knn_set_7_2_V = alloca i6, align 1

ST_1: knn_set_8_0_V [1/1] 0.00ns
.preheader17.preheader:28  %knn_set_8_0_V = alloca i6, align 1

ST_1: knn_set_8_1_V [1/1] 0.00ns
.preheader17.preheader:29  %knn_set_8_1_V = alloca i6, align 1

ST_1: knn_set_8_2_V [1/1] 0.00ns
.preheader17.preheader:30  %knn_set_8_2_V = alloca i6, align 1

ST_1: knn_set_9_0_V [1/1] 0.00ns
.preheader17.preheader:31  %knn_set_9_0_V = alloca i6, align 1

ST_1: knn_set_9_1_V [1/1] 0.00ns
.preheader17.preheader:32  %knn_set_9_1_V = alloca i6, align 1

ST_1: knn_set_9_2_V [1/1] 0.00ns
.preheader17.preheader:33  %knn_set_9_2_V = alloca i6, align 1

ST_1: stg_41 [1/1] 0.00ns
.preheader17.preheader:34  store i6 -14, i6* %knn_set_0_0_V, align 1

ST_1: stg_42 [1/1] 0.00ns
.preheader17.preheader:35  store i6 -14, i6* %knn_set_0_1_V, align 1

ST_1: stg_43 [1/1] 0.00ns
.preheader17.preheader:36  store i6 -14, i6* %knn_set_0_2_V, align 1

ST_1: stg_44 [1/1] 0.00ns
.preheader17.preheader:37  store i6 -14, i6* %knn_set_1_0_V, align 1

ST_1: stg_45 [1/1] 0.00ns
.preheader17.preheader:38  store i6 -14, i6* %knn_set_1_1_V, align 1

ST_1: stg_46 [1/1] 0.00ns
.preheader17.preheader:39  store i6 -14, i6* %knn_set_1_2_V, align 1

ST_1: stg_47 [1/1] 0.00ns
.preheader17.preheader:40  store i6 -14, i6* %knn_set_2_0_V, align 1

ST_1: stg_48 [1/1] 0.00ns
.preheader17.preheader:41  store i6 -14, i6* %knn_set_2_1_V, align 1

ST_1: stg_49 [1/1] 0.00ns
.preheader17.preheader:42  store i6 -14, i6* %knn_set_2_2_V, align 1

ST_1: stg_50 [1/1] 0.00ns
.preheader17.preheader:43  store i6 -14, i6* %knn_set_3_0_V, align 1

ST_1: stg_51 [1/1] 0.00ns
.preheader17.preheader:44  store i6 -14, i6* %knn_set_3_1_V, align 1

ST_1: stg_52 [1/1] 0.00ns
.preheader17.preheader:45  store i6 -14, i6* %knn_set_3_2_V, align 1

ST_1: stg_53 [1/1] 0.00ns
.preheader17.preheader:46  store i6 -14, i6* %knn_set_4_0_V, align 1

ST_1: stg_54 [1/1] 0.00ns
.preheader17.preheader:47  store i6 -14, i6* %knn_set_4_1_V, align 1

ST_1: stg_55 [1/1] 0.00ns
.preheader17.preheader:48  store i6 -14, i6* %knn_set_4_2_V, align 1

ST_1: stg_56 [1/1] 0.00ns
.preheader17.preheader:49  store i6 -14, i6* %knn_set_5_0_V, align 1

ST_1: stg_57 [1/1] 0.00ns
.preheader17.preheader:50  store i6 -14, i6* %knn_set_5_1_V, align 1

ST_1: stg_58 [1/1] 0.00ns
.preheader17.preheader:51  store i6 -14, i6* %knn_set_5_2_V, align 1

ST_1: stg_59 [1/1] 0.00ns
.preheader17.preheader:52  store i6 -14, i6* %knn_set_6_0_V, align 1

ST_1: stg_60 [1/1] 0.00ns
.preheader17.preheader:53  store i6 -14, i6* %knn_set_6_1_V, align 1

ST_1: stg_61 [1/1] 0.00ns
.preheader17.preheader:54  store i6 -14, i6* %knn_set_6_2_V, align 1

ST_1: stg_62 [1/1] 0.00ns
.preheader17.preheader:55  store i6 -14, i6* %knn_set_7_0_V, align 1

ST_1: stg_63 [1/1] 0.00ns
.preheader17.preheader:56  store i6 -14, i6* %knn_set_7_1_V, align 1

ST_1: stg_64 [1/1] 0.00ns
.preheader17.preheader:57  store i6 -14, i6* %knn_set_7_2_V, align 1

ST_1: stg_65 [1/1] 0.00ns
.preheader17.preheader:58  store i6 -14, i6* %knn_set_8_0_V, align 1

ST_1: stg_66 [1/1] 0.00ns
.preheader17.preheader:59  store i6 -14, i6* %knn_set_8_1_V, align 1

ST_1: stg_67 [1/1] 0.00ns
.preheader17.preheader:60  store i6 -14, i6* %knn_set_8_2_V, align 1

ST_1: stg_68 [1/1] 0.00ns
.preheader17.preheader:61  store i6 -14, i6* %knn_set_9_0_V, align 1

ST_1: stg_69 [1/1] 0.00ns
.preheader17.preheader:62  store i6 -14, i6* %knn_set_9_1_V, align 1

ST_1: stg_70 [1/1] 0.00ns
.preheader17.preheader:63  store i6 -14, i6* %knn_set_9_2_V, align 1

ST_1: stg_71 [1/1] 1.57ns
.preheader17.preheader:64  br label %.preheader


 <State 2>: 4.35ns
ST_2: i4 [1/1] 0.00ns
.preheader:0  %i4 = phi i11 [ %i, %0 ], [ 0, %.preheader17.preheader ]

ST_2: exitcond3 [1/1] 2.11ns
.preheader:1  %exitcond3 = icmp eq i11 %i4, -248

ST_2: i [1/1] 1.84ns
.preheader:2  %i = add i11 %i4, 1

ST_2: stg_75 [1/1] 0.00ns
.preheader:3  br i1 %exitcond3, label %1, label %0

ST_2: i4_cast4 [1/1] 0.00ns
:0  %i4_cast4 = zext i11 %i4 to i15

ST_2: i4_cast3 [1/1] 0.00ns
:1  %i4_cast3 = zext i11 %i4 to i14

ST_2: i4_cast3_cast7 [1/1] 0.00ns
:2  %i4_cast3_cast7 = zext i11 %i4 to i12

ST_2: i4_cast3_cast [1/1] 0.00ns
:3  %i4_cast3_cast = zext i11 %i4 to i13

ST_2: tmp_3 [1/1] 0.00ns
:8  %tmp_3 = zext i11 %i4 to i64

ST_2: training_data_V_addr [1/1] 0.00ns
:9  %training_data_V_addr = getelementptr [18000 x i48]* @training_data_V, i64 0, i64 %tmp_3

ST_2: training_data_V_load [2/2] 2.39ns
:10  %training_data_V_load = load i48* %training_data_V_addr, align 8

ST_2: tmp_2_1 [1/1] 1.84ns
:12  %tmp_2_1 = add i12 %i4_cast3_cast7, 1800

ST_2: tmp_3_1 [1/1] 0.00ns
:13  %tmp_3_1 = zext i12 %tmp_2_1 to i64

ST_2: training_data_V_addr_1 [1/1] 0.00ns
:14  %training_data_V_addr_1 = getelementptr [18000 x i48]* @training_data_V, i64 0, i64 %tmp_3_1

ST_2: training_data_V_load_1 [2/2] 2.39ns
:15  %training_data_V_load_1 = load i48* %training_data_V_addr_1, align 8

ST_2: tmp_2_2 [1/1] 1.96ns
:17  %tmp_2_2 = add i13 %i4_cast3_cast, 3600

ST_2: tmp_3_2 [1/1] 0.00ns
:18  %tmp_3_2 = zext i13 %tmp_2_2 to i64

ST_2: training_data_V_addr_2 [1/1] 0.00ns
:19  %training_data_V_addr_2 = getelementptr [18000 x i48]* @training_data_V, i64 0, i64 %tmp_3_2

ST_2: training_data_V_load_2 [2/2] 2.39ns
:20  %training_data_V_load_2 = load i48* %training_data_V_addr_2, align 8

ST_2: tmp_2_3 [1/1] 1.96ns
:22  %tmp_2_3 = add i13 %i4_cast3_cast, -2792

ST_2: tmp_3_3 [1/1] 0.00ns
:23  %tmp_3_3 = zext i13 %tmp_2_3 to i64

ST_2: training_data_V_addr_3 [1/1] 0.00ns
:24  %training_data_V_addr_3 = getelementptr [18000 x i48]* @training_data_V, i64 0, i64 %tmp_3_3

ST_2: training_data_V_load_3 [2/2] 2.39ns
:25  %training_data_V_load_3 = load i48* %training_data_V_addr_3, align 8

ST_2: tmp_2_4 [1/1] 1.96ns
:27  %tmp_2_4 = add i14 %i4_cast3, 7200

ST_2: tmp_3_4 [1/1] 0.00ns
:28  %tmp_3_4 = zext i14 %tmp_2_4 to i64

ST_2: training_data_V_addr_4 [1/1] 0.00ns
:29  %training_data_V_addr_4 = getelementptr [18000 x i48]* @training_data_V, i64 0, i64 %tmp_3_4

ST_2: training_data_V_load_4 [2/2] 2.39ns
:30  %training_data_V_load_4 = load i48* %training_data_V_addr_4, align 8

ST_2: tmp_2_5 [1/1] 1.96ns
:32  %tmp_2_5 = add i14 %i4_cast3, -7384

ST_2: tmp_3_5 [1/1] 0.00ns
:33  %tmp_3_5 = zext i14 %tmp_2_5 to i64

ST_2: training_data_V_addr_5 [1/1] 0.00ns
:34  %training_data_V_addr_5 = getelementptr [18000 x i48]* @training_data_V, i64 0, i64 %tmp_3_5

ST_2: training_data_V_load_5 [2/2] 2.39ns
:35  %training_data_V_load_5 = load i48* %training_data_V_addr_5, align 8

ST_2: tmp_2_6 [1/1] 1.96ns
:37  %tmp_2_6 = add i14 %i4_cast3, -5584

ST_2: tmp_3_6 [1/1] 0.00ns
:38  %tmp_3_6 = zext i14 %tmp_2_6 to i64

ST_2: training_data_V_addr_6 [1/1] 0.00ns
:39  %training_data_V_addr_6 = getelementptr [18000 x i48]* @training_data_V, i64 0, i64 %tmp_3_6

ST_2: training_data_V_load_6 [2/2] 2.39ns
:40  %training_data_V_load_6 = load i48* %training_data_V_addr_6, align 8

ST_2: tmp_2_7 [1/1] 1.96ns
:42  %tmp_2_7 = add i13 %i4_cast3_cast, -3784

ST_2: tmp_2_7_cast6 [1/1] 0.00ns
:43  %tmp_2_7_cast6 = sext i13 %tmp_2_7 to i14

ST_2: tmp_3_7 [1/1] 0.00ns
:44  %tmp_3_7 = zext i14 %tmp_2_7_cast6 to i64

ST_2: training_data_V_addr_7 [1/1] 0.00ns
:45  %training_data_V_addr_7 = getelementptr [18000 x i48]* @training_data_V, i64 0, i64 %tmp_3_7

ST_2: training_data_V_load_7 [2/2] 2.39ns
:46  %training_data_V_load_7 = load i48* %training_data_V_addr_7, align 8

ST_2: tmp_2_8 [1/1] 1.84ns
:48  %tmp_2_8 = add i12 %i4_cast3_cast7, -1984

ST_2: tmp_2_8_cast5 [1/1] 0.00ns
:49  %tmp_2_8_cast5 = sext i12 %tmp_2_8 to i14

ST_2: tmp_3_8 [1/1] 0.00ns
:50  %tmp_3_8 = zext i14 %tmp_2_8_cast5 to i64

ST_2: training_data_V_addr_8 [1/1] 0.00ns
:51  %training_data_V_addr_8 = getelementptr [18000 x i48]* @training_data_V, i64 0, i64 %tmp_3_8

ST_2: training_data_V_load_8 [2/2] 2.39ns
:52  %training_data_V_load_8 = load i48* %training_data_V_addr_8, align 8

ST_2: tmp_2_9 [1/1] 1.96ns
:54  %tmp_2_9 = add i15 %i4_cast4, 16200

ST_2: tmp_3_9 [1/1] 0.00ns
:55  %tmp_3_9 = zext i15 %tmp_2_9 to i64

ST_2: training_data_V_addr_9 [1/1] 0.00ns
:56  %training_data_V_addr_9 = getelementptr [18000 x i48]* @training_data_V, i64 0, i64 %tmp_3_9

ST_2: training_data_V_load_9 [2/2] 2.39ns
:57  %training_data_V_load_9 = load i48* %training_data_V_addr_9, align 8


 <State 3>: 2.39ns
ST_3: training_data_V_load [1/2] 2.39ns
:10  %training_data_V_load = load i48* %training_data_V_addr, align 8

ST_3: training_data_V_load_1 [1/2] 2.39ns
:15  %training_data_V_load_1 = load i48* %training_data_V_addr_1, align 8

ST_3: training_data_V_load_2 [1/2] 2.39ns
:20  %training_data_V_load_2 = load i48* %training_data_V_addr_2, align 8

ST_3: training_data_V_load_3 [1/2] 2.39ns
:25  %training_data_V_load_3 = load i48* %training_data_V_addr_3, align 8

ST_3: training_data_V_load_4 [1/2] 2.39ns
:30  %training_data_V_load_4 = load i48* %training_data_V_addr_4, align 8

ST_3: training_data_V_load_5 [1/2] 2.39ns
:35  %training_data_V_load_5 = load i48* %training_data_V_addr_5, align 8

ST_3: training_data_V_load_6 [1/2] 2.39ns
:40  %training_data_V_load_6 = load i48* %training_data_V_addr_6, align 8

ST_3: training_data_V_load_7 [1/2] 2.39ns
:46  %training_data_V_load_7 = load i48* %training_data_V_addr_7, align 8

ST_3: training_data_V_load_8 [1/2] 2.39ns
:52  %training_data_V_load_8 = load i48* %training_data_V_addr_8, align 8

ST_3: training_data_V_load_9 [1/2] 2.39ns
:57  %training_data_V_load_9 = load i48* %training_data_V_addr_9, align 8


 <State 4>: 10.65ns
ST_4: empty [1/1] 0.00ns
:4  %empty = call i32 (...)* @_ssdm_op_SpecLoopTripCount(i64 1800, i64 1800, i64 1800)

ST_4: stg_132 [1/1] 0.00ns
:5  call void (...)* @_ssdm_op_SpecLoopName([8 x i8]* @p_str4) nounwind

ST_4: tmp_s [1/1] 0.00ns
:6  %tmp_s = call i32 (...)* @_ssdm_op_SpecRegionBegin([8 x i8]* @p_str4)

ST_4: stg_134 [1/1] 0.00ns
:7  call void (...)* @_ssdm_op_SpecPipeline(i32 -1, i32 1, i32 1, i32 0, [1 x i8]* @p_str2) nounwind

ST_4: stg_135 [1/1] 10.65ns
:11  call fastcc void @digitrec_update_knn(i49 %input_V_read, i48 %training_data_V_load, i6* %knn_set_0_0_V, i6* %knn_set_0_1_V, i6* %knn_set_0_2_V)

ST_4: stg_136 [1/1] 10.65ns
:16  call fastcc void @digitrec_update_knn(i49 %input_V_read, i48 %training_data_V_load_1, i6* %knn_set_1_0_V, i6* %knn_set_1_1_V, i6* %knn_set_1_2_V)

ST_4: stg_137 [1/1] 10.65ns
:21  call fastcc void @digitrec_update_knn(i49 %input_V_read, i48 %training_data_V_load_2, i6* %knn_set_2_0_V, i6* %knn_set_2_1_V, i6* %knn_set_2_2_V)

ST_4: stg_138 [1/1] 10.65ns
:26  call fastcc void @digitrec_update_knn(i49 %input_V_read, i48 %training_data_V_load_3, i6* %knn_set_3_0_V, i6* %knn_set_3_1_V, i6* %knn_set_3_2_V)

ST_4: stg_139 [1/1] 10.65ns
:31  call fastcc void @digitrec_update_knn(i49 %input_V_read, i48 %training_data_V_load_4, i6* %knn_set_4_0_V, i6* %knn_set_4_1_V, i6* %knn_set_4_2_V)

ST_4: stg_140 [1/1] 10.65ns
:36  call fastcc void @digitrec_update_knn(i49 %input_V_read, i48 %training_data_V_load_5, i6* %knn_set_5_0_V, i6* %knn_set_5_1_V, i6* %knn_set_5_2_V)

ST_4: stg_141 [1/1] 10.65ns
:41  call fastcc void @digitrec_update_knn(i49 %input_V_read, i48 %training_data_V_load_6, i6* %knn_set_6_0_V, i6* %knn_set_6_1_V, i6* %knn_set_6_2_V)

ST_4: stg_142 [1/1] 10.65ns
:47  call fastcc void @digitrec_update_knn(i49 %input_V_read, i48 %training_data_V_load_7, i6* %knn_set_7_0_V, i6* %knn_set_7_1_V, i6* %knn_set_7_2_V)

ST_4: stg_143 [1/1] 10.65ns
:53  call fastcc void @digitrec_update_knn(i49 %input_V_read, i48 %training_data_V_load_8, i6* %knn_set_8_0_V, i6* %knn_set_8_1_V, i6* %knn_set_8_2_V)

ST_4: stg_144 [1/1] 10.65ns
:58  call fastcc void @digitrec_update_knn(i49 %input_V_read, i48 %training_data_V_load_9, i6* %knn_set_9_0_V, i6* %knn_set_9_1_V, i6* %knn_set_9_2_V)

ST_4: empty_3 [1/1] 0.00ns
:59  %empty_3 = call i32 (...)* @_ssdm_op_SpecRegionEnd([8 x i8]* @p_str4, i32 %tmp_s)

ST_4: stg_146 [1/1] 0.00ns
:60  br label %.preheader


 <State 5>: 8.46ns
ST_5: knn_set_0_0_V_load [1/1] 0.00ns
:0  %knn_set_0_0_V_load = load i6* %knn_set_0_0_V, align 1

ST_5: knn_set_0_1_V_load [1/1] 0.00ns
:1  %knn_set_0_1_V_load = load i6* %knn_set_0_1_V, align 1

ST_5: knn_set_0_2_V_load [1/1] 0.00ns
:2  %knn_set_0_2_V_load = load i6* %knn_set_0_2_V, align 1

ST_5: knn_set_1_0_V_load [1/1] 0.00ns
:3  %knn_set_1_0_V_load = load i6* %knn_set_1_0_V, align 1

ST_5: knn_set_1_1_V_load [1/1] 0.00ns
:4  %knn_set_1_1_V_load = load i6* %knn_set_1_1_V, align 1

ST_5: knn_set_1_2_V_load [1/1] 0.00ns
:5  %knn_set_1_2_V_load = load i6* %knn_set_1_2_V, align 1

ST_5: knn_set_2_0_V_load [1/1] 0.00ns
:6  %knn_set_2_0_V_load = load i6* %knn_set_2_0_V, align 1

ST_5: knn_set_2_1_V_load [1/1] 0.00ns
:7  %knn_set_2_1_V_load = load i6* %knn_set_2_1_V, align 1

ST_5: knn_set_2_2_V_load [1/1] 0.00ns
:8  %knn_set_2_2_V_load = load i6* %knn_set_2_2_V, align 1

ST_5: knn_set_3_0_V_load [1/1] 0.00ns
:9  %knn_set_3_0_V_load = load i6* %knn_set_3_0_V, align 1

ST_5: knn_set_3_1_V_load [1/1] 0.00ns
:10  %knn_set_3_1_V_load = load i6* %knn_set_3_1_V, align 1

ST_5: knn_set_3_2_V_load [1/1] 0.00ns
:11  %knn_set_3_2_V_load = load i6* %knn_set_3_2_V, align 1

ST_5: knn_set_4_0_V_load [1/1] 0.00ns
:12  %knn_set_4_0_V_load = load i6* %knn_set_4_0_V, align 1

ST_5: knn_set_4_1_V_load [1/1] 0.00ns
:13  %knn_set_4_1_V_load = load i6* %knn_set_4_1_V, align 1

ST_5: knn_set_4_2_V_load [1/1] 0.00ns
:14  %knn_set_4_2_V_load = load i6* %knn_set_4_2_V, align 1

ST_5: knn_set_5_0_V_load [1/1] 0.00ns
:15  %knn_set_5_0_V_load = load i6* %knn_set_5_0_V, align 1

ST_5: knn_set_5_1_V_load [1/1] 0.00ns
:16  %knn_set_5_1_V_load = load i6* %knn_set_5_1_V, align 1

ST_5: knn_set_5_2_V_load [1/1] 0.00ns
:17  %knn_set_5_2_V_load = load i6* %knn_set_5_2_V, align 1

ST_5: knn_set_6_0_V_load [1/1] 0.00ns
:18  %knn_set_6_0_V_load = load i6* %knn_set_6_0_V, align 1

ST_5: knn_set_6_1_V_load [1/1] 0.00ns
:19  %knn_set_6_1_V_load = load i6* %knn_set_6_1_V, align 1

ST_5: knn_set_6_2_V_load [1/1] 0.00ns
:20  %knn_set_6_2_V_load = load i6* %knn_set_6_2_V, align 1

ST_5: knn_set_7_0_V_load [1/1] 0.00ns
:21  %knn_set_7_0_V_load = load i6* %knn_set_7_0_V, align 1

ST_5: knn_set_7_1_V_load [1/1] 0.00ns
:22  %knn_set_7_1_V_load = load i6* %knn_set_7_1_V, align 1

ST_5: knn_set_7_2_V_load [1/1] 0.00ns
:23  %knn_set_7_2_V_load = load i6* %knn_set_7_2_V, align 1

ST_5: knn_set_8_0_V_load [1/1] 0.00ns
:24  %knn_set_8_0_V_load = load i6* %knn_set_8_0_V, align 1

ST_5: knn_set_8_1_V_load [1/1] 0.00ns
:25  %knn_set_8_1_V_load = load i6* %knn_set_8_1_V, align 1

ST_5: knn_set_8_2_V_load [1/1] 0.00ns
:26  %knn_set_8_2_V_load = load i6* %knn_set_8_2_V, align 1

ST_5: knn_set_9_0_V_load [1/1] 0.00ns
:27  %knn_set_9_0_V_load = load i6* %knn_set_9_0_V, align 1

ST_5: knn_set_9_1_V_load [1/1] 0.00ns
:28  %knn_set_9_1_V_load = load i6* %knn_set_9_1_V, align 1

ST_5: knn_set_9_2_V_load [1/1] 0.00ns
:29  %knn_set_9_2_V_load = load i6* %knn_set_9_2_V, align 1

ST_5: agg_result_V_s [2/2] 8.46ns
:30  %agg_result_V_s = call fastcc i4 @digitrec_knn_vote(i6 %knn_set_0_0_V_load, i6 %knn_set_0_1_V_load, i6 %knn_set_0_2_V_load, i6 %knn_set_1_0_V_load, i6 %knn_set_1_1_V_load, i6 %knn_set_1_2_V_load, i6 %knn_set_2_0_V_load, i6 %knn_set_2_1_V_load, i6 %knn_set_2_2_V_load, i6 %knn_set_3_0_V_load, i6 %knn_set_3_1_V_load, i6 %knn_set_3_2_V_load, i6 %knn_set_4_0_V_load, i6 %knn_set_4_1_V_load, i6 %knn_set_4_2_V_load, i6 %knn_set_5_0_V_load, i6 %knn_set_5_1_V_load, i6 %knn_set_5_2_V_load, i6 %knn_set_6_0_V_load, i6 %knn_set_6_1_V_load, i6 %knn_set_6_2_V_load, i6 %knn_set_7_0_V_load, i6 %knn_set_7_1_V_load, i6 %knn_set_7_2_V_load, i6 %knn_set_8_0_V_load, i6 %knn_set_8_1_V_load, i6 %knn_set_8_2_V_load, i6 %knn_set_9_0_V_load, i6 %knn_set_9_1_V_load, i6 %knn_set_9_2_V_load)


 <State 6>: 8.73ns
ST_6: agg_result_V_s [1/2] 8.73ns
:30  %agg_result_V_s = call fastcc i4 @digitrec_knn_vote(i6 %knn_set_0_0_V_load, i6 %knn_set_0_1_V_load, i6 %knn_set_0_2_V_load, i6 %knn_set_1_0_V_load, i6 %knn_set_1_1_V_load, i6 %knn_set_1_2_V_load, i6 %knn_set_2_0_V_load, i6 %knn_set_2_1_V_load, i6 %knn_set_2_2_V_load, i6 %knn_set_3_0_V_load, i6 %knn_set_3_1_V_load, i6 %knn_set_3_2_V_load, i6 %knn_set_4_0_V_load, i6 %knn_set_4_1_V_load, i6 %knn_set_4_2_V_load, i6 %knn_set_5_0_V_load, i6 %knn_set_5_1_V_load, i6 %knn_set_5_2_V_load, i6 %knn_set_6_0_V_load, i6 %knn_set_6_1_V_load, i6 %knn_set_6_2_V_load, i6 %knn_set_7_0_V_load, i6 %knn_set_7_1_V_load, i6 %knn_set_7_2_V_load, i6 %knn_set_8_0_V_load, i6 %knn_set_8_1_V_load, i6 %knn_set_8_2_V_load, i6 %knn_set_9_0_V_load, i6 %knn_set_9_1_V_load, i6 %knn_set_9_2_V_load)

ST_6: stg_179 [1/1] 0.00ns
:31  ret i4 %agg_result_V_s



============================================================
+ Verbose Summary: Timing violations
============================================================
Target clock period: 10ns, clock uncertainty: 1.25ns.

 <State 4>: 10.7ns
The critical path consists of the following:
	'call' operation (digitrec.cpp:42) to 'digitrec_update_knn' (10.7 ns)


============================================================
+ Verbose Summary: Binding
============================================================
N/A
* FSMD analyzer results:
  - Output states:
 - Input state : 
  - Chain level:
	State 1
	State 2
	State 3
	State 4
	State 5
	State 6


============================================================
+ Verbose Summary: Datapath Resource usage 
============================================================
N/A
