

================================================================
== Vivado HLS Report for 'digitrec_update_knn'
================================================================
* Date:           Wed Jun 16 13:44:40 2021

* Version:        2016.2 (Build 1577090 on Thu Jun 02 16:59:10 MDT 2016)
* Project:        3-nn.prj
* Solution:       solution1
* Product family: zynq
* Target device:  xc7z020clg484-1


================================================================
== Performance Estimates
================================================================
+ Timing (ns): 
    * Summary: 
    +--------+-------+----------+------------+
    |  Clock | Target| Estimated| Uncertainty|
    +--------+-------+----------+------------+
    |ap_clk  |  10.00|      5.70|        1.25|
    +--------+-------+----------+------------+

+ Latency (clock cycles): 
    * Summary: 
    +-----+-----+-----+-----+---------+
    |  Latency  |  Interval | Pipeline|
    | min | max | min | max |   Type  |
    +-----+-----+-----+-----+---------+
    |    ?|    ?|    ?|    ?|   none  |
    +-----+-----+-----+-----+---------+

    + Detail: 
        * Instance: 
        N/A

        * Loop: 
        +-------------+-----+-----+----------+-----------+-----------+------+----------+
        |             |  Latency  | Iteration|  Initiation Interval  | Trip |          |
        |  Loop Name  | min | max |  Latency |  achieved |   target  | Count| Pipelined|
        +-------------+-----+-----+----------+-----------+-----------+------+----------+
        |- WHILE      |    ?|    ?|         1|          -|          -|     ?|    no    |
        |- UPDATEKNN  |    6|    6|         2|          -|          -|     3|    no    |
        +-------------+-----+-----+----------+-----------+-----------+------+----------+



================================================================
== Utilization Estimates
================================================================
* Summary: 
+-----------------+---------+-------+--------+-------+
|       Name      | BRAM_18K| DSP48E|   FF   |  LUT  |
+-----------------+---------+-------+--------+-------+
|DSP              |        -|      -|       -|      -|
|Expression       |        -|      -|       0|    243|
|FIFO             |        -|      -|       -|      -|
|Instance         |        -|      -|       -|      -|
|Memory           |        -|      -|       -|      -|
|Multiplexer      |        -|      -|       -|     69|
|Register         |        -|      -|      85|      -|
+-----------------+---------+-------+--------+-------+
|Total            |        0|      0|      85|    312|
+-----------------+---------+-------+--------+-------+
|Available        |      280|    220|  106400|  53200|
+-----------------+---------+-------+--------+-------+
|Utilization (%)  |        0|      0|   ~0   |   ~0  |
+-----------------+---------+-------+--------+-------+

+ Detail: 
    * Instance: 
    N/A

    * DSP48: 
    N/A

    * Memory: 
    N/A

    * FIFO: 
    N/A

    * Expression: 
    +-------------------------+----------+-------+---+----+------------+------------+
    |      Variable Name      | Operation| DSP48E| FF| LUT| Bitwidth P0| Bitwidth P1|
    +-------------------------+----------+-------+---+----+------------+------------+
    |count_V_fu_174_p2        |     +    |      0|  0|   6|           6|           1|
    |i_fu_198_p2              |     +    |      0|  0|   2|           2|           1|
    |tmp_5_i_fu_180_p2        |     +    |      0|  0|  49|          49|           2|
    |tmp_7_fu_222_p2          |     +    |      0|  0|   6|           6|           6|
    |tmp_8_fu_208_p2          |     +    |      0|  0|   6|           6|           6|
    |tmp_6_fu_152_p2          |     -    |      0|  0|   6|           6|           6|
    |tmp_6_i_fu_186_p2        |    and   |      0|  0|  67|          49|          49|
    |exitcond_fu_192_p2       |   icmp   |      0|  0|   1|           2|           2|
    |tmp_1_fu_258_p2          |   icmp   |      0|  0|   3|           6|           6|
    |tmp_3_fu_232_p2          |   icmp   |      0|  0|   3|           6|           6|
    |tmp_i_fu_168_p2          |   icmp   |      0|  0|  17|          49|           1|
    |i_val_V_026_s_fu_250_p3  |  select  |      0|  0|   4|           1|           4|
    |max_V_s_fu_242_p3        |  select  |      0|  0|   6|           1|           6|
    |r_V_fu_162_p2            |    xor   |      0|  0|  67|          49|          49|
    +-------------------------+----------+-------+---+----+------------+------------+
    |Total                    |          |      0|  0| 243|         238|         145|
    +-------------------------+----------+-------+---+----+------------+------------+

    * Multiplexer: 
    +--------------------------+----+-----------+-----+-----------+
    |           Name           | LUT| Input Size| Bits| Total Bits|
    +--------------------------+----+-----------+-----+-----------+
    |ap_NS_fsm                 |   1|          6|    1|          6|
    |distance_V_reg_82         |   6|          2|    6|         12|
    |min_distances_V_address0  |   5|          4|    5|         20|
    |n_V_buf_i_reg_95          |  49|          2|   49|         98|
    |p_s_reg_104               |   6|          2|    6|         12|
    |val_assign_reg_128        |   2|          2|    2|          4|
    +--------------------------+----+-----------+-----+-----------+
    |Total                     |  69|         18|   69|        152|
    +--------------------------+----+-----------+-----+-----------+

    * Register: 
    +------------------------------+----+----+-----+-----------+
    |             Name             | FF | LUT| Bits| Const Bits|
    +------------------------------+----+----+-----+-----------+
    |ap_CS_fsm                     |   5|   0|    5|          0|
    |distance_V_reg_82             |   6|   0|    6|          0|
    |i_reg_291                     |   2|   0|    2|          0|
    |min_distances_V_addr_reg_301  |   5|   0|    5|          0|
    |n_V_buf_i_reg_95              |  49|   0|   49|          0|
    |p_026_s_reg_116               |   4|   0|    4|          0|
    |p_s_reg_104                   |   6|   0|    6|          0|
    |tmp_6_reg_264                 |   6|   0|    6|          0|
    |val_assign_reg_128            |   2|   0|    2|          0|
    +------------------------------+----+----+-----+-----------+
    |Total                         |  85|   0|   85|          0|
    +------------------------------+----+----+-----+-----------+



================================================================
== Interface
================================================================
* Summary: 
+--------------------------+-----+-----+------------+---------------------+--------------+
|         RTL Ports        | Dir | Bits|  Protocol  |    Source Object    |    C Type    |
+--------------------------+-----+-----+------------+---------------------+--------------+
|ap_clk                    |  in |    1| ap_ctrl_hs | digitrec_update_knn | return value |
|ap_rst                    |  in |    1| ap_ctrl_hs | digitrec_update_knn | return value |
|ap_start                  |  in |    1| ap_ctrl_hs | digitrec_update_knn | return value |
|ap_done                   | out |    1| ap_ctrl_hs | digitrec_update_knn | return value |
|ap_idle                   | out |    1| ap_ctrl_hs | digitrec_update_knn | return value |
|ap_ready                  | out |    1| ap_ctrl_hs | digitrec_update_knn | return value |
|test_inst_V               |  in |   49|   ap_none  |     test_inst_V     |    scalar    |
|train_inst_V              |  in |   48|   ap_none  |     train_inst_V    |    scalar    |
|min_distances_V_address0  | out |    5|  ap_memory |   min_distances_V   |     array    |
|min_distances_V_ce0       | out |    1|  ap_memory |   min_distances_V   |     array    |
|min_distances_V_we0       | out |    1|  ap_memory |   min_distances_V   |     array    |
|min_distances_V_d0        | out |    6|  ap_memory |   min_distances_V   |     array    |
|min_distances_V_q0        |  in |    6|  ap_memory |   min_distances_V   |     array    |
|tmp_4                     |  in |    4|   ap_none  |        tmp_4        |    scalar    |
+--------------------------+-----+-----+------------+---------------------+--------------+

