

================================================================
== Vivado HLS Report for 'digitrec'
================================================================
* Date:           Wed Jun 16 13:44:41 2021

* Version:        2016.2 (Build 1577090 on Thu Jun 02 16:59:10 MDT 2016)
* Project:        3-nn.prj
* Solution:       solution1
* Product family: zynq
* Target device:  xc7z020clg484-1


================================================================
== Performance Estimates
================================================================
+ Timing (ns): 
    * Summary: 
    +--------+-------+----------+------------+
    |  Clock | Target| Estimated| Uncertainty|
    +--------+-------+----------+------------+
    |ap_clk  |  10.00|      5.70|        1.25|
    +--------+-------+----------+------------+

+ Latency (clock cycles): 
    * Summary: 
    +-----+-----+-----+-----+---------+
    |  Latency  |  Interval | Pipeline|
    | min | max | min | max |   Type  |
    +-----+-----+-----+-----+---------+
    |    ?|    ?|    ?|    ?|   none  |
    +-----+-----+-----+-----+---------+

    + Detail: 
        * Instance: 
        +--------------------------------+---------------------+-----+-----+-----+-----+---------+
        |                                |                     |  Latency  |  Interval | Pipeline|
        |            Instance            |        Module       | min | max | min | max |   Type  |
        +--------------------------------+---------------------+-----+-----+-----+-----+---------+
        |grp_digitrec_update_knn_fu_158  |digitrec_update_knn  |    ?|    ?|    ?|    ?|   none  |
        |grp_digitrec_knn_vote_fu_168    |digitrec_knn_vote    |   81|   81|   81|   81|   none  |
        +--------------------------------+---------------------+-----+-----+-----+-----+---------+

        * Loop: 
        +------------+-----+-----+----------+-----------+-----------+------+----------+
        |            |  Latency  | Iteration|  Initiation Interval  | Trip |          |
        |  Loop Name | min | max |  Latency |  achieved |   target  | Count| Pipelined|
        +------------+-----+-----+----------+-----------+-----------+------+----------+
        |- INIT      |   50|   50|         5|          -|          -|    10|    no    |
        | + INIT2    |    3|    3|         1|          -|          -|     3|    no    |
        |- MODIFY1   |    ?|    ?|         ?|          -|          -|  1800|    no    |
        | + MODIFY2  |    ?|    ?|         ?|          -|          -|    10|    no    |
        +------------+-----+-----+----------+-----------+-----------+------+----------+



================================================================
== Utilization Estimates
================================================================
* Summary: 
+-----------------+---------+-------+--------+-------+
|       Name      | BRAM_18K| DSP48E|   FF   |  LUT  |
+-----------------+---------+-------+--------+-------+
|DSP              |        -|      -|       -|      -|
|Expression       |        -|      -|       0|     72|
|FIFO             |        -|      -|       -|      -|
|Instance         |        -|      -|     155|    439|
|Memory           |       96|      -|      12|      3|
|Multiplexer      |        -|      -|       -|     53|
|Register         |        -|      -|     145|      -|
+-----------------+---------+-------+--------+-------+
|Total            |       96|      0|     312|    567|
+-----------------+---------+-------+--------+-------+
|Available        |      280|    220|  106400|  53200|
+-----------------+---------+-------+--------+-------+
|Utilization (%)  |       34|      0|   ~0   |      1|
+-----------------+---------+-------+--------+-------+

+ Detail: 
    * Instance: 
    +--------------------------------+---------------------+---------+-------+----+-----+
    |            Instance            |        Module       | BRAM_18K| DSP48E| FF | LUT |
    +--------------------------------+---------------------+---------+-------+----+-----+
    |grp_digitrec_knn_vote_fu_168    |digitrec_knn_vote    |        0|      0|  70|  127|
    |grp_digitrec_update_knn_fu_158  |digitrec_update_knn  |        0|      0|  85|  312|
    +--------------------------------+---------------------+---------+-------+----+-----+
    |Total                           |                     |        0|      0| 155|  439|
    +--------------------------------+---------------------+---------+-------+----+-----+

    * DSP48: 
    N/A

    * Memory: 
    +-------------------+--------------------------+---------+----+----+-------+-----+------+-------------+
    |       Memory      |          Module          | BRAM_18K| FF | LUT| Words | Bits| Banks| W*Bits*Banks|
    +-------------------+--------------------------+---------+----+----+-------+-----+------+-------------+
    |knn_set_V_U        |digitrec_knn_set_V        |        0|  12|   3|     30|    6|     1|          180|
    |training_data_V_U  |digitrec_training_data_V  |       96|   0|   0|  18000|   48|     1|       864000|
    +-------------------+--------------------------+---------+----+----+-------+-----+------+-------------+
    |Total              |                          |       96|  12|   3|  18030|   54|     2|       864180|
    +-------------------+--------------------------+---------+----+----+-------+-----+------+-------------+

    * FIFO: 
    N/A

    * Expression: 
    +---------------------+----------+-------+---+----+------------+------------+
    |    Variable Name    | Operation| DSP48E| FF| LUT| Bitwidth P0| Bitwidth P1|
    +---------------------+----------+-------+---+----+------------+------------+
    |i_1_fu_179_p2        |     +    |      0|  0|   4|           4|           1|
    |i_2_fu_239_p2        |     +    |      0|  0|  11|          11|           1|
    |j_1_fu_251_p2        |     +    |      0|  0|   4|           4|           1|
    |k_1_fu_209_p2        |     +    |      0|  0|   2|           2|           1|
    |next_mul_fu_257_p2   |     +    |      0|  0|  15|          15|          11|
    |tmp_2_fu_263_p2      |     +    |      0|  0|  15|          15|          15|
    |tmp_7_fu_219_p2      |     +    |      0|  0|   6|           6|           6|
    |tmp_4_fu_197_p2      |     -    |      0|  0|   6|           6|           6|
    |exitcond2_fu_173_p2  |   icmp   |      0|  0|   2|           4|           4|
    |exitcond3_fu_233_p2  |   icmp   |      0|  0|   4|          11|           9|
    |exitcond4_fu_203_p2  |   icmp   |      0|  0|   1|           2|           2|
    |exitcond_fu_245_p2   |   icmp   |      0|  0|   2|           4|           4|
    +---------------------+----------+-------+---+----+------------+------------+
    |Total                |          |      0|  0|  72|          84|          61|
    +---------------------+----------+-------+---+----+------------+------------+

    * Multiplexer: 
    +--------------------+----+-----------+-----+-----------+
    |        Name        | LUT| Input Size| Bits| Total Bits|
    +--------------------+----+-----------+-----+-----------+
    |ap_NS_fsm           |   4|          9|    1|          9|
    |i4_reg_124          |  11|          2|   11|         22|
    |i_reg_102           |   4|          2|    4|          8|
    |j_reg_135           |   4|          2|    4|          8|
    |k_reg_113           |   2|          2|    2|          4|
    |knn_set_V_address0  |   5|          4|    5|         20|
    |knn_set_V_ce0       |   1|          4|    1|          4|
    |knn_set_V_d0        |   6|          3|    6|         18|
    |knn_set_V_we0       |   1|          3|    1|          3|
    |phi_mul_reg_147     |  15|          2|   15|         30|
    +--------------------+----+-----------+-----+-----------+
    |Total               |  53|         33|   50|        126|
    +--------------------+----+-----------+-----+-----------+

    * Register: 
    +------------------------------------------------+----+----+-----+-----------+
    |                      Name                      | FF | LUT| Bits| Const Bits|
    +------------------------------------------------+----+----+-----+-----------+
    |ap_CS_fsm                                       |   8|   0|    8|          0|
    |ap_reg_grp_digitrec_knn_vote_fu_168_ap_start    |   1|   0|    1|          0|
    |ap_reg_grp_digitrec_update_knn_fu_158_ap_start  |   1|   0|    1|          0|
    |i4_cast3_reg_299                                |  11|   0|   15|          4|
    |i4_reg_124                                      |  11|   0|   11|          0|
    |i_1_reg_281                                     |   4|   0|    4|          0|
    |i_2_reg_307                                     |  11|   0|   11|          0|
    |i_reg_102                                       |   4|   0|    4|          0|
    |j_1_reg_315                                     |   4|   0|    4|          0|
    |j_reg_135                                       |   4|   0|    4|          0|
    |k_reg_113                                       |   2|   0|    2|          0|
    |next_mul_reg_320                                |  15|   0|   15|          0|
    |phi_mul_reg_147                                 |  15|   0|   15|          0|
    |tmp_4_reg_286                                   |   6|   0|    6|          0|
    |training_instance_V_reg_330                     |  48|   0|   48|          0|
    +------------------------------------------------+----+----+-----+-----------+
    |Total                                           | 145|   0|  149|          4|
    +------------------------------------------------+----+----+-----+-----------+



================================================================
== Interface
================================================================
* Summary: 
+-----------+-----+-----+------------+--------------+--------------+
| RTL Ports | Dir | Bits|  Protocol  | Source Object|    C Type    |
+-----------+-----+-----+------------+--------------+--------------+
|ap_clk     |  in |    1| ap_ctrl_hs |   digitrec   | return value |
|ap_rst     |  in |    1| ap_ctrl_hs |   digitrec   | return value |
|ap_start   |  in |    1| ap_ctrl_hs |   digitrec   | return value |
|ap_done    | out |    1| ap_ctrl_hs |   digitrec   | return value |
|ap_idle    | out |    1| ap_ctrl_hs |   digitrec   | return value |
|ap_ready   | out |    1| ap_ctrl_hs |   digitrec   | return value |
|ap_return  | out |    4| ap_ctrl_hs |   digitrec   | return value |
|input_V    |  in |   49|   ap_none  |    input_V   |    scalar    |
+-----------+-----+-----+------------+--------------+--------------+

