

================================================================
== Vivado HLS Report for 'digitrec_knn_vote'
================================================================
* Date:           Fri Jun 18 23:27:19 2021

* Version:        2016.2 (Build 1577090 on Thu Jun 02 16:59:10 MDT 2016)
* Project:        2-nn.prj
* Solution:       solution1
* Product family: zynq
* Target device:  xc7z020clg484-1


================================================================
== Performance Estimates
================================================================
+ Timing (ns): 
    * Summary: 
    +--------+-------+----------+------------+
    |  Clock | Target| Estimated| Uncertainty|
    +--------+-------+----------+------------+
    |ap_clk  |  10.00|      8.64|        1.25|
    +--------+-------+----------+------------+

+ Latency (clock cycles): 
    * Summary: 
    +-----+-----+-----+-----+---------+
    |  Latency  |  Interval | Pipeline|
    | min | max | min | max |   Type  |
    +-----+-----+-----+-----+---------+
    |    3|    3|    3|    3|   none  |
    +-----+-----+-----+-----+---------+

    + Detail: 
        * Instance: 
        N/A

        * Loop: 
        N/A



================================================================
== Utilization Estimates
================================================================
* Summary: 
+-----------------+---------+-------+--------+-------+
|       Name      | BRAM_18K| DSP48E|   FF   |  LUT  |
+-----------------+---------+-------+--------+-------+
|DSP              |        -|      -|       -|      -|
|Expression       |        -|      -|       0|    184|
|FIFO             |        -|      -|       -|      -|
|Instance         |        -|      -|       -|      -|
|Memory           |        -|      -|       -|      -|
|Multiplexer      |        -|      -|       -|      5|
|Register         |        -|      -|      44|      -|
+-----------------+---------+-------+--------+-------+
|Total            |        0|      0|      44|    189|
+-----------------+---------+-------+--------+-------+
|Available        |      280|    220|  106400|  53200|
+-----------------+---------+-------+--------+-------+
|Utilization (%)  |        0|      0|   ~0   |   ~0  |
+-----------------+---------+-------+--------+-------+

+ Detail: 
    * Instance: 
    N/A

    * DSP48: 
    N/A

    * Memory: 
    N/A

    * FIFO: 
    N/A

    * Expression: 
    +--------------------------------------------+----------+-------+---+----+------------+------------+
    |                Variable Name               | Operation| DSP48E| FF| LUT| Bitwidth P0| Bitwidth P1|
    +--------------------------------------------+----------+-------+---+----+------------+------------+
    |sum_0_1_fu_186_p2                           |     +    |      0|  0|   7|           7|           7|
    |sum_1_1_fu_200_p2                           |     +    |      0|  0|   7|           7|           7|
    |sum_2_1_fu_228_p2                           |     +    |      0|  0|   7|           7|           7|
    |sum_3_1_fu_256_p2                           |     +    |      0|  0|   7|           7|           7|
    |sum_4_1_fu_282_p2                           |     +    |      0|  0|   7|           7|           7|
    |sum_5_1_fu_336_p2                           |     +    |      0|  0|   7|           7|           7|
    |sum_6_1_fu_383_p2                           |     +    |      0|  0|   7|           7|           7|
    |sum_7_1_fu_411_p2                           |     +    |      0|  0|   7|           7|           7|
    |sum_8_1_fu_459_p2                           |     +    |      0|  0|   7|           7|           7|
    |sum_9_1_fu_487_p2                           |     +    |      0|  0|   7|           7|           7|
    |tmp_6_1_fu_206_p2                           |   icmp   |      0|  0|   3|           7|           7|
    |tmp_6_2_fu_234_p2                           |   icmp   |      0|  0|   3|           7|           7|
    |tmp_6_3_fu_262_p2                           |   icmp   |      0|  0|   3|           7|           7|
    |tmp_6_4_fu_288_p2                           |   icmp   |      0|  0|   3|           7|           7|
    |tmp_6_5_fu_342_p2                           |   icmp   |      0|  0|   3|           7|           7|
    |tmp_6_6_fu_389_p2                           |   icmp   |      0|  0|   3|           7|           7|
    |tmp_6_7_fu_417_p2                           |   icmp   |      0|  0|   3|           7|           7|
    |tmp_6_8_fu_465_p2                           |   icmp   |      0|  0|   3|           7|           7|
    |tmp_6_9_fu_493_p2                           |   icmp   |      0|  0|   3|           7|           7|
    |tmp_1_fu_355_p2                             |    or    |      0|  0|   1|           1|           1|
    |tmp_2_fu_429_p2                             |    or    |      0|  0|   1|           1|           1|
    |tmp_3_fu_507_p2                             |    or    |      0|  0|   1|           1|           1|
    |tmp_s_fu_312_p2                             |    or    |      0|  0|   1|           1|           1|
    |agg_result_V_0_agg_result_V_02_2_fu_305_p3  |  select  |      0|  0|   3|           1|           2|
    |agg_result_V_0_agg_result_V_02_3_fu_316_p3  |  select  |      0|  0|   2|           1|           2|
    |agg_result_V_0_agg_result_V_02_4_fu_347_p3  |  select  |      0|  0|   4|           1|           3|
    |agg_result_V_0_agg_result_V_02_5_fu_360_p3  |  select  |      0|  0|   3|           1|           3|
    |agg_result_V_0_agg_result_V_02_7_fu_434_p3  |  select  |      0|  0|   3|           1|           3|
    |agg_result_V_0_agg_result_V_02_8_fu_499_p3  |  select  |      0|  0|   5|           1|           4|
    |agg_result_V_0_agg_result_V_02_9_fu_513_p3  |  select  |      0|  0|   4|           1|           4|
    |agg_result_V_0_agg_result_V_02_fu_421_p3    |  select  |      0|  0|   3|           1|           2|
    |min_2_min_1_fu_212_p3                       |  select  |      0|  0|   7|           1|           7|
    |min_2_min_2_fu_240_p3                       |  select  |      0|  0|   7|           1|           7|
    |min_2_min_3_fu_267_p3                       |  select  |      0|  0|   7|           1|           7|
    |min_2_min_4_fu_294_p3                       |  select  |      0|  0|   7|           1|           7|
    |min_2_min_5_fu_368_p3                       |  select  |      0|  0|   7|           1|           7|
    |min_2_min_6_fu_395_p3                       |  select  |      0|  0|   7|           1|           7|
    |min_2_min_7_fu_445_p3                       |  select  |      0|  0|   7|           1|           7|
    |min_2_min_8_fu_471_p3                       |  select  |      0|  0|   7|           1|           7|
    +--------------------------------------------+----------+-------+---+----+------------+------------+
    |Total                                       |          |      0|  0| 184|         153|         216|
    +--------------------------------------------+----------+-------+---+----+------------+------------+

    * Multiplexer: 
    +-----------+----+-----------+-----+-----------+
    |    Name   | LUT| Input Size| Bits| Total Bits|
    +-----------+----+-----------+-----+-----------+
    |ap_NS_fsm  |   1|          5|    1|          5|
    |ap_return  |   4|          2|    4|          8|
    +-----------+----+-----------+-----+-----------+
    |Total      |   5|          7|    5|         13|
    +-----------+----+-----------+-----+-----------+

    * Register: 
    +------------------------------------------+---+----+-----+-----------+
    |                   Name                   | FF| LUT| Bits| Const Bits|
    +------------------------------------------+---+----+-----+-----------+
    |agg_result_V_0_agg_result_V_02_5_reg_554  |  3|   0|    3|          0|
    |ap_CS_fsm                                 |  4|   0|    4|          0|
    |ap_return_preg                            |  4|   0|    4|          0|
    |min_2_min_2_reg_531                       |  7|   0|    7|          0|
    |min_2_min_4_reg_548                       |  7|   0|    7|          0|
    |min_2_min_6_reg_564                       |  7|   0|    7|          0|
    |sum_7_1_reg_570                           |  7|   0|    7|          0|
    |tmp_6_1_reg_521                           |  1|   0|    1|          0|
    |tmp_6_2_reg_526                           |  1|   0|    1|          0|
    |tmp_6_3_reg_537                           |  1|   0|    1|          0|
    |tmp_6_4_reg_543                           |  1|   0|    1|          0|
    |tmp_6_6_reg_559                           |  1|   0|    1|          0|
    +------------------------------------------+---+----+-----+-----------+
    |Total                                     | 44|   0|   44|          0|
    +------------------------------------------+---+----+-----+-----------+



================================================================
== Interface
================================================================
* Summary: 
+--------------------+-----+-----+------------+--------------------+--------------+
|      RTL Ports     | Dir | Bits|  Protocol  |    Source Object   |    C Type    |
+--------------------+-----+-----+------------+--------------------+--------------+
|ap_clk              |  in |    1| ap_ctrl_hs |  digitrec_knn_vote | return value |
|ap_rst              |  in |    1| ap_ctrl_hs |  digitrec_knn_vote | return value |
|ap_start            |  in |    1| ap_ctrl_hs |  digitrec_knn_vote | return value |
|ap_done             | out |    1| ap_ctrl_hs |  digitrec_knn_vote | return value |
|ap_idle             | out |    1| ap_ctrl_hs |  digitrec_knn_vote | return value |
|ap_ready            | out |    1| ap_ctrl_hs |  digitrec_knn_vote | return value |
|ap_return           | out |    4| ap_ctrl_hs |  digitrec_knn_vote | return value |
|knn_set_0_0_V_read  |  in |    6|   ap_none  | knn_set_0_0_V_read |    scalar    |
|knn_set_0_1_V_read  |  in |    6|   ap_none  | knn_set_0_1_V_read |    scalar    |
|knn_set_1_0_V_read  |  in |    6|   ap_none  | knn_set_1_0_V_read |    scalar    |
|knn_set_1_1_V_read  |  in |    6|   ap_none  | knn_set_1_1_V_read |    scalar    |
|knn_set_2_0_V_read  |  in |    6|   ap_none  | knn_set_2_0_V_read |    scalar    |
|knn_set_2_1_V_read  |  in |    6|   ap_none  | knn_set_2_1_V_read |    scalar    |
|knn_set_3_0_V_read  |  in |    6|   ap_none  | knn_set_3_0_V_read |    scalar    |
|knn_set_3_1_V_read  |  in |    6|   ap_none  | knn_set_3_1_V_read |    scalar    |
|knn_set_4_0_V_read  |  in |    6|   ap_none  | knn_set_4_0_V_read |    scalar    |
|knn_set_4_1_V_read  |  in |    6|   ap_none  | knn_set_4_1_V_read |    scalar    |
|knn_set_5_0_V_read  |  in |    6|   ap_none  | knn_set_5_0_V_read |    scalar    |
|knn_set_5_1_V_read  |  in |    6|   ap_none  | knn_set_5_1_V_read |    scalar    |
|knn_set_6_0_V_read  |  in |    6|   ap_none  | knn_set_6_0_V_read |    scalar    |
|knn_set_6_1_V_read  |  in |    6|   ap_none  | knn_set_6_1_V_read |    scalar    |
|knn_set_7_0_V_read  |  in |    6|   ap_none  | knn_set_7_0_V_read |    scalar    |
|knn_set_7_1_V_read  |  in |    6|   ap_none  | knn_set_7_1_V_read |    scalar    |
|knn_set_8_0_V_read  |  in |    6|   ap_none  | knn_set_8_0_V_read |    scalar    |
|knn_set_8_1_V_read  |  in |    6|   ap_none  | knn_set_8_1_V_read |    scalar    |
|knn_set_9_0_V_read  |  in |    6|   ap_none  | knn_set_9_0_V_read |    scalar    |
|knn_set_9_1_V_read  |  in |    6|   ap_none  | knn_set_9_1_V_read |    scalar    |
+--------------------+-----+-----+------------+--------------------+--------------+

