

================================================================
== Vivado HLS Report for 'digitrec_update_knn'
================================================================
* Date:           Fri Jun 18 23:26:16 2021

* Version:        2016.2 (Build 1577090 on Thu Jun 02 16:59:10 MDT 2016)
* Project:        1-nn.prj
* Solution:       solution1
* Product family: zynq
* Target device:  xc7z020clg484-1


================================================================
== Performance Estimates
================================================================
+ Timing (ns): 
    * Summary: 
    +--------+-------+----------+------------+
    |  Clock | Target| Estimated| Uncertainty|
    +--------+-------+----------+------------+
    |ap_clk  |  10.00|     10.65|        1.25|
    +--------+-------+----------+------------+

+ Latency (clock cycles): 
    * Summary: 
    +-----+-----+-----+-----+----------+
    |  Latency  |  Interval | Pipeline |
    | min | max | min | max |   Type   |
    +-----+-----+-----+-----+----------+
    |    0|    0|    1|    1| function |
    +-----+-----+-----+-----+----------+

    + Detail: 
        * Instance: 
        +------------------------------------+-------------------+-----+-----+-----+-----+----------+
        |                                    |                   |  Latency  |  Interval | Pipeline |
        |              Instance              |       Module      | min | max | min | max |   Type   |
        +------------------------------------+-------------------+-----+-----+-----+-----+----------+
        |distance_V_digitrec_bitcount_fu_51  |digitrec_bitcount  |    0|    0|    1|    1| function |
        +------------------------------------+-------------------+-----+-----+-----+-----+----------+

        * Loop: 
        N/A



================================================================
== Utilization Estimates
================================================================
* Summary: 
+-----------------+---------+-------+--------+-------+
|       Name      | BRAM_18K| DSP48E|   FF   |  LUT  |
+-----------------+---------+-------+--------+-------+
|DSP              |        -|      -|       -|      -|
|Expression       |        -|      -|       0|     70|
|FIFO             |        -|      -|       -|      -|
|Instance         |        -|      -|       0|    105|
|Memory           |        -|      -|       -|      -|
|Multiplexer      |        -|      -|       -|      6|
|Register         |        -|      -|       -|      -|
+-----------------+---------+-------+--------+-------+
|Total            |        0|      0|       0|    181|
+-----------------+---------+-------+--------+-------+
|Available        |      280|    220|  106400|  53200|
+-----------------+---------+-------+--------+-------+
|Utilization (%)  |        0|      0|       0|   ~0  |
+-----------------+---------+-------+--------+-------+

+ Detail: 
    * Instance: 
    +------------------------------------+-------------------+---------+-------+---+-----+
    |              Instance              |       Module      | BRAM_18K| DSP48E| FF| LUT |
    +------------------------------------+-------------------+---------+-------+---+-----+
    |distance_V_digitrec_bitcount_fu_51  |digitrec_bitcount  |        0|      0|  0|  105|
    +------------------------------------+-------------------+---------+-------+---+-----+
    |Total                               |                   |        0|      0|  0|  105|
    +------------------------------------+-------------------+---------+-------+---+-----+

    * DSP48: 
    N/A

    * Memory: 
    N/A

    * FIFO: 
    N/A

    * Expression: 
    +----------------------------------------+----------+-------+---+----+------------+------------+
    |              Variable Name             | Operation| DSP48E| FF| LUT| Bitwidth P0| Bitwidth P1|
    +----------------------------------------+----------+-------+---+----+------------+------------+
    |tmp_1_fu_68_p2                          |   icmp   |      0|  0|   3|           6|           6|
    |distance_V_digitrec_bitcount_fu_51_n_V  |    xor   |      0|  0|  67|          49|          49|
    +----------------------------------------+----------+-------+---+----+------------+------------+
    |Total                                   |          |      0|  0|  70|          55|          55|
    +----------------------------------------+----------+-------+---+----+------------+------------+

    * Multiplexer: 
    +-------------------+----+-----------+-----+-----------+
    |        Name       | LUT| Input Size| Bits| Total Bits|
    +-------------------+----+-----------+-----+-----------+
    |min_distances_V_o  |   6|          2|    6|         12|
    +-------------------+----+-----------+-----+-----------+
    |Total              |   6|          2|    6|         12|
    +-------------------+----+-----------+-----+-----------+

    * Register: 
    N/A



================================================================
== Interface
================================================================
* Summary: 
+--------------------------+-----+-----+---------+-----------------+---------+
|         RTL Ports        | Dir | Bits| Protocol|  Source Object  |  C Type |
+--------------------------+-----+-----+---------+-----------------+---------+
|test_inst_V               |  in |   49| ap_none |   test_inst_V   |  scalar |
|train_inst_V              |  in |   48| ap_none |   train_inst_V  |  scalar |
|min_distances_V_i         |  in |    6| ap_ovld | min_distances_V | pointer |
|min_distances_V_o         | out |    6| ap_ovld | min_distances_V | pointer |
|min_distances_V_o_ap_vld  | out |    1| ap_ovld | min_distances_V | pointer |
+--------------------------+-----+-----+---------+-----------------+---------+

