

================================================================
== Vivado HLS Report for 'digitrec_knn_vote'
================================================================
* Date:           Fri Jun 18 23:26:17 2021

* Version:        2016.2 (Build 1577090 on Thu Jun 02 16:59:10 MDT 2016)
* Project:        1-nn.prj
* Solution:       solution1
* Product family: zynq
* Target device:  xc7z020clg484-1


================================================================
== Performance Estimates
================================================================
+ Timing (ns): 
    * Summary: 
    +--------+-------+----------+------------+
    |  Clock | Target| Estimated| Uncertainty|
    +--------+-------+----------+------------+
    |ap_clk  |  10.00|      8.55|        1.25|
    +--------+-------+----------+------------+

+ Latency (clock cycles): 
    * Summary: 
    +-----+-----+-----+-----+---------+
    |  Latency  |  Interval | Pipeline|
    | min | max | min | max |   Type  |
    +-----+-----+-----+-----+---------+
    |    3|    3|    3|    3|   none  |
    +-----+-----+-----+-----+---------+

    + Detail: 
        * Instance: 
        N/A

        * Loop: 
        N/A



================================================================
== Utilization Estimates
================================================================
* Summary: 
+-----------------+---------+-------+--------+-------+
|       Name      | BRAM_18K| DSP48E|   FF   |  LUT  |
+-----------------+---------+-------+--------+-------+
|DSP              |        -|      -|       -|      -|
|Expression       |        -|      -|       0|    106|
|FIFO             |        -|      -|       -|      -|
|Instance         |        -|      -|       -|      -|
|Memory           |        -|      -|       -|      -|
|Multiplexer      |        -|      -|       -|      5|
|Register         |        -|      -|      34|      -|
+-----------------+---------+-------+--------+-------+
|Total            |        0|      0|      34|    111|
+-----------------+---------+-------+--------+-------+
|Available        |      280|    220|  106400|  53200|
+-----------------+---------+-------+--------+-------+
|Utilization (%)  |        0|      0|   ~0   |   ~0  |
+-----------------+---------+-------+--------+-------+

+ Detail: 
    * Instance: 
    N/A

    * DSP48: 
    N/A

    * Memory: 
    N/A

    * FIFO: 
    N/A

    * Expression: 
    +--------------------------------------------+----------+-------+---+----+------------+------------+
    |                Variable Name               | Operation| DSP48E| FF| LUT| Bitwidth P0| Bitwidth P1|
    +--------------------------------------------+----------+-------+---+----+------------+------------+
    |tmp_3_1_fu_98_p2                            |   icmp   |      0|  0|   3|           6|           6|
    |tmp_3_2_fu_112_p2                           |   icmp   |      0|  0|   3|           6|           6|
    |tmp_3_3_fu_126_p2                           |   icmp   |      0|  0|   3|           6|           6|
    |tmp_3_4_fu_138_p2                           |   icmp   |      0|  0|   3|           6|           6|
    |tmp_3_5_fu_178_p2                           |   icmp   |      0|  0|   3|           6|           6|
    |tmp_3_6_fu_211_p2                           |   icmp   |      0|  0|   3|           6|           6|
    |tmp_3_7_fu_225_p2                           |   icmp   |      0|  0|   3|           6|           6|
    |tmp_3_8_fu_261_p2                           |   icmp   |      0|  0|   3|           6|           6|
    |tmp_3_9_fu_275_p2                           |   icmp   |      0|  0|   3|           6|           6|
    |tmp_1_fu_238_p2                             |    or    |      0|  0|   1|           1|           1|
    |tmp_2_fu_289_p2                             |    or    |      0|  0|   1|           1|           1|
    |tmp_8_fu_162_p2                             |    or    |      0|  0|   1|           1|           1|
    |tmp_s_fu_191_p2                             |    or    |      0|  0|   1|           1|           1|
    |agg_result_V_0_agg_result_V_02_2_fu_155_p3  |  select  |      0|  0|   3|           1|           2|
    |agg_result_V_0_agg_result_V_02_3_fu_166_p3  |  select  |      0|  0|   2|           1|           2|
    |agg_result_V_0_agg_result_V_02_4_fu_183_p3  |  select  |      0|  0|   4|           1|           3|
    |agg_result_V_0_agg_result_V_02_5_fu_196_p3  |  select  |      0|  0|   3|           1|           3|
    |agg_result_V_0_agg_result_V_02_7_fu_243_p3  |  select  |      0|  0|   3|           1|           3|
    |agg_result_V_0_agg_result_V_02_8_fu_281_p3  |  select  |      0|  0|   5|           1|           4|
    |agg_result_V_0_agg_result_V_02_9_fu_295_p3  |  select  |      0|  0|   4|           1|           4|
    |agg_result_V_0_agg_result_V_02_fu_230_p3    |  select  |      0|  0|   3|           1|           2|
    |tmp_2_min_1_v_fu_104_p3                     |  select  |      0|  0|   6|           1|           6|
    |tmp_2_min_2_v_fu_118_p3                     |  select  |      0|  0|   6|           1|           6|
    |tmp_2_min_3_v_fu_131_p3                     |  select  |      0|  0|   6|           1|           6|
    |tmp_2_min_4_v_fu_144_p3                     |  select  |      0|  0|   6|           1|           6|
    |tmp_2_min_5_v_fu_204_p3                     |  select  |      0|  0|   6|           1|           6|
    |tmp_2_min_6_v_fu_217_p3                     |  select  |      0|  0|   6|           1|           6|
    |tmp_2_min_7_v_fu_254_p3                     |  select  |      0|  0|   6|           1|           6|
    |tmp_2_min_8_v_fu_267_p3                     |  select  |      0|  0|   6|           1|           6|
    +--------------------------------------------+----------+-------+---+----+------------+------------+
    |Total                                       |          |      0|  0| 106|          74|         129|
    +--------------------------------------------+----------+-------+---+----+------------+------------+

    * Multiplexer: 
    +-----------+----+-----------+-----+-----------+
    |    Name   | LUT| Input Size| Bits| Total Bits|
    +-----------+----+-----------+-----+-----------+
    |ap_NS_fsm  |   1|          5|    1|          5|
    |ap_return  |   4|          2|    4|          8|
    +-----------+----+-----------+-----+-----------+
    |Total      |   5|          7|    5|         13|
    +-----------+----+-----------+-----+-----------+

    * Register: 
    +------------------------------------------+---+----+-----+-----------+
    |                   Name                   | FF| LUT| Bits| Const Bits|
    +------------------------------------------+---+----+-----+-----------+
    |agg_result_V_0_agg_result_V_02_5_reg_336  |  3|   0|    3|          0|
    |ap_CS_fsm                                 |  4|   0|    4|          0|
    |ap_return_preg                            |  4|   0|    4|          0|
    |tmp_2_min_2_v_reg_313                     |  6|   0|    6|          0|
    |tmp_2_min_4_v_reg_330                     |  6|   0|    6|          0|
    |tmp_2_min_6_v_reg_346                     |  6|   0|    6|          0|
    |tmp_3_1_reg_303                           |  1|   0|    1|          0|
    |tmp_3_2_reg_308                           |  1|   0|    1|          0|
    |tmp_3_3_reg_319                           |  1|   0|    1|          0|
    |tmp_3_4_reg_325                           |  1|   0|    1|          0|
    |tmp_3_6_reg_341                           |  1|   0|    1|          0|
    +------------------------------------------+---+----+-----+-----------+
    |Total                                     | 34|   0|   34|          0|
    +------------------------------------------+---+----+-----+-----------+



================================================================
== Interface
================================================================
* Summary: 
+-----------+-----+-----+------------+-------------------+--------------+
| RTL Ports | Dir | Bits|  Protocol  |   Source Object   |    C Type    |
+-----------+-----+-----+------------+-------------------+--------------+
|ap_clk     |  in |    1| ap_ctrl_hs | digitrec_knn_vote | return value |
|ap_rst     |  in |    1| ap_ctrl_hs | digitrec_knn_vote | return value |
|ap_start   |  in |    1| ap_ctrl_hs | digitrec_knn_vote | return value |
|ap_done    | out |    1| ap_ctrl_hs | digitrec_knn_vote | return value |
|ap_idle    | out |    1| ap_ctrl_hs | digitrec_knn_vote | return value |
|ap_ready   | out |    1| ap_ctrl_hs | digitrec_knn_vote | return value |
|ap_return  | out |    4| ap_ctrl_hs | digitrec_knn_vote | return value |
|p_read     |  in |    6|   ap_none  |       p_read      |    scalar    |
|p_read1    |  in |    6|   ap_none  |      p_read1      |    scalar    |
|p_read2    |  in |    6|   ap_none  |      p_read2      |    scalar    |
|p_read3    |  in |    6|   ap_none  |      p_read3      |    scalar    |
|p_read4    |  in |    6|   ap_none  |      p_read4      |    scalar    |
|p_read5    |  in |    6|   ap_none  |      p_read5      |    scalar    |
|p_read6    |  in |    6|   ap_none  |      p_read6      |    scalar    |
|p_read7    |  in |    6|   ap_none  |      p_read7      |    scalar    |
|p_read8    |  in |    6|   ap_none  |      p_read8      |    scalar    |
|p_read9    |  in |    6|   ap_none  |      p_read9      |    scalar    |
+-----------+-----+-----+------------+-------------------+--------------+

