

================================================================
== Vivado HLS Report for 'digitrec_update_knn'
================================================================
* Date:           Fri Jun 18 23:29:27 2021

* Version:        2016.2 (Build 1577090 on Thu Jun 02 16:59:10 MDT 2016)
* Project:        4-nn.prj
* Solution:       solution1
* Product family: zynq
* Target device:  xc7z020clg484-1


================================================================
== Performance Estimates
================================================================
+ Timing (ns): 
    * Summary: 
    +--------+-------+----------+------------+
    |  Clock | Target| Estimated| Uncertainty|
    +--------+-------+----------+------------+
    |ap_clk  |  10.00|     13.54|        1.25|
    +--------+-------+----------+------------+

+ Latency (clock cycles): 
    * Summary: 
    +-----+-----+-----+-----+----------+
    |  Latency  |  Interval | Pipeline |
    | min | max | min | max |   Type   |
    +-----+-----+-----+-----+----------+
    |    1|    1|    1|    1| function |
    +-----+-----+-----+-----+----------+

    + Detail: 
        * Instance: 
        N/A

        * Loop: 
        N/A

============================================================
+ Verbose Summary: Synthesis Manager
============================================================
InlineROM: 1
ExposeGlobal: 0
============================================================
+ Verbose Summary: CDFG Model
============================================================
IsTopModel: 0
ResetActiveHigh: 1
IsCombinational: 0
IsDatapathOnly: 0
HasWiredReturn: 1
HasMFsm: 2
HasVarLatency: 0
IsPipeline: 1
IsRtlPipelined: 1
IsInstanceOverlapped: 0
IsDontTouch: 0
HasImplIP: 0
IsGatedGlobalClock: 0

+ Individual pipeline summary: 
  * Pipeline-0: initiation interval (II) = 1, depth = 2


============================================================
+ Verbose Summary: Schedule
============================================================
* Number of FSM states: 2
* Pipeline: 1
  Pipeline-0: II = 1, D = 2, States = { 1 2 }
* Dataflow Pipeline: 0

* FSM state transitions: 
1 --> 
	2  / true
2 --> 
* FSM state operations: 

 <State 1>: 13.54ns
ST_1: train_inst_V_read [1/1] 1.48ns
branch5:0  %train_inst_V_read = call i48 @_ssdm_op_Read.ap_auto.i48(i48 %train_inst_V)

ST_1: test_inst_V_read [1/1] 1.48ns
branch5:1  %test_inst_V_read = call i49 @_ssdm_op_Read.ap_auto.i49(i49 %test_inst_V)

ST_1: train_inst_V_cast [1/1] 0.00ns
branch5:2  %train_inst_V_cast = zext i48 %train_inst_V_read to i49

ST_1: r_V [1/1] 1.37ns
branch5:4  %r_V = xor i49 %train_inst_V_cast, %test_inst_V_read

ST_1: distance_V [1/1] 5.87ns
branch5:5  %distance_V = call fastcc i6 @digitrec_bitcount(i49 %r_V)

ST_1: min_distances_0_V_read [1/1] 1.48ns
branch5:6  %min_distances_0_V_read = call i6 @_ssdm_op_Read.ap_auto.i6P(i6* %min_distances_0_V)

ST_1: min_distances_1_V_read [1/1] 1.48ns
branch5:7  %min_distances_1_V_read = call i6 @_ssdm_op_Read.ap_auto.i6P(i6* %min_distances_1_V)

ST_1: tmp_3_1 [1/1] 1.94ns
branch5:8  %tmp_3_1 = icmp ugt i6 %min_distances_1_V_read, %min_distances_0_V_read

ST_1: p_030_1_1 [1/1] 1.37ns
branch5:9  %p_030_1_1 = select i1 %tmp_3_1, i6 %min_distances_1_V_read, i6 %min_distances_0_V_read

ST_1: p_026_1_1 [1/1] 0.00ns (grouped into LUT with out node p_026_1_3)
branch5:10  %p_026_1_1 = zext i1 %tmp_3_1 to i2

ST_1: min_distances_2_V_read [1/1] 1.48ns
branch5:11  %min_distances_2_V_read = call i6 @_ssdm_op_Read.ap_auto.i6P(i6* %min_distances_2_V)

ST_1: tmp_3_2 [1/1] 1.94ns
branch5:12  %tmp_3_2 = icmp ugt i6 %min_distances_2_V_read, %p_030_1_1

ST_1: p_030_1_2 [1/1] 0.00ns (grouped into LUT with out node tmp_3_3)
branch5:13  %p_030_1_2 = select i1 %tmp_3_2, i6 %min_distances_2_V_read, i6 %p_030_1_1

ST_1: min_distances_3_V_read [1/1] 1.48ns
branch5:14  %min_distances_3_V_read = call i6 @_ssdm_op_Read.ap_auto.i6P(i6* %min_distances_3_V)

ST_1: tmp_3_3 [1/1] 1.94ns (out node of the LUT)
branch5:15  %tmp_3_3 = icmp ugt i6 %min_distances_3_V_read, %p_030_1_2

ST_1: p_026_1_2 [1/1] 0.00ns (grouped into LUT with out node p_026_1_3)
branch5:16  %p_026_1_2 = select i1 %tmp_3_3, i2 -1, i2 -2

ST_1: tmp_9 [1/1] 0.00ns (grouped into LUT with out node p_026_1_3)
branch5:17  %tmp_9 = or i1 %tmp_3_3, %tmp_3_2

ST_1: p_026_1_3 [1/1] 1.37ns (out node of the LUT)
branch5:18  %p_026_1_3 = select i1 %tmp_9, i2 %p_026_1_2, i2 %p_026_1_1

ST_1: tmp [1/1] 1.57ns
branch5:19  %tmp = call i6 @_ssdm_op_Mux.ap_auto.4i6.i2(i6 %min_distances_0_V_read, i6 %min_distances_1_V_read, i6 %min_distances_2_V_read, i6 %min_distances_3_V_read, i2 %p_026_1_3)

ST_1: tmp_1 [1/1] 1.94ns
branch5:20  %tmp_1 = icmp ult i6 %distance_V, %tmp

ST_1: stg_23 [1/1] 0.00ns
branch5:21  br i1 %tmp_1, label %branch0, label %._crit_edge54

ST_1: stg_24 [1/1] 0.00ns
branch211:0  call void @_ssdm_op_Write.ap_auto.i6P(i6* %min_distances_2_V, i6 %distance_V)

ST_1: stg_25 [1/1] 0.00ns
branch110:0  call void @_ssdm_op_Write.ap_auto.i6P(i6* %min_distances_1_V, i6 %distance_V)

ST_1: stg_26 [1/1] 0.00ns
branch09:0  call void @_ssdm_op_Write.ap_auto.i6P(i6* %min_distances_0_V, i6 %distance_V)

ST_1: stg_27 [1/1] 0.00ns
branch312:0  call void @_ssdm_op_Write.ap_auto.i6P(i6* %min_distances_3_V, i6 %distance_V)


 <State 2>: 1.88ns
ST_2: stg_28 [1/1] 0.00ns
branch5:3  call void (...)* @_ssdm_op_SpecPipeline(i32 -1, i32 1, i32 1, i32 0, [1 x i8]* @p_str2) nounwind

ST_2: stg_29 [1/1] 1.88ns
branch0:0  switch i2 %p_026_1_3, label %branch312 [
    i2 0, label %branch09
    i2 1, label %branch110
    i2 -2, label %branch211
  ]

ST_2: stg_30 [1/1] 0.00ns
branch211:1  br label %branch08

ST_2: stg_31 [1/1] 0.00ns
branch110:1  br label %branch08

ST_2: stg_32 [1/1] 0.00ns
branch09:1  br label %branch08

ST_2: stg_33 [1/1] 0.00ns
branch312:1  br label %branch08

ST_2: stg_34 [1/1] 0.00ns
branch08:0  br label %._crit_edge54

ST_2: stg_35 [1/1] 0.00ns
._crit_edge54:0  ret void



============================================================
+ Verbose Summary: Binding
============================================================
STG Binding: 
---------------- STG Properties BEGIN ----------------
- Is combinational: 0
- Is one-state seq: 0
- Is datapath-only: 0
- Is clock enabled: 0
- Is pipelined: 1
- Is top level: 0
Port [ Return ] is wired: 1; IO mode=ap_ctrl_hs:ce=0
Port [ test_inst_V]:  wired=1; compound=0; hidden=0; nouse=0; global=0; static=0; extern=0; dir=0; type=0; pingpong=0; private_global=0; IO mode=ap_none:ce=0
Port [ train_inst_V]:  wired=1; compound=0; hidden=0; nouse=0; global=0; static=0; extern=0; dir=0; type=0; pingpong=0; private_global=0; IO mode=ap_none:ce=0
Port [ min_distances_0_V]:  wired=1; compound=0; hidden=0; nouse=0; global=0; static=0; extern=0; dir=2; type=0; pingpong=0; private_global=0; IO mode=ap_ovld:ce=0
Port [ min_distances_1_V]:  wired=1; compound=0; hidden=0; nouse=0; global=0; static=0; extern=0; dir=2; type=0; pingpong=0; private_global=0; IO mode=ap_ovld:ce=0
Port [ min_distances_2_V]:  wired=1; compound=0; hidden=0; nouse=0; global=0; static=0; extern=0; dir=2; type=0; pingpong=0; private_global=0; IO mode=ap_ovld:ce=0
Port [ min_distances_3_V]:  wired=1; compound=0; hidden=0; nouse=0; global=0; static=0; extern=0; dir=2; type=0; pingpong=0; private_global=0; IO mode=ap_ovld:ce=0
---------------- STG Properties END ------------------

---------------- Datapath Model BEGIN ----------------

<LifeTime>
<method=bitvector/>
train_inst_V_read      (read        ) [ 000]
test_inst_V_read       (read        ) [ 000]
train_inst_V_cast      (zext        ) [ 000]
r_V                    (xor         ) [ 000]
distance_V             (call        ) [ 000]
min_distances_0_V_read (read        ) [ 000]
min_distances_1_V_read (read        ) [ 000]
tmp_3_1                (icmp        ) [ 000]
p_030_1_1              (select      ) [ 000]
p_026_1_1              (zext        ) [ 000]
min_distances_2_V_read (read        ) [ 000]
tmp_3_2                (icmp        ) [ 000]
p_030_1_2              (select      ) [ 000]
min_distances_3_V_read (read        ) [ 000]
tmp_3_3                (icmp        ) [ 000]
p_026_1_2              (select      ) [ 000]
tmp_9                  (or          ) [ 000]
p_026_1_3              (select      ) [ 011]
tmp                    (mux         ) [ 000]
tmp_1                  (icmp        ) [ 011]
stg_23                 (br          ) [ 000]
stg_24                 (write       ) [ 000]
stg_25                 (write       ) [ 000]
stg_26                 (write       ) [ 000]
stg_27                 (write       ) [ 000]
stg_28                 (specpipeline) [ 000]
stg_29                 (switch      ) [ 000]
stg_30                 (br          ) [ 000]
stg_31                 (br          ) [ 000]
stg_32                 (br          ) [ 000]
stg_33                 (br          ) [ 000]
stg_34                 (br          ) [ 000]
stg_35                 (ret         ) [ 000]
</LifeTime>

<model>

<comp_list>
<comp id="0" class="1000" name="test_inst_V">
<pin_list>
<pin id="1" dir="1" index="0" bw="1" slack="0"/>
</pin_list>
<bind>
<StgValue><ssdm name="test_inst_V"/></StgValue>
</bind>
</comp>

<comp id="2" class="1000" name="train_inst_V">
<pin_list>
<pin id="3" dir="1" index="0" bw="1" slack="0"/>
</pin_list>
<bind>
<StgValue><ssdm name="train_inst_V"/></StgValue>
</bind>
</comp>

<comp id="4" class="1000" name="min_distances_0_V">
<pin_list>
<pin id="5" dir="1" index="0" bw="1" slack="0"/>
</pin_list>
<bind>
<StgValue><ssdm name="min_distances_0_V"/></StgValue>
</bind>
</comp>

<comp id="6" class="1000" name="min_distances_1_V">
<pin_list>
<pin id="7" dir="1" index="0" bw="1" slack="0"/>
</pin_list>
<bind>
<StgValue><ssdm name="min_distances_1_V"/></StgValue>
</bind>
</comp>

<comp id="8" class="1000" name="min_distances_2_V">
<pin_list>
<pin id="9" dir="1" index="0" bw="1" slack="0"/>
</pin_list>
<bind>
<StgValue><ssdm name="min_distances_2_V"/></StgValue>
</bind>
</comp>

<comp id="10" class="1000" name="min_distances_3_V">
<pin_list>
<pin id="11" dir="1" index="0" bw="1" slack="0"/>
</pin_list>
<bind>
<StgValue><ssdm name="min_distances_3_V"/></StgValue>
</bind>
</comp>

<comp id="12" class="1001" name="const_12">
<pin_list>
<pin id="13" dir="1" index="0" bw="1" slack="0"/>
</pin_list>
<bind>
<StgValue><ssdm name="_ssdm_op_Read.ap_auto.i48"/></StgValue>
</bind>
</comp>

<comp id="14" class="1001" name="const_14">
<pin_list>
<pin id="15" dir="1" index="0" bw="1" slack="0"/>
</pin_list>
<bind>
<StgValue><ssdm name="_ssdm_op_Read.ap_auto.i49"/></StgValue>
</bind>
</comp>

<comp id="16" class="1001" name="const_16">
<pin_list>
<pin id="17" dir="1" index="0" bw="1" slack="0"/>
</pin_list>
<bind>
<StgValue><ssdm name="digitrec_bitcount"/></StgValue>
</bind>
</comp>

<comp id="18" class="1001" name="const_18">
<pin_list>
<pin id="19" dir="1" index="0" bw="1" slack="0"/>
</pin_list>
<bind>
<StgValue><ssdm name="_ssdm_op_Read.ap_auto.i6P"/></StgValue>
</bind>
</comp>

<comp id="20" class="1001" name="const_20">
<pin_list>
<pin id="21" dir="1" index="0" bw="1" slack="0"/>
</pin_list>
<bind>
<StgValue><ssdm name=""/></StgValue>
</bind>
</comp>

<comp id="22" class="1001" name="const_22">
<pin_list>
<pin id="23" dir="1" index="0" bw="1" slack="0"/>
</pin_list>
<bind>
<StgValue><ssdm name=""/></StgValue>
</bind>
</comp>

<comp id="24" class="1001" name="const_24">
<pin_list>
<pin id="25" dir="1" index="0" bw="1" slack="0"/>
</pin_list>
<bind>
<StgValue><ssdm name="_ssdm_op_Mux.ap_auto.4i6.i2"/></StgValue>
</bind>
</comp>

<comp id="26" class="1001" name="const_26">
<pin_list>
<pin id="27" dir="1" index="0" bw="1" slack="0"/>
</pin_list>
<bind>
<StgValue><ssdm name="_ssdm_op_Write.ap_auto.i6P"/></StgValue>
</bind>
</comp>

<comp id="28" class="1001" name="const_28">
<pin_list>
<pin id="29" dir="1" index="0" bw="1" slack="2147483647"/>
</pin_list>
<bind>
<StgValue><ssdm name="_ssdm_op_SpecPipeline"/></StgValue>
</bind>
</comp>

<comp id="30" class="1001" name="const_30">
<pin_list>
<pin id="31" dir="1" index="0" bw="1" slack="2147483647"/>
</pin_list>
<bind>
<StgValue><ssdm name=""/></StgValue>
</bind>
</comp>

<comp id="32" class="1001" name="const_32">
<pin_list>
<pin id="33" dir="1" index="0" bw="1" slack="2147483647"/>
</pin_list>
<bind>
<StgValue><ssdm name=""/></StgValue>
</bind>
</comp>

<comp id="34" class="1001" name="const_34">
<pin_list>
<pin id="35" dir="1" index="0" bw="1" slack="2147483647"/>
</pin_list>
<bind>
<StgValue><ssdm name=""/></StgValue>
</bind>
</comp>

<comp id="36" class="1001" name="const_36">
<pin_list>
<pin id="37" dir="1" index="0" bw="1" slack="2147483647"/>
</pin_list>
<bind>
<StgValue><ssdm name="p_str2"/></StgValue>
</bind>
</comp>

<comp id="38" class="1001" name="const_38">
<pin_list>
<pin id="39" dir="1" index="0" bw="1" slack="2147483647"/>
</pin_list>
<bind>
<StgValue><ssdm name=""/></StgValue>
</bind>
</comp>

<comp id="40" class="1001" name="const_40">
<pin_list>
<pin id="41" dir="1" index="0" bw="1" slack="2147483647"/>
</pin_list>
<bind>
<StgValue><ssdm name=""/></StgValue>
</bind>
</comp>

<comp id="42" class="1004" name="train_inst_V_read_read_fu_42">
<pin_list>
<pin id="43" dir="0" index="0" bw="48" slack="0"/>
<pin id="44" dir="0" index="1" bw="48" slack="0"/>
<pin id="45" dir="1" index="2" bw="48" slack="0"/>
</pin_list>
<bind>
<opcode="read(1150) " fcode="read"/>
<opset="train_inst_V_read/1 "/>
</bind>
</comp>

<comp id="48" class="1004" name="test_inst_V_read_read_fu_48">
<pin_list>
<pin id="49" dir="0" index="0" bw="49" slack="0"/>
<pin id="50" dir="0" index="1" bw="49" slack="0"/>
<pin id="51" dir="1" index="2" bw="49" slack="0"/>
</pin_list>
<bind>
<opcode="read(1150) " fcode="read"/>
<opset="test_inst_V_read/1 "/>
</bind>
</comp>

<comp id="54" class="1004" name="min_distances_0_V_read_read_fu_54">
<pin_list>
<pin id="55" dir="0" index="0" bw="6" slack="0"/>
<pin id="56" dir="0" index="1" bw="6" slack="0"/>
<pin id="57" dir="1" index="2" bw="6" slack="0"/>
</pin_list>
<bind>
<opcode="read(1150) " fcode="read"/>
<opset="min_distances_0_V_read/1 "/>
</bind>
</comp>

<comp id="60" class="1004" name="min_distances_1_V_read_read_fu_60">
<pin_list>
<pin id="61" dir="0" index="0" bw="6" slack="0"/>
<pin id="62" dir="0" index="1" bw="6" slack="0"/>
<pin id="63" dir="1" index="2" bw="6" slack="0"/>
</pin_list>
<bind>
<opcode="read(1150) " fcode="read"/>
<opset="min_distances_1_V_read/1 "/>
</bind>
</comp>

<comp id="66" class="1004" name="min_distances_2_V_read_read_fu_66">
<pin_list>
<pin id="67" dir="0" index="0" bw="6" slack="0"/>
<pin id="68" dir="0" index="1" bw="6" slack="0"/>
<pin id="69" dir="1" index="2" bw="6" slack="0"/>
</pin_list>
<bind>
<opcode="read(1150) " fcode="read"/>
<opset="min_distances_2_V_read/1 "/>
</bind>
</comp>

<comp id="72" class="1004" name="min_distances_3_V_read_read_fu_72">
<pin_list>
<pin id="73" dir="0" index="0" bw="6" slack="0"/>
<pin id="74" dir="0" index="1" bw="6" slack="0"/>
<pin id="75" dir="1" index="2" bw="6" slack="0"/>
</pin_list>
<bind>
<opcode="read(1150) " fcode="read"/>
<opset="min_distances_3_V_read/1 "/>
</bind>
</comp>

<comp id="78" class="1004" name="stg_24_write_fu_78">
<pin_list>
<pin id="79" dir="0" index="0" bw="0" slack="0"/>
<pin id="80" dir="0" index="1" bw="6" slack="0"/>
<pin id="81" dir="0" index="2" bw="6" slack="0"/>
<pin id="82" dir="1" index="3" bw="0" slack="2147483647"/>
</pin_list>
<bind>
<opcode="write(1151) " fcode="write"/>
<opset="stg_24/1 "/>
</bind>
</comp>

<comp id="85" class="1004" name="stg_25_write_fu_85">
<pin_list>
<pin id="86" dir="0" index="0" bw="0" slack="0"/>
<pin id="87" dir="0" index="1" bw="6" slack="0"/>
<pin id="88" dir="0" index="2" bw="6" slack="0"/>
<pin id="89" dir="1" index="3" bw="0" slack="2147483647"/>
</pin_list>
<bind>
<opcode="write(1151) " fcode="write"/>
<opset="stg_25/1 "/>
</bind>
</comp>

<comp id="92" class="1004" name="stg_26_write_fu_92">
<pin_list>
<pin id="93" dir="0" index="0" bw="0" slack="0"/>
<pin id="94" dir="0" index="1" bw="6" slack="0"/>
<pin id="95" dir="0" index="2" bw="6" slack="0"/>
<pin id="96" dir="1" index="3" bw="0" slack="2147483647"/>
</pin_list>
<bind>
<opcode="write(1151) " fcode="write"/>
<opset="stg_26/1 "/>
</bind>
</comp>

<comp id="99" class="1004" name="stg_27_write_fu_99">
<pin_list>
<pin id="100" dir="0" index="0" bw="0" slack="0"/>
<pin id="101" dir="0" index="1" bw="6" slack="0"/>
<pin id="102" dir="0" index="2" bw="6" slack="0"/>
<pin id="103" dir="1" index="3" bw="0" slack="2147483647"/>
</pin_list>
<bind>
<opcode="write(1151) " fcode="write"/>
<opset="stg_27/1 "/>
</bind>
</comp>

<comp id="106" class="1004" name="distance_V_digitrec_bitcount_fu_106">
<pin_list>
<pin id="107" dir="0" index="0" bw="6" slack="0"/>
<pin id="108" dir="0" index="1" bw="49" slack="0"/>
<pin id="109" dir="1" index="2" bw="6" slack="0"/>
</pin_list>
<bind>
<opcode="call(48) " fcode="call"/>
<opset="distance_V/1 "/>
</bind>
</comp>

<comp id="115" class="1004" name="train_inst_V_cast_fu_115">
<pin_list>
<pin id="116" dir="0" index="0" bw="48" slack="0"/>
<pin id="117" dir="1" index="1" bw="49" slack="0"/>
</pin_list>
<bind>
<opcode="zext(34) " fcode="zext"/>
<opset="train_inst_V_cast/1 "/>
</bind>
</comp>

<comp id="119" class="1004" name="r_V_fu_119">
<pin_list>
<pin id="120" dir="0" index="0" bw="48" slack="0"/>
<pin id="121" dir="0" index="1" bw="49" slack="0"/>
<pin id="122" dir="1" index="2" bw="49" slack="0"/>
</pin_list>
<bind>
<opcode="xor(25) " fcode="xor"/>
<opset="r_V/1 "/>
</bind>
</comp>

<comp id="126" class="1004" name="tmp_3_1_fu_126">
<pin_list>
<pin id="127" dir="0" index="0" bw="6" slack="0"/>
<pin id="128" dir="0" index="1" bw="6" slack="0"/>
<pin id="129" dir="1" index="2" bw="1" slack="0"/>
</pin_list>
<bind>
<opcode="icmp(45) " fcode="icmp"/>
<opset="tmp_3_1/1 "/>
</bind>
</comp>

<comp id="132" class="1004" name="p_030_1_1_fu_132">
<pin_list>
<pin id="133" dir="0" index="0" bw="1" slack="0"/>
<pin id="134" dir="0" index="1" bw="6" slack="0"/>
<pin id="135" dir="0" index="2" bw="6" slack="0"/>
<pin id="136" dir="1" index="3" bw="6" slack="0"/>
</pin_list>
<bind>
<opcode="select(49) " fcode="select"/>
<opset="p_030_1_1/1 "/>
</bind>
</comp>

<comp id="140" class="1004" name="p_026_1_1_fu_140">
<pin_list>
<pin id="141" dir="0" index="0" bw="1" slack="0"/>
<pin id="142" dir="1" index="1" bw="2" slack="0"/>
</pin_list>
<bind>
<opcode="zext(34) " fcode="zext"/>
<opset="p_026_1_1/1 "/>
</bind>
</comp>

<comp id="144" class="1004" name="tmp_3_2_fu_144">
<pin_list>
<pin id="145" dir="0" index="0" bw="6" slack="0"/>
<pin id="146" dir="0" index="1" bw="6" slack="0"/>
<pin id="147" dir="1" index="2" bw="1" slack="0"/>
</pin_list>
<bind>
<opcode="icmp(45) " fcode="icmp"/>
<opset="tmp_3_2/1 "/>
</bind>
</comp>

<comp id="150" class="1004" name="p_030_1_2_fu_150">
<pin_list>
<pin id="151" dir="0" index="0" bw="1" slack="0"/>
<pin id="152" dir="0" index="1" bw="6" slack="0"/>
<pin id="153" dir="0" index="2" bw="6" slack="0"/>
<pin id="154" dir="1" index="3" bw="6" slack="0"/>
</pin_list>
<bind>
<opcode="select(49) " fcode="select"/>
<opset="p_030_1_2/1 "/>
</bind>
</comp>

<comp id="158" class="1004" name="tmp_3_3_fu_158">
<pin_list>
<pin id="159" dir="0" index="0" bw="6" slack="0"/>
<pin id="160" dir="0" index="1" bw="6" slack="0"/>
<pin id="161" dir="1" index="2" bw="1" slack="0"/>
</pin_list>
<bind>
<opcode="icmp(45) " fcode="icmp"/>
<opset="tmp_3_3/1 "/>
</bind>
</comp>

<comp id="164" class="1004" name="p_026_1_2_fu_164">
<pin_list>
<pin id="165" dir="0" index="0" bw="1" slack="0"/>
<pin id="166" dir="0" index="1" bw="1" slack="0"/>
<pin id="167" dir="0" index="2" bw="2" slack="0"/>
<pin id="168" dir="1" index="3" bw="2" slack="0"/>
</pin_list>
<bind>
<opcode="select(49) " fcode="select"/>
<opset="p_026_1_2/1 "/>
</bind>
</comp>

<comp id="172" class="1004" name="tmp_9_fu_172">
<pin_list>
<pin id="173" dir="0" index="0" bw="1" slack="0"/>
<pin id="174" dir="0" index="1" bw="1" slack="0"/>
<pin id="175" dir="1" index="2" bw="1" slack="0"/>
</pin_list>
<bind>
<opcode="or(24) " fcode="or"/>
<opset="tmp_9/1 "/>
</bind>
</comp>

<comp id="178" class="1004" name="p_026_1_3_fu_178">
<pin_list>
<pin id="179" dir="0" index="0" bw="1" slack="0"/>
<pin id="180" dir="0" index="1" bw="2" slack="0"/>
<pin id="181" dir="0" index="2" bw="1" slack="0"/>
<pin id="182" dir="1" index="3" bw="2" slack="0"/>
</pin_list>
<bind>
<opcode="select(49) " fcode="select"/>
<opset="p_026_1_3/1 "/>
</bind>
</comp>

<comp id="186" class="1004" name="tmp_fu_186">
<pin_list>
<pin id="187" dir="0" index="0" bw="6" slack="0"/>
<pin id="188" dir="0" index="1" bw="6" slack="0"/>
<pin id="189" dir="0" index="2" bw="6" slack="0"/>
<pin id="190" dir="0" index="3" bw="6" slack="0"/>
<pin id="191" dir="0" index="4" bw="6" slack="0"/>
<pin id="192" dir="0" index="5" bw="2" slack="0"/>
<pin id="193" dir="1" index="6" bw="6" slack="0"/>
</pin_list>
<bind>
<opcode="mux(1186) " fcode="mux"/>
<opset="tmp/1 "/>
</bind>
</comp>

<comp id="200" class="1004" name="tmp_1_fu_200">
<pin_list>
<pin id="201" dir="0" index="0" bw="6" slack="0"/>
<pin id="202" dir="0" index="1" bw="6" slack="0"/>
<pin id="203" dir="1" index="2" bw="1" slack="1"/>
</pin_list>
<bind>
<opcode="icmp(45) " fcode="icmp"/>
<opset="tmp_1/1 "/>
</bind>
</comp>

<comp id="206" class="1005" name="p_026_1_3_reg_206">
<pin_list>
<pin id="207" dir="0" index="0" bw="2" slack="1"/>
<pin id="208" dir="1" index="1" bw="2" slack="2147483647"/>
</pin_list>
<bind>
<opset="p_026_1_3 "/>
</bind>
</comp>

<comp id="210" class="1005" name="tmp_1_reg_210">
<pin_list>
<pin id="211" dir="0" index="0" bw="1" slack="1"/>
<pin id="212" dir="1" index="1" bw="1" slack="2147483647"/>
</pin_list>
<bind>
<opset="tmp_1 "/>
</bind>
</comp>

</comp_list>

<net_list>
<net id="46"><net_src comp="12" pin="0"/><net_sink comp="42" pin=0"/></net>

<net id="47"><net_src comp="2" pin="0"/><net_sink comp="42" pin=1"/></net>

<net id="52"><net_src comp="14" pin="0"/><net_sink comp="48" pin=0"/></net>

<net id="53"><net_src comp="0" pin="0"/><net_sink comp="48" pin=1"/></net>

<net id="58"><net_src comp="18" pin="0"/><net_sink comp="54" pin=0"/></net>

<net id="59"><net_src comp="4" pin="0"/><net_sink comp="54" pin=1"/></net>

<net id="64"><net_src comp="18" pin="0"/><net_sink comp="60" pin=0"/></net>

<net id="65"><net_src comp="6" pin="0"/><net_sink comp="60" pin=1"/></net>

<net id="70"><net_src comp="18" pin="0"/><net_sink comp="66" pin=0"/></net>

<net id="71"><net_src comp="8" pin="0"/><net_sink comp="66" pin=1"/></net>

<net id="76"><net_src comp="18" pin="0"/><net_sink comp="72" pin=0"/></net>

<net id="77"><net_src comp="10" pin="0"/><net_sink comp="72" pin=1"/></net>

<net id="83"><net_src comp="26" pin="0"/><net_sink comp="78" pin=0"/></net>

<net id="84"><net_src comp="8" pin="0"/><net_sink comp="78" pin=1"/></net>

<net id="90"><net_src comp="26" pin="0"/><net_sink comp="85" pin=0"/></net>

<net id="91"><net_src comp="6" pin="0"/><net_sink comp="85" pin=1"/></net>

<net id="97"><net_src comp="26" pin="0"/><net_sink comp="92" pin=0"/></net>

<net id="98"><net_src comp="4" pin="0"/><net_sink comp="92" pin=1"/></net>

<net id="104"><net_src comp="26" pin="0"/><net_sink comp="99" pin=0"/></net>

<net id="105"><net_src comp="10" pin="0"/><net_sink comp="99" pin=1"/></net>

<net id="110"><net_src comp="16" pin="0"/><net_sink comp="106" pin=0"/></net>

<net id="111"><net_src comp="106" pin="2"/><net_sink comp="78" pin=2"/></net>

<net id="112"><net_src comp="106" pin="2"/><net_sink comp="85" pin=2"/></net>

<net id="113"><net_src comp="106" pin="2"/><net_sink comp="92" pin=2"/></net>

<net id="114"><net_src comp="106" pin="2"/><net_sink comp="99" pin=2"/></net>

<net id="118"><net_src comp="42" pin="2"/><net_sink comp="115" pin=0"/></net>

<net id="123"><net_src comp="115" pin="1"/><net_sink comp="119" pin=0"/></net>

<net id="124"><net_src comp="48" pin="2"/><net_sink comp="119" pin=1"/></net>

<net id="125"><net_src comp="119" pin="2"/><net_sink comp="106" pin=1"/></net>

<net id="130"><net_src comp="60" pin="2"/><net_sink comp="126" pin=0"/></net>

<net id="131"><net_src comp="54" pin="2"/><net_sink comp="126" pin=1"/></net>

<net id="137"><net_src comp="126" pin="2"/><net_sink comp="132" pin=0"/></net>

<net id="138"><net_src comp="60" pin="2"/><net_sink comp="132" pin=1"/></net>

<net id="139"><net_src comp="54" pin="2"/><net_sink comp="132" pin=2"/></net>

<net id="143"><net_src comp="126" pin="2"/><net_sink comp="140" pin=0"/></net>

<net id="148"><net_src comp="66" pin="2"/><net_sink comp="144" pin=0"/></net>

<net id="149"><net_src comp="132" pin="3"/><net_sink comp="144" pin=1"/></net>

<net id="155"><net_src comp="144" pin="2"/><net_sink comp="150" pin=0"/></net>

<net id="156"><net_src comp="66" pin="2"/><net_sink comp="150" pin=1"/></net>

<net id="157"><net_src comp="132" pin="3"/><net_sink comp="150" pin=2"/></net>

<net id="162"><net_src comp="72" pin="2"/><net_sink comp="158" pin=0"/></net>

<net id="163"><net_src comp="150" pin="3"/><net_sink comp="158" pin=1"/></net>

<net id="169"><net_src comp="158" pin="2"/><net_sink comp="164" pin=0"/></net>

<net id="170"><net_src comp="20" pin="0"/><net_sink comp="164" pin=1"/></net>

<net id="171"><net_src comp="22" pin="0"/><net_sink comp="164" pin=2"/></net>

<net id="176"><net_src comp="158" pin="2"/><net_sink comp="172" pin=0"/></net>

<net id="177"><net_src comp="144" pin="2"/><net_sink comp="172" pin=1"/></net>

<net id="183"><net_src comp="172" pin="2"/><net_sink comp="178" pin=0"/></net>

<net id="184"><net_src comp="164" pin="3"/><net_sink comp="178" pin=1"/></net>

<net id="185"><net_src comp="140" pin="1"/><net_sink comp="178" pin=2"/></net>

<net id="194"><net_src comp="24" pin="0"/><net_sink comp="186" pin=0"/></net>

<net id="195"><net_src comp="54" pin="2"/><net_sink comp="186" pin=1"/></net>

<net id="196"><net_src comp="60" pin="2"/><net_sink comp="186" pin=2"/></net>

<net id="197"><net_src comp="66" pin="2"/><net_sink comp="186" pin=3"/></net>

<net id="198"><net_src comp="72" pin="2"/><net_sink comp="186" pin=4"/></net>

<net id="199"><net_src comp="178" pin="3"/><net_sink comp="186" pin=5"/></net>

<net id="204"><net_src comp="106" pin="2"/><net_sink comp="200" pin=0"/></net>

<net id="205"><net_src comp="186" pin="6"/><net_sink comp="200" pin=1"/></net>

<net id="209"><net_src comp="178" pin="3"/><net_sink comp="206" pin=0"/></net>

<net id="213"><net_src comp="200" pin="2"/><net_sink comp="210" pin=0"/></net>

</net_list>

</model> 
---------------- Datapath Model END ------------------

* FSMD analyzer results:
  - Output states:
	Port: min_distances_0_V | {1 }
	Port: min_distances_1_V | {1 }
	Port: min_distances_2_V | {1 }
	Port: min_distances_3_V | {1 }
 - Input state : 
	Port: digitrec_update_knn : test_inst_V | {1 }
	Port: digitrec_update_knn : train_inst_V | {1 }
	Port: digitrec_update_knn : min_distances_0_V | {1 }
	Port: digitrec_update_knn : min_distances_1_V | {1 }
	Port: digitrec_update_knn : min_distances_2_V | {1 }
	Port: digitrec_update_knn : min_distances_3_V | {1 }
  - Chain level:
	State 1
		r_V : 1
		distance_V : 1
		p_030_1_1 : 1
		p_026_1_1 : 1
		tmp_3_2 : 2
		p_030_1_2 : 3
		tmp_3_3 : 4
		p_026_1_2 : 5
		tmp_9 : 5
		p_026_1_3 : 5
		tmp : 6
		tmp_1 : 7
		stg_23 : 8
		stg_24 : 2
		stg_25 : 2
		stg_26 : 2
		stg_27 : 2
	State 2


============================================================
+ Verbose Summary: Datapath Resource usage 
============================================================

* Functional unit list:
|----------|-------------------------------------|---------|---------|
| Operation|           Functional Unit           |    FF   |   LUT   |
|----------|-------------------------------------|---------|---------|
|   call   | distance_V_digitrec_bitcount_fu_106 |    0    |    89   |
|----------|-------------------------------------|---------|---------|
|    xor   |              r_V_fu_119             |    0    |    67   |
|----------|-------------------------------------|---------|---------|
|          |           p_030_1_1_fu_132          |    0    |    6    |
|  select  |           p_030_1_2_fu_150          |    0    |    6    |
|          |           p_026_1_2_fu_164          |    0    |    2    |
|          |           p_026_1_3_fu_178          |    0    |    2    |
|----------|-------------------------------------|---------|---------|
|          |            tmp_3_1_fu_126           |    0    |    3    |
|   icmp   |            tmp_3_2_fu_144           |    0    |    3    |
|          |            tmp_3_3_fu_158           |    0    |    3    |
|          |             tmp_1_fu_200            |    0    |    3    |
|----------|-------------------------------------|---------|---------|
|    mux   |              tmp_fu_186             |    0    |    6    |
|----------|-------------------------------------|---------|---------|
|    or    |             tmp_9_fu_172            |    0    |    1    |
|----------|-------------------------------------|---------|---------|
|          |     train_inst_V_read_read_fu_42    |    0    |    0    |
|          |     test_inst_V_read_read_fu_48     |    0    |    0    |
|   read   |  min_distances_0_V_read_read_fu_54  |    0    |    0    |
|          |  min_distances_1_V_read_read_fu_60  |    0    |    0    |
|          |  min_distances_2_V_read_read_fu_66  |    0    |    0    |
|          |  min_distances_3_V_read_read_fu_72  |    0    |    0    |
|----------|-------------------------------------|---------|---------|
|          |          stg_24_write_fu_78         |    0    |    0    |
|   write  |          stg_25_write_fu_85         |    0    |    0    |
|          |          stg_26_write_fu_92         |    0    |    0    |
|          |          stg_27_write_fu_99         |    0    |    0    |
|----------|-------------------------------------|---------|---------|
|   zext   |       train_inst_V_cast_fu_115      |    0    |    0    |
|          |           p_026_1_1_fu_140          |    0    |    0    |
|----------|-------------------------------------|---------|---------|
|   Total  |                                     |    0    |   191   |
|----------|-------------------------------------|---------|---------|

Memories:
N/A

* Register list:
+-----------------+--------+
|                 |   FF   |
+-----------------+--------+
|p_026_1_3_reg_206|    2   |
|  tmp_1_reg_210  |    1   |
+-----------------+--------+
|      Total      |    3   |
+-----------------+--------+

* Multiplexer (MUX) list: 
|--------|------|------|------|--------|
|  Comp  |  Pin | Size |  BW  | S x BW |
|--------|------|------|------|--------|
|  Total |      |      |      |    0   |
|--------|------|------|------|--------|



* Summary:
+-----------+--------+--------+
|           |   FF   |   LUT  |
+-----------+--------+--------+
|  Function |    0   |   191  |
|   Memory  |    -   |    -   |
|Multiplexer|    -   |    -   |
|  Register |    3   |    -   |
+-----------+--------+--------+
|   Total   |    3   |   191  |
+-----------+--------+--------+
